#-----------------------------------------------------------
# Webtalk v2017.4 (64-bit)
# SW Build 2086221 on Fri Dec 15 20:54:30 MST 2017
# 
# Start of session at: Tue May  1 19:50:30 2018
# Process ID: 507
# Current directory: /home/giorgio/workspace/jpeg-rs-clean/sys/sdk_acp/webtalk
# Command line: wbtcv -mode batch -source sdk_webtalk.tcl
# Log file: /home/giorgio/workspace/jpeg-rs-clean/sys/sdk_acp/webtalk/webtalk.log
# Journal file: /home/giorgio/workspace/jpeg-rs-clean/sys/sdk_acp/webtalk/webtalk.jou
#-----------------------------------------------------------
source sdk_webtalk.tcl
# webtalk_init -webtalk_dir /home/giorgio/workspace/jpeg-rs-clean/sys/sdk_acp/webtalk
# webtalk_register_client -client project
# webtalk_add_data -client project -key date_generated -value "2018-05-01 19:50:29" -context "software_version_and_target_device"
# webtalk_add_data -client project -key product_version -value "SDK v2017.4" -context "software_version_and_target_device"
# webtalk_add_data -client project -key build_version -value "2017.4" -context "software_version_and_target_device"
# webtalk_add_data -client project -key os_platform -value "amd64" -context "software_version_and_target_device"
# webtalk_add_data -client project -key registration_id -value "210869873_1777498833_210658258_364" -context "software_version_and_target_device"
# webtalk_add_data -client project -key tool_flow -value "SDK" -context "software_version_and_target_device"
# webtalk_add_data -client project -key beta -value "false" -context "software_version_and_target_device"
# webtalk_add_data -client project -key route_design -value "NA" -context "software_version_and_target_device"
# webtalk_add_data -client project -key target_family -value "NA" -context "software_version_and_target_device"
# webtalk_add_data -client project -key target_device -value "NA" -context "software_version_and_target_device"
# webtalk_add_data -client project -key target_package -value "NA" -context "software_version_and_target_device"
# webtalk_add_data -client project -key target_speed -value "NA" -context "software_version_and_target_device"
# webtalk_add_data -client project -key random_id -value "mgvetuhaelru77p6k60l5udiiv" -context "software_version_and_target_device"
# webtalk_add_data -client project -key project_id -value "2017.4_43" -context "software_version_and_target_device"
# webtalk_add_data -client project -key project_iteration -value "43" -context "software_version_and_target_device"
# webtalk_add_data -client project -key os_name -value "CentOS" -context "user_environment"
# webtalk_add_data -client project -key os_release -value "CentOS Linux release 7.3.1611 (Core)" -context "user_environment"
# webtalk_add_data -client project -key cpu_name -value "Intel(R) Core(TM) i7-3770 CPU @ 3.40GHz" -context "user_environment"
# webtalk_add_data -client project -key cpu_speed -value "2534.195 MHz" -context "user_environment"
# webtalk_add_data -client project -key total_processors -value "1" -context "user_environment"
# webtalk_add_data -client project -key system_ram -value "20.684 GB" -context "user_environment"
# webtalk_register_client -client sdk
# webtalk_add_data -client sdk -key uid -value "1525217454000" -context "sdk\\\\hardware/1525217454000"
# webtalk_add_data -client sdk -key isZynq -value "false" -context "sdk\\\\hardware/1525217454000"
# webtalk_add_data -client sdk -key isZynqMP -value "true" -context "sdk\\\\hardware/1525217454000"
# webtalk_add_data -client sdk -key Processors -value "7" -context "sdk\\\\hardware/1525217454000"
# webtalk_add_data -client sdk -key VivadoVersion -value "2017.4" -context "sdk\\\\hardware/1525217454000"
# webtalk_add_data -client sdk -key Arch -value "zynquplus" -context "sdk\\\\hardware/1525217454000"
# webtalk_add_data -client sdk -key Device -value "xczu9eg" -context "sdk\\\\hardware/1525217454000"
# webtalk_add_data -client sdk -key IsHandoff -value "true" -context "sdk\\\\hardware/1525217454000"
# webtalk_add_data -client sdk -key os -value "NA" -context "sdk\\\\hardware/1525217454000"
# webtalk_add_data -client sdk -key apptemplate -value "NA" -context "sdk\\\\hardware/1525217454000"
# webtalk_add_data -client sdk -key RecordType -value "HWCreation" -context "sdk\\\\hardware/1525217454000"
# webtalk_add_data -client sdk -key uid -value "1525218056000" -context "sdk\\\\bsp/1525218056000"
# webtalk_add_data -client sdk -key hwid -value "1525217454000" -context "sdk\\\\bsp/1525218056000"
# webtalk_add_data -client sdk -key os -value "standalone" -context "sdk\\\\bsp/1525218056000"
# webtalk_add_data -client sdk -key apptemplate -value "empty_application" -context "sdk\\\\bsp/1525218056000"
# webtalk_add_data -client sdk -key RecordType -value "BSPCreation" -context "sdk\\\\bsp/1525218056000"
# webtalk_add_data -client sdk -key uid -value "1525218059000" -context "sdk\\\\application/1525218059000"
# webtalk_add_data -client sdk -key hwid -value "1525217454000" -context "sdk\\\\application/1525218059000"
# webtalk_add_data -client sdk -key bspid -value "1525218056000" -context "sdk\\\\application/1525218059000"
# webtalk_add_data -client sdk -key newbsp -value "true" -context "sdk\\\\application/1525218059000"
# webtalk_add_data -client sdk -key os -value "standalone" -context "sdk\\\\application/1525218059000"
# webtalk_add_data -client sdk -key apptemplate -value "empty_application" -context "sdk\\\\application/1525218059000"
# webtalk_add_data -client sdk -key RecordType -value "APPCreation" -context "sdk\\\\application/1525218059000"
# webtalk_add_data -client sdk -key LangUsed -value "C" -context "sdk\\\\application/1525218059000"
# webtalk_add_data -client sdk -key Procused -value "psu_cortexa53" -context "sdk\\\\application/1525218059000"
# webtalk_add_data -client sdk -key projSize -value "787.6640625" -context "sdk\\\\application/1525218059000"
# webtalk_add_data -client sdk -key uid -value "NA" -context "sdk\\\\bsp/1525218629308"
# webtalk_add_data -client sdk -key RecordType -value "ToolUsage" -context "sdk\\\\bsp/1525218629308"
# webtalk_add_data -client sdk -key BootgenCount -value "0" -context "sdk\\\\bsp/1525218629308"
# webtalk_add_data -client sdk -key DebugCount -value "3" -context "sdk\\\\bsp/1525218629308"
# webtalk_add_data -client sdk -key PerfCount -value "0" -context "sdk\\\\bsp/1525218629308"
# webtalk_add_data -client sdk -key FlashCount -value "0" -context "sdk\\\\bsp/1525218629308"
# webtalk_add_data -client sdk -key CrossTriggCount -value "0" -context "sdk\\\\bsp/1525218629308"
# webtalk_add_data -client sdk -key QemuDebugCount -value "0" -context "sdk\\\\bsp/1525218629308"
# webtalk_transmit -clientid 2280622058 -regid "210869873_1777498833_210658258_364" -xml /home/giorgio/workspace/jpeg-rs-clean/sys/sdk_acp/webtalk/usage_statistics_ext_sdk.xml -html /home/giorgio/workspace/jpeg-rs-clean/sys/sdk_acp/webtalk/usage_statistics_ext_sdk.html -wdm /home/giorgio/workspace/jpeg-rs-clean/sys/sdk_acp/webtalk/sdk_webtalk.wdm -intro "<H3>SDK Usage Report</H3><BR>"
INFO: [Common 17-186] '/home/giorgio/workspace/jpeg-rs-clean/sys/sdk_acp/webtalk/usage_statistics_ext_sdk.xml' has been successfully sent to Xilinx on Tue May  1 19:50:31 2018. For additional details about this file, please refer to the WebTalk help file at /home/tools/Xilinx/SDK/2017.4/doc/webtalk_introduction.html.
# webtalk_terminate
INFO: [Common 17-206] Exiting Webtalk at Tue May  1 19:50:31 2018...
