INFO: [SIM 2] *************** CSIM start ***************
INFO: [SIM 4] CSIM will launch GCC as the compiler.
   Compiling(apcc) ../../../../../tb/huffman.c in debug mode
INFO: [HLS 200-10] Running '/home/tools/Xilinx/Vivado/2017.4/bin/unwrapped/lnx64.o/apcc'
INFO: [HLS 200-10] For user 'giorgio' on host 'legolas.cs.columbia.edu' (Linux_x86_64 version 3.10.0-514.el7.x86_64) on Fri May 11 18:56:38 EDT 2018
INFO: [HLS 200-10] On os "CentOS Linux release 7.3.1611 (Core) "
INFO: [HLS 200-10] In directory '/home/giorgio/workspace/jpeg-rs-clean/syn/IQuantize/OPT/csim/build'
INFO: [APCC 202-3] Tmp directory is /tmp/apcc_db_giorgio/60091526079398105056
INFO: [APCC 202-1] APCC is done.
   Compiling(apcc) ../../../../../tb/init.c in debug mode
INFO: [HLS 200-10] Running '/home/tools/Xilinx/Vivado/2017.4/bin/unwrapped/lnx64.o/apcc'
INFO: [HLS 200-10] For user 'giorgio' on host 'legolas.cs.columbia.edu' (Linux_x86_64 version 3.10.0-514.el7.x86_64) on Fri May 11 18:56:41 EDT 2018
INFO: [HLS 200-10] On os "CentOS Linux release 7.3.1611 (Core) "
INFO: [HLS 200-10] In directory '/home/giorgio/workspace/jpeg-rs-clean/syn/IQuantize/OPT/csim/build'
INFO: [APCC 202-3] Tmp directory is /tmp/apcc_db_giorgio/60961526079401585990
INFO: [APCC 202-1] APCC is done.
   Compiling(apcc) ../../../../../tb/jfif_read.c in debug mode
INFO: [HLS 200-10] Running '/home/tools/Xilinx/Vivado/2017.4/bin/unwrapped/lnx64.o/apcc'
INFO: [HLS 200-10] For user 'giorgio' on host 'legolas.cs.columbia.edu' (Linux_x86_64 version 3.10.0-514.el7.x86_64) on Fri May 11 18:56:44 EDT 2018
INFO: [HLS 200-10] On os "CentOS Linux release 7.3.1611 (Core) "
INFO: [HLS 200-10] In directory '/home/giorgio/workspace/jpeg-rs-clean/syn/IQuantize/OPT/csim/build'
INFO: [APCC 202-3] Tmp directory is /tmp/apcc_db_giorgio/61791526079404993331
INFO: [APCC 202-1] APCC is done.
   Compiling(apcc) ../../../../../tb/jpeg2bmp.c in debug mode
INFO: [HLS 200-10] Running '/home/tools/Xilinx/Vivado/2017.4/bin/unwrapped/lnx64.o/apcc'
INFO: [HLS 200-10] For user 'giorgio' on host 'legolas.cs.columbia.edu' (Linux_x86_64 version 3.10.0-514.el7.x86_64) on Fri May 11 18:56:48 EDT 2018
INFO: [HLS 200-10] On os "CentOS Linux release 7.3.1611 (Core) "
INFO: [HLS 200-10] In directory '/home/giorgio/workspace/jpeg-rs-clean/syn/IQuantize/OPT/csim/build'
INFO: [APCC 202-3] Tmp directory is /tmp/apcc_db_giorgio/62641526079408315584
INFO: [APCC 202-1] APCC is done.
   Compiling(apcc) ../../../../../tb/main.c in debug mode
INFO: [HLS 200-10] Running '/home/tools/Xilinx/Vivado/2017.4/bin/unwrapped/lnx64.o/apcc'
INFO: [HLS 200-10] For user 'giorgio' on host 'legolas.cs.columbia.edu' (Linux_x86_64 version 3.10.0-514.el7.x86_64) on Fri May 11 18:56:51 EDT 2018
INFO: [HLS 200-10] On os "CentOS Linux release 7.3.1611 (Core) "
INFO: [HLS 200-10] In directory '/home/giorgio/workspace/jpeg-rs-clean/syn/IQuantize/OPT/csim/build'
INFO: [APCC 202-3] Tmp directory is /tmp/apcc_db_giorgio/63501526079411668098
INFO: [APCC 202-1] APCC is done.
   Compiling(apcc) ../../../../../tb/marker.c in debug mode
INFO: [HLS 200-10] Running '/home/tools/Xilinx/Vivado/2017.4/bin/unwrapped/lnx64.o/apcc'
INFO: [HLS 200-10] For user 'giorgio' on host 'legolas.cs.columbia.edu' (Linux_x86_64 version 3.10.0-514.el7.x86_64) on Fri May 11 18:56:54 EDT 2018
INFO: [HLS 200-10] On os "CentOS Linux release 7.3.1611 (Core) "
INFO: [HLS 200-10] In directory '/home/giorgio/workspace/jpeg-rs-clean/syn/IQuantize/OPT/csim/build'
INFO: [APCC 202-3] Tmp directory is /tmp/apcc_db_giorgio/64361526079415027450
INFO: [APCC 202-1] APCC is done.
   Compiling(apcc) ../../../../../src/chenidct.c in debug mode
INFO: [HLS 200-10] Running '/home/tools/Xilinx/Vivado/2017.4/bin/unwrapped/lnx64.o/apcc'
INFO: [HLS 200-10] For user 'giorgio' on host 'legolas.cs.columbia.edu' (Linux_x86_64 version 3.10.0-514.el7.x86_64) on Fri May 11 18:56:58 EDT 2018
INFO: [HLS 200-10] On os "CentOS Linux release 7.3.1611 (Core) "
INFO: [HLS 200-10] In directory '/home/giorgio/workspace/jpeg-rs-clean/syn/IQuantize/OPT/csim/build'
../../../../../src/chenidct.c:82:9: warning: implicitly declaring library function 'memcpy' with type 'void *(void *, const void *, unsigned long)'
        memcpy(inp1_buf, y + offset, CHUNK_SIZE * sizeof(int));
        ^
../../../../../src/chenidct.c:82:9: note: please include the header <string.h> or explicitly provide a declaration for 'memcpy'
1 warning generated.
../../../../../src/chenidct.c:82:9: warning: implicitly declaring library function 'memcpy' with type 'void *(void *, const void *, unsigned long)'
        memcpy(inp1_buf, y + offset, CHUNK_SIZE * sizeof(int));
        ^
../../../../../src/chenidct.c:82:9: note: please include the header <string.h> or explicitly provide a declaration for 'memcpy'
1 warning generated.
INFO: [APCC 202-3] Tmp directory is /tmp/apcc_db_giorgio/65281526079418632651
INFO: [APCC 202-1] APCC is done.
   Compiling(apcc) ../../../../../src/decode.c in debug mode
INFO: [HLS 200-10] Running '/home/tools/Xilinx/Vivado/2017.4/bin/unwrapped/lnx64.o/apcc'
INFO: [HLS 200-10] For user 'giorgio' on host 'legolas.cs.columbia.edu' (Linux_x86_64 version 3.10.0-514.el7.x86_64) on Fri May 11 18:57:02 EDT 2018
INFO: [HLS 200-10] On os "CentOS Linux release 7.3.1611 (Core) "
INFO: [HLS 200-10] In directory '/home/giorgio/workspace/jpeg-rs-clean/syn/IQuantize/OPT/csim/build'
INFO: [APCC 202-3] Tmp directory is /tmp/apcc_db_giorgio/66121526079422279375
INFO: [APCC 202-1] APCC is done.
   Generating csim.exe

marker = 0xd8

marker = 0xe0

marker = 0xdb
 length = 65
 prec = 0
 num  = 0

marker = 0xdb
 length = 65
 prec = 0
 num  = 1

marker = 0xc0
length         = 17
data_precision = 8
image_height   = 59
image_width    = 90
num_components = 3
 index         = 0
 id            = 1
 h_samp_factor = 2
 v_samp_factor = 2
 quant_tbl_no  = 0

 index         = 1
 id            = 2
 h_samp_factor = 1
 v_samp_factor = 1
 quant_tbl_no  = 1

 index         = 2
 id            = 3
 h_samp_factor = 1
 v_samp_factor = 1
 quant_tbl_no  = 1


Sampling Factor is 4:1:1

marker = 0xc4
 length = 29
 index = 0x0
 count = 12

marker = 0xc4
 length = 179
 index = 0x10
 count = 162

marker = 0xc4
 length = 29
 index = 0x1
 count = 12

marker = 0xc4
 length = 179
 index = 0x11
 count = 162

marker = 0xda
 length = 12
 num_comp = 3
 comp_id       = 1
 dc_tbl_no     = 0
 ac_tbl_no     = 0
 comp_id       = 2
 dc_tbl_no     = 1
 ac_tbl_no     = 1
 comp_id       = 3
 dc_tbl_no     = 1
 ac_tbl_no     = 1
Decode 4:1:1 NumMCU = 96
0
INFO: [SIM 1] CSim done with 0 errors.
INFO: [SIM 3] *************** CSIM finish ***************
