INFO: [HLS 200-0] Workspace /home/giorgio/workspace/jpeg-rs-clean/syn/ChenIDCT_reg_1/OPT opened at Thu May 17 17:48:08 EDT 2018
Execute     config_clock -quiet -name default -period 3 -default=false 
INFO: [SYN 201-201] Setting up clock 'default' with a period of 3ns.
Command     config_clock returned 0; 0 sec.
Execute     open_platform DefaultPlatform 
Command     open_platform returned 0; 0 sec.
Execute     import_lib /home/tools/Xilinx/Vivado/2017.4/common/technology/xilinx/zynquplus/zynquplus 
Execute       source /home/tools/Xilinx/Vivado/2017.4/common/technology/xilinx/common/xilinx.lib 
Execute         source /home/tools/Xilinx/Vivado/2017.4/common/technology/xilinx/interface/xilinx_interface.lib 
Execute           source /home/tools/Xilinx/Vivado/2017.4/common/technology/xilinx/interface/plb46.lib 
Command           ap_source returned 0; 0 sec.
Execute           source /home/tools/Xilinx/Vivado/2017.4/common/technology/xilinx/interface/fsl.lib 
Command           ap_source returned 0; 0 sec.
Execute           source /home/tools/Xilinx/Vivado/2017.4/common/technology/xilinx/interface/axi4.lib 
Command           ap_source returned 0; 0 sec.
Execute           source /home/tools/Xilinx/Vivado/2017.4/common/technology/xilinx/interface/maxi.lib 
Command           ap_source returned 0; 0 sec.
Execute           source /home/tools/Xilinx/Vivado/2017.4/common/technology/xilinx/interface/saxilite.lib 
Command           ap_source returned 0; 0 sec.
Command         ap_source returned 0; 0 sec.
Execute         source /home/tools/Xilinx/Vivado/2017.4/common/technology/xilinx/common/dsp48.lib 
Command         ap_source returned 0; 0 sec.
Execute         source /home/tools/Xilinx/Vivado/2017.4/common/technology/xilinx/ip/dds_compiler.lib 
Command         ap_source returned 0; 0 sec.
Execute         source /home/tools/Xilinx/Vivado/2017.4/common/technology/xilinx/ip/xfft.lib 
Command         ap_source returned 0; 0 sec.
Execute         source /home/tools/Xilinx/Vivado/2017.4/common/technology/xilinx/ip/xfir.lib 
Command         ap_source returned 0; 0 sec.
Command       ap_source returned 0; 0.01 sec.
Execute       source /home/tools/Xilinx/Vivado/2017.4/common/technology/xilinx/common/xilinx_old.lib 
Command       ap_source returned 0; 0 sec.
Execute       source /home/tools/Xilinx/Vivado/2017.4/common/technology/xilinx/common/xilinx_vivado.lib 
Command       ap_source returned 0; 0 sec.
Execute       source /home/tools/Xilinx/Vivado/2017.4/common/technology/xilinx/common/xilinx.hlp 
Execute         source /home/tools/Xilinx/Vivado/2017.4/common/technology/xilinx/common/target_info.tcl 
Command         ap_source returned 0; 0 sec.
Execute         source /home/tools/Xilinx/Vivado/2017.4/common/technology/xilinx/interface/xilinx_interface.hlp 
Execute           source /home/tools/Xilinx/Vivado/2017.4/common/technology/xilinx/interface/maxi.hlp 
Command           ap_source returned 0; 0 sec.
Execute           source /home/tools/Xilinx/Vivado/2017.4/common/technology/xilinx/interface/saxilite.hlp 
Command           ap_source returned 0; 0 sec.
Command         ap_source returned 0; 0 sec.
Execute         source /home/tools/Xilinx/Vivado/2017.4/common/technology/xilinx/common/dsp48.hlp 
Command         ap_source returned 0; 0 sec.
Command       ap_source returned 0; 0.01 sec.
Execute       source /home/tools/Xilinx/Vivado/2017.4/common/technology/xilinx/zynquplus/dsp48e2.hlp 
Command       ap_source returned 0; 0 sec.
Execute       get_default_platform 
Command       get_default_platform returned 0; 0 sec.
Execute       config_chip_info -quiet -resource  {SLICE 34260} {LUT 274080}   {FF 548160}  {DSP48E 2520}  {BRAM 1824} {URAM 0}  
Command       config_chip_info returned 0; 0 sec.
Execute       config_chip_info -quiet -speed medium 
Command       config_chip_info returned 0; 0 sec.
Execute       source /home/tools/Xilinx/Vivado/2017.4/common/technology/xilinx/common/xilinx.hlp 
Execute         source /home/tools/Xilinx/Vivado/2017.4/common/technology/xilinx/common/target_info.tcl 
Command         ap_source returned 0; 0 sec.
Execute         source /home/tools/Xilinx/Vivado/2017.4/common/technology/xilinx/interface/xilinx_interface.hlp 
Execute           source /home/tools/Xilinx/Vivado/2017.4/common/technology/xilinx/interface/maxi.hlp 
Command           ap_source returned 0; 0 sec.
Execute           source /home/tools/Xilinx/Vivado/2017.4/common/technology/xilinx/interface/saxilite.hlp 
Command           ap_source returned 0; 0 sec.
Command         ap_source returned 0; 0 sec.
Execute         source /home/tools/Xilinx/Vivado/2017.4/common/technology/xilinx/common/dsp48.hlp 
Command         ap_source returned 0; 0 sec.
Command       ap_source returned 0; 0 sec.
Command     import_lib returned 0; 0.02 sec.
Execute     source /home/tools/Xilinx/Vivado/2017.4/common/technology/xilinx/zynquplus/zynquplus.gen 
Execute       source /home/tools/Xilinx/Vivado/2017.4/common/technology/xilinx/common/virtex.gen 
Execute         source /home/tools/Xilinx/Vivado/2017.4/common/technology/xilinx/common/xilinx.gen 
Execute           source /home/tools/Xilinx/Vivado/2017.4/common/technology/xilinx/interface/plb46.gen 
Command           ap_source returned 0; 0.01 sec.
Execute           source /home/tools/Xilinx/Vivado/2017.4/common/technology/xilinx/interface/fsl.gen 
Command           ap_source returned 0; 0 sec.
Execute           source /home/tools/Xilinx/Vivado/2017.4/common/technology/xilinx/interface/axi4.gen 
Command           ap_source returned 0; 0 sec.
Execute           source /home/tools/Xilinx/Vivado/2017.4/common/technology/xilinx/interface/nativeAXI4.gen 
Execute             source /home/tools/Xilinx/Vivado/2017.4/common/technology/xilinx/interface/saxilite.gen 
Command             ap_source returned 0; 0 sec.
Execute             source /home/tools/Xilinx/Vivado/2017.4/common/technology/xilinx/interface/maxi.gen 
Command             ap_source returned 0; 0.01 sec.
Command           ap_source returned 0; 0.01 sec.
Execute           source /home/tools/Xilinx/Vivado/2017.4/common/technology/xilinx/scripts/xilinxcoregen.gen 
Command           ap_source returned 0; 0.01 sec.
Execute           source /home/tools/Xilinx/Vivado/2017.4/common/technology/xilinx/interface/XilEDKCoreGen.gen 
Command           ap_source returned 0; 0.01 sec.
Execute           source /home/tools/Xilinx/Vivado/2017.4/common/technology/xilinx/ip/dds_compiler.gen 
Command           ap_source returned 0; 0.01 sec.
Execute           source /home/tools/Xilinx/Vivado/2017.4/common/technology/xilinx/ip/util.gen 
Command           ap_source returned 0; 0 sec.
Execute           source /home/tools/Xilinx/Vivado/2017.4/common/technology/xilinx/ip/xfft.gen 
Command           ap_source returned 0; 0.13 sec.
Execute           source /home/tools/Xilinx/Vivado/2017.4/common/technology/xilinx/ip/xfir.gen 
Command           ap_source returned 0; 0 sec.
Command         ap_source returned 0; 0.18 sec.
Execute         source /home/tools/Xilinx/Vivado/2017.4/common/technology/xilinx/common/dsp48.gen 
Command         ap_source returned 0; 0 sec.
Command       ap_source returned 0; 0.18 sec.
Command     ap_source returned 0; 0.18 sec.
Execute     open_platform DefaultPlatform 
Command     open_platform returned 0; 0 sec.
Execute     import_lib /home/tools/Xilinx/Vivado/2017.4/common/technology/xilinx/zynquplus/zynquplus_fpv7 
Execute       source /home/tools/Xilinx/Vivado/2017.4/common/technology/xilinx/common/xilinx_fpv7.lib 
Execute         source /home/tools/Xilinx/Vivado/2017.4/common/technology/xilinx/common/xilinx_hp.lib 
Command         ap_source returned 0; 0 sec.
Command       ap_source returned 0; 0.01 sec.
Execute       source /home/tools/Xilinx/Vivado/2017.4/common/technology/xilinx/common/xilinx_fpv.hlp 
Execute         source /home/tools/Xilinx/Vivado/2017.4/common/technology/xilinx/common/xilinx.hlp 
Execute           source /home/tools/Xilinx/Vivado/2017.4/common/technology/xilinx/common/target_info.tcl 
Command           ap_source returned 0; 0 sec.
Execute           source /home/tools/Xilinx/Vivado/2017.4/common/technology/xilinx/interface/xilinx_interface.hlp 
Execute             source /home/tools/Xilinx/Vivado/2017.4/common/technology/xilinx/interface/maxi.hlp 
Command             ap_source returned 0; 0 sec.
Execute             source /home/tools/Xilinx/Vivado/2017.4/common/technology/xilinx/interface/saxilite.hlp 
Command             ap_source returned 0; 0 sec.
Command           ap_source returned 0; 0 sec.
Execute           source /home/tools/Xilinx/Vivado/2017.4/common/technology/xilinx/common/dsp48.hlp 
Command           ap_source returned 0; 0 sec.
Command         ap_source returned 0; 0 sec.
Command       ap_source returned 0; 0 sec.
Execute       source /home/tools/Xilinx/Vivado/2017.4/common/technology/xilinx/zynquplus/zynquplus_hp.hlp 
Command       ap_source returned 0; 0 sec.
Command     import_lib returned 0; 0.03 sec.
Execute     source /home/tools/Xilinx/Vivado/2017.4/common/technology/xilinx/zynquplus/zynquplus_fpv7.gen 
Execute       source /home/tools/Xilinx/Vivado/2017.4/common/technology/xilinx/common/xilinx_fpv6.gen 
Command       ap_source returned 0; 0 sec.
Command     ap_source returned 0; 0 sec.
Execute     set_part xczu9eg-ffvb1156-2-i 
Execute       add_library xilinx/zynquplus/zynquplus:xczu9eg:-ffvb1156:-2-i 
Execute         get_default_platform 
Command         get_default_platform returned 0; 0 sec.
Execute         license_isbetapart xczu9eg 
Command         license_isbetapart returned 1; 0.01 sec.
Execute         get_default_platform 
Command         get_default_platform returned 0; 0 sec.
Execute         config_chip_info -quiet -resource  {SLICE 34260} {LUT 274080}   {FF 548160}  {DSP48E 2520}  {BRAM 1824} {URAM 0}  
Command         config_chip_info returned 0; 0 sec.
Execute         config_chip_info -quiet -speed medium 
Command         config_chip_info returned 0; 0 sec.
Command       add_library returned 0; 0.02 sec.
Execute       add_library xilinx/zynquplus/zynquplus_fpv7 
Execute         get_default_platform 
Command         get_default_platform returned 0; 0 sec.
Command       add_library returned 0; 0 sec.
INFO: [HLS 200-10] Setting target device to 'xczu9eg-ffvb1156-2-i'
Execute       get_default_platform 
Command       get_default_platform returned 0; 0 sec.
Command     set_part returned 0; 0.09 sec.
Execute     get_default_platform 
Command     get_default_platform returned 0; 0 sec.
Execute     config_chip_info -quiet -resource  {SLICE 34260} {LUT 274080}   {FF 548160}  {DSP48E 2520}  {BRAM 1824} {URAM 0}  
Command     config_chip_info returned 0; 0 sec.
Execute     config_chip_info -quiet -speed medium 
Command     config_chip_info returned 0; 0 sec.
Execute     config_interface -clock_enable=false -expose_global=false -m_axi_addr64=1 -m_axi_offset=off -register_io=off -trim_dangling_port=0 
Command     config_interface returned 0; 0 sec.
Command   open_solution returned 0; 0.33 sec.
Execute   export_design -rtl verilog -format ip_catalog 
Execute     source /home/giorgio/workspace/jpeg-rs-clean/syn/ChenIDCT_reg_1/OPT/.autopilot/db/global.setting.tcl 
Command     ap_source returned 0; 0 sec.
Execute     source /home/tools/Xilinx/Vivado/2017.4/common/technology/generic/autopilot/common.gen 
Execute       source /home/tools/Xilinx/Vivado/2017.4/common/technology/generic/autopilot/APCoreGen.gen 
Command       ap_source returned 0; 0 sec.
Command     ap_source returned 0; 0 sec.
Execute     source /home/tools/Xilinx/Vivado/2017.4/common/technology/generic/autopilot/op.gen 
Command     ap_source returned 0; 0 sec.
Execute     source /home/tools/Xilinx/Vivado/2017.4/common/technology/generic/autopilot/op_simcore.gen 
Command     ap_source returned 0; 0 sec.
Execute     source /home/tools/Xilinx/Vivado/2017.4/common/technology/generic/autopilot/interface.gen 
Command     ap_source returned 0; 0 sec.
Execute     source /home/giorgio/workspace/jpeg-rs-clean/syn/ChenIDCT_reg_1/OPT/.autopilot/db/global.setting.tcl 
Command     ap_source returned 0; 0 sec.
Execute     source /home/tools/Xilinx/Vivado/2017.4/common/technology/xilinx/zynquplus/zynquplus.gen 
Execute       source /home/tools/Xilinx/Vivado/2017.4/common/technology/xilinx/common/virtex.gen 
Execute         source /home/tools/Xilinx/Vivado/2017.4/common/technology/xilinx/common/xilinx.gen 
Execute           source /home/tools/Xilinx/Vivado/2017.4/common/technology/xilinx/interface/plb46.gen 
Command           ap_source returned 0; 0 sec.
Execute           source /home/tools/Xilinx/Vivado/2017.4/common/technology/xilinx/interface/fsl.gen 
Command           ap_source returned 0; 0 sec.
Execute           source /home/tools/Xilinx/Vivado/2017.4/common/technology/xilinx/interface/axi4.gen 
Command           ap_source returned 0; 0 sec.
Execute           source /home/tools/Xilinx/Vivado/2017.4/common/technology/xilinx/interface/nativeAXI4.gen 
Execute             source /home/tools/Xilinx/Vivado/2017.4/common/technology/xilinx/interface/saxilite.gen 
Command             ap_source returned 0; 0.01 sec.
Execute             source /home/tools/Xilinx/Vivado/2017.4/common/technology/xilinx/interface/maxi.gen 
Command             ap_source returned 0; 0 sec.
Command           ap_source returned 0; 0.01 sec.
Execute           source /home/tools/Xilinx/Vivado/2017.4/common/technology/xilinx/scripts/xilinxcoregen.gen 
Command           ap_source returned 0; 0.02 sec.
Execute           source /home/tools/Xilinx/Vivado/2017.4/common/technology/xilinx/interface/XilEDKCoreGen.gen 
Command           ap_source returned 0; 0 sec.
Execute           source /home/tools/Xilinx/Vivado/2017.4/common/technology/xilinx/ip/dds_compiler.gen 
Command           ap_source returned 0; 0.01 sec.
Execute           source /home/tools/Xilinx/Vivado/2017.4/common/technology/xilinx/ip/util.gen 
Command           ap_source returned 0; 0 sec.
Execute           source /home/tools/Xilinx/Vivado/2017.4/common/technology/xilinx/ip/xfft.gen 
Command           ap_source returned 0; 0.11 sec.
Execute           source /home/tools/Xilinx/Vivado/2017.4/common/technology/xilinx/ip/xfir.gen 
Command           ap_source returned 0; 0 sec.
Command         ap_source returned 0; 0.15 sec.
Execute         source /home/tools/Xilinx/Vivado/2017.4/common/technology/xilinx/common/dsp48.gen 
Command         ap_source returned 0; 0 sec.
Command       ap_source returned 0; 0.15 sec.
Command     ap_source returned 0; 0.15 sec.
Execute     source /home/tools/Xilinx/Vivado/2017.4/common/technology/xilinx/zynquplus/zynquplus_fpv7.gen 
Execute       source /home/tools/Xilinx/Vivado/2017.4/common/technology/xilinx/common/xilinx_fpv6.gen 
Command       ap_source returned 0; 0 sec.
Command     ap_source returned 0; 0 sec.
Execute     source /home/giorgio/workspace/jpeg-rs-clean/syn/ChenIDCT_reg_1/OPT/.autopilot/db/global.setting.tcl 
Command     ap_source returned 0; 0 sec.
INFO: [IMPL 213-8] Exporting RTL as a Vivado IP.
Execute     source /home/giorgio/workspace/jpeg-rs-clean/syn/ChenIDCT_reg_1/OPT/.autopilot/db/global.setting.tcl 
Command     ap_source returned 0; 0 sec.
Execute     source /home/giorgio/workspace/jpeg-rs-clean/syn/ChenIDCT_reg_1/OPT/.autopilot/db/global.setting.tcl 
Command     ap_source returned 0; 0 sec.
Execute     source /home/tools/Xilinx/Vivado/2017.4/common/technology/generic/autopilot/common.gen 
Execute       source /home/tools/Xilinx/Vivado/2017.4/common/technology/generic/autopilot/APCoreGen.gen 
Command       ap_source returned 0; 0 sec.
Command     ap_source returned 0; 0 sec.
Execute     source /home/tools/Xilinx/Vivado/2017.4/common/technology/generic/autopilot/op.gen 
Command     ap_source returned 0; 0 sec.
Execute     source /home/tools/Xilinx/Vivado/2017.4/common/technology/generic/autopilot/op_simcore.gen 
Command     ap_source returned 0; 0 sec.
Execute     source /home/tools/Xilinx/Vivado/2017.4/common/technology/generic/autopilot/interface.gen 
Command     ap_source returned 0; 0 sec.
Execute     source /home/giorgio/workspace/jpeg-rs-clean/syn/ChenIDCT_reg_1/OPT/.autopilot/db/global.setting.tcl 
Command     ap_source returned 0; 0.01 sec.
Execute     source /home/tools/Xilinx/Vivado/2017.4/common/technology/xilinx/zynquplus/zynquplus.gen 
Execute       source /home/tools/Xilinx/Vivado/2017.4/common/technology/xilinx/common/virtex.gen 
Execute         source /home/tools/Xilinx/Vivado/2017.4/common/technology/xilinx/common/xilinx.gen 
Execute           source /home/tools/Xilinx/Vivado/2017.4/common/technology/xilinx/interface/plb46.gen 
Command           ap_source returned 0; 0 sec.
Execute           source /home/tools/Xilinx/Vivado/2017.4/common/technology/xilinx/interface/fsl.gen 
Command           ap_source returned 0; 0 sec.
Execute           source /home/tools/Xilinx/Vivado/2017.4/common/technology/xilinx/interface/axi4.gen 
Command           ap_source returned 0; 0 sec.
Execute           source /home/tools/Xilinx/Vivado/2017.4/common/technology/xilinx/interface/nativeAXI4.gen 
Execute             source /home/tools/Xilinx/Vivado/2017.4/common/technology/xilinx/interface/saxilite.gen 
Command             ap_source returned 0; 0 sec.
Execute             source /home/tools/Xilinx/Vivado/2017.4/common/technology/xilinx/interface/maxi.gen 
Command             ap_source returned 0; 0.01 sec.
Command           ap_source returned 0; 0.01 sec.
Execute           source /home/tools/Xilinx/Vivado/2017.4/common/technology/xilinx/scripts/xilinxcoregen.gen 
Command           ap_source returned 0; 0.01 sec.
Execute           source /home/tools/Xilinx/Vivado/2017.4/common/technology/xilinx/interface/XilEDKCoreGen.gen 
Command           ap_source returned 0; 0 sec.
Execute           source /home/tools/Xilinx/Vivado/2017.4/common/technology/xilinx/ip/dds_compiler.gen 
Command           ap_source returned 0; 0 sec.
Execute           source /home/tools/Xilinx/Vivado/2017.4/common/technology/xilinx/ip/util.gen 
Command           ap_source returned 0; 0 sec.
Execute           source /home/tools/Xilinx/Vivado/2017.4/common/technology/xilinx/ip/xfft.gen 
Command           ap_source returned 0; 0.14 sec.
Execute           source /home/tools/Xilinx/Vivado/2017.4/common/technology/xilinx/ip/xfir.gen 
Command           ap_source returned 0; 0 sec.
Command         ap_source returned 0; 0.16 sec.
Execute         source /home/tools/Xilinx/Vivado/2017.4/common/technology/xilinx/common/dsp48.gen 
Command         ap_source returned 0; 0 sec.
Command       ap_source returned 0; 0.16 sec.
Command     ap_source returned 0; 0.16 sec.
Execute     source /home/tools/Xilinx/Vivado/2017.4/common/technology/xilinx/zynquplus/zynquplus_fpv7.gen 
Execute       source /home/tools/Xilinx/Vivado/2017.4/common/technology/xilinx/common/xilinx_fpv6.gen 
Command       ap_source returned 0; 0.01 sec.
Command     ap_source returned 0; 0.01 sec.
Execute     source /home/giorgio/workspace/jpeg-rs-clean/syn/ChenIDCT_reg_1/OPT/.autopilot/db/ChenIDct_f2r_vectorBody_s2e_forEnd212.rtl_wrap.cfg.tcl 
Command     ap_source returned 0; 0 sec.
Execute     source /home/giorgio/workspace/jpeg-rs-clean/syn/ChenIDCT_reg_1/OPT/.autopilot/db/ChenIDct_f2r_vectorBody_s2e_forEnd212.rtl_wrap.cfg.tcl 
Command     ap_source returned 0; 0 sec.
Execute     source /home/giorgio/workspace/jpeg-rs-clean/syn/ChenIDCT_reg_1/OPT/.autopilot/db/ChenIDct_f2r_vectorBody_s2e_forEnd212.rtl_wrap.cfg.tcl 
Command     ap_source returned 0; 0 sec.
Execute     source /home/giorgio/workspace/jpeg-rs-clean/syn/ChenIDCT_reg_1/OPT/.autopilot/db/ChenIDct_f2r_vectorBody_s2e_forEnd212.tbgen.tcl 
Command     ap_source returned 0; 0 sec.
Execute     source /home/giorgio/workspace/jpeg-rs-clean/syn/ChenIDCT_reg_1/OPT/.autopilot/db/ChenIDct_f2r_vectorBody_s2e_forEnd212.tbgen.tcl 
Command     ap_source returned 0; 0 sec.
Execute     source /home/giorgio/workspace/jpeg-rs-clean/syn/ChenIDCT_reg_1/OPT/.autopilot/db/global.setting.tcl 
Command     ap_source returned 0; 0 sec.
Execute     source /home/giorgio/workspace/jpeg-rs-clean/syn/ChenIDCT_reg_1/OPT/.autopilot/db/ChenIDct_f2r_vectorBody_s2e_forEnd212.compgen.tcl 
Command     ap_source returned 0; 0 sec.
Execute     source /home/giorgio/workspace/jpeg-rs-clean/syn/ChenIDCT_reg_1/OPT/.autopilot/db/global.setting.tcl 
Command     ap_source returned 0; 0 sec.
Execute     source /home/giorgio/workspace/jpeg-rs-clean/syn/ChenIDCT_reg_1/OPT/.autopilot/db/ChenIDct_f2r_vectorBody_s2e_forEnd212.compgen.tcl 
Command     ap_source returned 0; 0.01 sec.
Execute     source /home/giorgio/workspace/jpeg-rs-clean/syn/ChenIDCT_reg_1/OPT/.autopilot/db/global.setting.tcl 
Command     ap_source returned 0; 0 sec.
Execute     source /home/giorgio/workspace/jpeg-rs-clean/syn/ChenIDCT_reg_1/OPT/.autopilot/db/ChenIDct_f2r_vectorBody_s2e_forEnd212.compgen.tcl 
Command     ap_source returned 0; 0 sec.
Execute     source /home/giorgio/workspace/jpeg-rs-clean/syn/ChenIDCT_reg_1/OPT/.autopilot/db/global.setting.tcl 
Command     ap_source returned 0; 0 sec.
Execute     source /home/giorgio/workspace/jpeg-rs-clean/syn/ChenIDCT_reg_1/OPT/.autopilot/db/ChenIDct_f2r_vectorBody_s2e_forEnd212.constraint.tcl 
Command     ap_source returned 0; 0 sec.
Execute     source /home/giorgio/workspace/jpeg-rs-clean/syn/ChenIDCT_reg_1/OPT/.autopilot/db/ChenIDct_f2r_vectorBody_s2e_forEnd212.tbgen.tcl 
Command     ap_source returned 0; 0 sec.
Execute     source /home/giorgio/workspace/jpeg-rs-clean/syn/ChenIDCT_reg_1/OPT/.autopilot/db/global.setting.tcl 
Command     ap_source returned 0; 0.01 sec.
Execute     source /home/giorgio/workspace/jpeg-rs-clean/syn/ChenIDCT_reg_1/OPT/.autopilot/db/ChenIDct_f2r_vectorBody_s2e_forEnd212.tbgen.tcl 
Command     ap_source returned 0; 0 sec.
Execute     source /home/giorgio/workspace/jpeg-rs-clean/syn/ChenIDCT_reg_1/OPT/.autopilot/db/global.setting.tcl 
Command     ap_source returned 0; 0 sec.
Execute     source /home/giorgio/workspace/jpeg-rs-clean/syn/ChenIDCT_reg_1/OPT/.autopilot/db/global.setting.tcl 
Command     ap_source returned 0; 0 sec.
Execute     source /home/giorgio/workspace/jpeg-rs-clean/syn/ChenIDCT_reg_1/OPT/.autopilot/db/ChenIDct_f2r_vectorBody_s2e_forEnd212.rtl_wrap.cfg.tcl 
Command     ap_source returned 0; 0 sec.
Execute     source /home/giorgio/workspace/jpeg-rs-clean/syn/ChenIDCT_reg_1/OPT/.autopilot/db/ChenIDct_f2r_vectorBody_s2e_forEnd212.rtl_wrap.cfg.tcl 
Command     ap_source returned 0; 0 sec.
Execute     source /home/giorgio/workspace/jpeg-rs-clean/syn/ChenIDCT_reg_1/OPT/.autopilot/db/ChenIDct_f2r_vectorBody_s2e_forEnd212.rtl_wrap.cfg.tcl 
Command     ap_source returned 0; 0 sec.
Execute     source /home/giorgio/workspace/jpeg-rs-clean/syn/ChenIDCT_reg_1/OPT/.autopilot/db/ChenIDct_f2r_vectorBody_s2e_forEnd212.tbgen.tcl 
Command     ap_source returned 0; 0 sec.
Execute     source /home/giorgio/workspace/jpeg-rs-clean/syn/ChenIDCT_reg_1/OPT/.autopilot/db/ChenIDct_f2r_vectorBody_s2e_forEnd212.tbgen.tcl 
Command     ap_source returned 0; 0.01 sec.
Execute     source /home/giorgio/workspace/jpeg-rs-clean/syn/ChenIDCT_reg_1/OPT/.autopilot/db/ChenIDct_f2r_vectorBody_s2e_forEnd212.tbgen.tcl 
Command     ap_source returned 0; 0 sec.
Execute     source /home/giorgio/workspace/jpeg-rs-clean/syn/ChenIDCT_reg_1/OPT/.autopilot/db/ChenIDct_f2r_vectorBody_s2e_forEnd212.rtl_wrap.cfg.tcl 
Command     ap_source returned 0; 0 sec.
Execute     source /home/giorgio/workspace/jpeg-rs-clean/syn/ChenIDCT_reg_1/OPT/.autopilot/db/ChenIDct_f2r_vectorBody_s2e_forEnd212.rtl_wrap.cfg.tcl 
Command     ap_source returned 0; 0 sec.
Execute     source /home/giorgio/workspace/jpeg-rs-clean/syn/ChenIDCT_reg_1/OPT/.autopilot/db/ChenIDct_f2r_vectorBody_s2e_forEnd212.rtl_wrap.cfg.tcl 
Command     ap_source returned 0; 0 sec.
Execute     source /home/giorgio/workspace/jpeg-rs-clean/syn/ChenIDCT_reg_1/OPT/.autopilot/db/ChenIDct_f2r_vectorBody_s2e_forEnd212.tbgen.tcl 
Command     ap_source returned 0; 0 sec.
Execute     source /home/giorgio/workspace/jpeg-rs-clean/syn/ChenIDCT_reg_1/OPT/.autopilot/db/ChenIDct_f2r_vectorBody_s2e_forEnd212.tbgen.tcl 
Command     ap_source returned 0; 0 sec.
Execute     source /home/giorgio/workspace/jpeg-rs-clean/syn/ChenIDCT_reg_1/OPT/.autopilot/db/global.setting.tcl 
Command     ap_source returned 0; 0 sec.
Execute     source /home/giorgio/workspace/jpeg-rs-clean/syn/ChenIDCT_reg_1/OPT/.autopilot/db/ChenIDct_f2r_vectorBody_s2e_forEnd212.tbgen.tcl 
Command     ap_source returned 0; 0 sec.
Execute     source /home/giorgio/workspace/jpeg-rs-clean/syn/ChenIDCT_reg_1/OPT/.autopilot/db/global.setting.tcl 
Command     ap_source returned 0; 0 sec.
Execute     source /home/giorgio/workspace/jpeg-rs-clean/syn/ChenIDCT_reg_1/OPT/.autopilot/db/ChenIDct_f2r_vectorBody_s2e_forEnd212.constraint.tcl 
Command     ap_source returned 0; 0 sec.
Execute     source /home/giorgio/workspace/jpeg-rs-clean/syn/ChenIDCT_reg_1/OPT/.autopilot/db/global.setting.tcl 
Command     ap_source returned 0; 0 sec.
Execute     source /home/giorgio/workspace/jpeg-rs-clean/syn/ChenIDCT_reg_1/OPT/.autopilot/db/global.setting.tcl 
Command     ap_source returned 0; 0 sec.
Execute     source /home/giorgio/workspace/jpeg-rs-clean/syn/ChenIDCT_reg_1/OPT/.autopilot/db/ChenIDct_f2r_vectorBody_s2e_forEnd212.constraint.tcl 
Command     ap_source returned 0; 0 sec.
Execute     source /home/giorgio/workspace/jpeg-rs-clean/syn/ChenIDCT_reg_1/OPT/.autopilot/db/ChenIDct_f2r_vectorBody_s2e_forEnd212.tbgen.tcl 
Command     ap_source returned 0; 0 sec.
Execute     source /home/giorgio/workspace/jpeg-rs-clean/syn/ChenIDCT_reg_1/OPT/.autopilot/db/global.setting.tcl 
Command     ap_source returned 0; 0 sec.
Execute     source /home/giorgio/workspace/jpeg-rs-clean/syn/ChenIDCT_reg_1/OPT/.autopilot/db/ChenIDct_f2r_vectorBody_s2e_forEnd212.constraint.tcl 
Command     ap_source returned 0; 0 sec.
Execute     source /home/giorgio/workspace/jpeg-rs-clean/syn/ChenIDCT_reg_1/OPT/.autopilot/db/ChenIDct_f2r_vectorBody_s2e_forEnd212.tbgen.tcl 
Command     ap_source returned 0; 0 sec.
Execute     source /home/giorgio/workspace/jpeg-rs-clean/syn/ChenIDCT_reg_1/OPT/.autopilot/db/global.setting.tcl 
Command     ap_source returned 0; 0 sec.
Execute     source /home/tools/Xilinx/Vivado/2017.4/common/technology/generic/autopilot/common.gen 
Execute       source /home/tools/Xilinx/Vivado/2017.4/common/technology/generic/autopilot/APCoreGen.gen 
Command       ap_source returned 0; 0 sec.
Command     ap_source returned 0; 0 sec.
Execute     source /home/tools/Xilinx/Vivado/2017.4/common/technology/generic/autopilot/op.gen 
Command     ap_source returned 0; 0 sec.
Execute     source /home/tools/Xilinx/Vivado/2017.4/common/technology/generic/autopilot/op_simcore.gen 
Command     ap_source returned 0; 0.01 sec.
Execute     source /home/tools/Xilinx/Vivado/2017.4/common/technology/generic/autopilot/interface.gen 
Command     ap_source returned 0; 0 sec.
Execute     source /home/giorgio/workspace/jpeg-rs-clean/syn/ChenIDCT_reg_1/OPT/.autopilot/db/global.setting.tcl 
Command     ap_source returned 0; 0 sec.
Execute     source /home/tools/Xilinx/Vivado/2017.4/common/technology/xilinx/zynquplus/zynquplus.gen 
Execute       source /home/tools/Xilinx/Vivado/2017.4/common/technology/xilinx/common/virtex.gen 
Execute         source /home/tools/Xilinx/Vivado/2017.4/common/technology/xilinx/common/xilinx.gen 
Execute           source /home/tools/Xilinx/Vivado/2017.4/common/technology/xilinx/interface/plb46.gen 
Command           ap_source returned 0; 0 sec.
Execute           source /home/tools/Xilinx/Vivado/2017.4/common/technology/xilinx/interface/fsl.gen 
Command           ap_source returned 0; 0 sec.
Execute           source /home/tools/Xilinx/Vivado/2017.4/common/technology/xilinx/interface/axi4.gen 
Command           ap_source returned 0; 0 sec.
Execute           source /home/tools/Xilinx/Vivado/2017.4/common/technology/xilinx/interface/nativeAXI4.gen 
Execute             source /home/tools/Xilinx/Vivado/2017.4/common/technology/xilinx/interface/saxilite.gen 
Command             ap_source returned 0; 0.01 sec.
Execute             source /home/tools/Xilinx/Vivado/2017.4/common/technology/xilinx/interface/maxi.gen 
Command             ap_source returned 0; 0 sec.
Command           ap_source returned 0; 0.01 sec.
Execute           source /home/tools/Xilinx/Vivado/2017.4/common/technology/xilinx/scripts/xilinxcoregen.gen 
Command           ap_source returned 0; 0.01 sec.
Execute           source /home/tools/Xilinx/Vivado/2017.4/common/technology/xilinx/interface/XilEDKCoreGen.gen 
Command           ap_source returned 0; 0.01 sec.
Execute           source /home/tools/Xilinx/Vivado/2017.4/common/technology/xilinx/ip/dds_compiler.gen 
Command           ap_source returned 0; 0.01 sec.
Execute           source /home/tools/Xilinx/Vivado/2017.4/common/technology/xilinx/ip/util.gen 
Command           ap_source returned 0; 0 sec.
Execute           source /home/tools/Xilinx/Vivado/2017.4/common/technology/xilinx/ip/xfft.gen 
Command           ap_source returned 0; 0.13 sec.
Execute           source /home/tools/Xilinx/Vivado/2017.4/common/technology/xilinx/ip/xfir.gen 
Command           ap_source returned 0; 0 sec.
Command         ap_source returned 0; 0.17 sec.
Execute         source /home/tools/Xilinx/Vivado/2017.4/common/technology/xilinx/common/dsp48.gen 
Command         ap_source returned 0; 0 sec.
Command       ap_source returned 0; 0.17 sec.
Command     ap_source returned 0; 0.17 sec.
Execute     source /home/tools/Xilinx/Vivado/2017.4/common/technology/xilinx/zynquplus/zynquplus_fpv7.gen 
Execute       source /home/tools/Xilinx/Vivado/2017.4/common/technology/xilinx/common/xilinx_fpv6.gen 
Command       ap_source returned 0; 0 sec.
Command     ap_source returned 0; 0 sec.
Execute     source /home/giorgio/workspace/jpeg-rs-clean/syn/ChenIDCT_reg_1/OPT/.autopilot/db/global.setting.tcl 
Command     ap_source returned 0; 0 sec.
Execute     source /home/tools/Xilinx/Vivado/2017.4/common/technology/generic/autopilot/common.gen 
Execute       source /home/tools/Xilinx/Vivado/2017.4/common/technology/generic/autopilot/APCoreGen.gen 
Command       ap_source returned 0; 0 sec.
Command     ap_source returned 0; 0.01 sec.
Execute     source /home/tools/Xilinx/Vivado/2017.4/common/technology/generic/autopilot/op.gen 
Command     ap_source returned 0; 0 sec.
Execute     source /home/tools/Xilinx/Vivado/2017.4/common/technology/generic/autopilot/op_simcore.gen 
Command     ap_source returned 0; 0 sec.
Execute     source /home/tools/Xilinx/Vivado/2017.4/common/technology/generic/autopilot/interface.gen 
Command     ap_source returned 0; 0 sec.
Execute     source /home/giorgio/workspace/jpeg-rs-clean/syn/ChenIDCT_reg_1/OPT/.autopilot/db/global.setting.tcl 
Command     ap_source returned 0; 0 sec.
Execute     source /home/tools/Xilinx/Vivado/2017.4/common/technology/xilinx/zynquplus/zynquplus.gen 
Execute       source /home/tools/Xilinx/Vivado/2017.4/common/technology/xilinx/common/virtex.gen 
Execute         source /home/tools/Xilinx/Vivado/2017.4/common/technology/xilinx/common/xilinx.gen 
Execute           source /home/tools/Xilinx/Vivado/2017.4/common/technology/xilinx/interface/plb46.gen 
Command           ap_source returned 0; 0 sec.
Execute           source /home/tools/Xilinx/Vivado/2017.4/common/technology/xilinx/interface/fsl.gen 
Command           ap_source returned 0; 0 sec.
Execute           source /home/tools/Xilinx/Vivado/2017.4/common/technology/xilinx/interface/axi4.gen 
Command           ap_source returned 0; 0 sec.
Execute           source /home/tools/Xilinx/Vivado/2017.4/common/technology/xilinx/interface/nativeAXI4.gen 
Execute             source /home/tools/Xilinx/Vivado/2017.4/common/technology/xilinx/interface/saxilite.gen 
Command             ap_source returned 0; 0.01 sec.
Execute             source /home/tools/Xilinx/Vivado/2017.4/common/technology/xilinx/interface/maxi.gen 
Command             ap_source returned 0; 0 sec.
Command           ap_source returned 0; 0.01 sec.
Execute           source /home/tools/Xilinx/Vivado/2017.4/common/technology/xilinx/scripts/xilinxcoregen.gen 
Command           ap_source returned 0; 0.02 sec.
Execute           source /home/tools/Xilinx/Vivado/2017.4/common/technology/xilinx/interface/XilEDKCoreGen.gen 
Command           ap_source returned 0; 0.01 sec.
Execute           source /home/tools/Xilinx/Vivado/2017.4/common/technology/xilinx/ip/dds_compiler.gen 
Command           ap_source returned 0; 0 sec.
Execute           source /home/tools/Xilinx/Vivado/2017.4/common/technology/xilinx/ip/util.gen 
Command           ap_source returned 0; 0 sec.
Execute           source /home/tools/Xilinx/Vivado/2017.4/common/technology/xilinx/ip/xfft.gen 
Command           ap_source returned 0; 0.15 sec.
Execute           source /home/tools/Xilinx/Vivado/2017.4/common/technology/xilinx/ip/xfir.gen 
Command           ap_source returned 0; 0 sec.
Command         ap_source returned 0; 0.19 sec.
Execute         source /home/tools/Xilinx/Vivado/2017.4/common/technology/xilinx/common/dsp48.gen 
Command         ap_source returned 0; 0 sec.
Command       ap_source returned 0; 0.19 sec.
Command     ap_source returned 0; 0.19 sec.
Execute     source /home/tools/Xilinx/Vivado/2017.4/common/technology/xilinx/zynquplus/zynquplus_fpv7.gen 
Execute       source /home/tools/Xilinx/Vivado/2017.4/common/technology/xilinx/common/xilinx_fpv6.gen 
Command       ap_source returned 0; 0 sec.
Command     ap_source returned 0; 0 sec.
Execute     source /home/giorgio/workspace/jpeg-rs-clean/syn/ChenIDCT_reg_1/OPT/.autopilot/db/global.setting.tcl 
Command     ap_source returned 0; 0 sec.
Execute     source /home/giorgio/workspace/jpeg-rs-clean/syn/ChenIDCT_reg_1/OPT/.autopilot/db/global.setting.tcl 
Command     ap_source returned 0; 0.01 sec.
Execute     source /home/giorgio/workspace/jpeg-rs-clean/syn/ChenIDCT_reg_1/OPT/.autopilot/db/global.setting.tcl 
Command     ap_source returned 0; 0 sec.
Execute     source /home/tools/Xilinx/Vivado/2017.4/common/technology/generic/autopilot/common.gen 
Execute       source /home/tools/Xilinx/Vivado/2017.4/common/technology/generic/autopilot/APCoreGen.gen 
Command       ap_source returned 0; 0 sec.
Command     ap_source returned 0; 0 sec.
Execute     source /home/tools/Xilinx/Vivado/2017.4/common/technology/generic/autopilot/op.gen 
Command     ap_source returned 0; 0 sec.
Execute     source /home/tools/Xilinx/Vivado/2017.4/common/technology/generic/autopilot/op_simcore.gen 
Command     ap_source returned 0; 0 sec.
Execute     source /home/tools/Xilinx/Vivado/2017.4/common/technology/generic/autopilot/interface.gen 
Command     ap_source returned 0; 0 sec.
Execute     source /home/giorgio/workspace/jpeg-rs-clean/syn/ChenIDCT_reg_1/OPT/.autopilot/db/global.setting.tcl 
Command     ap_source returned 0; 0 sec.
Execute     source /home/tools/Xilinx/Vivado/2017.4/common/technology/xilinx/zynquplus/zynquplus.gen 
Execute       source /home/tools/Xilinx/Vivado/2017.4/common/technology/xilinx/common/virtex.gen 
Execute         source /home/tools/Xilinx/Vivado/2017.4/common/technology/xilinx/common/xilinx.gen 
Execute           source /home/tools/Xilinx/Vivado/2017.4/common/technology/xilinx/interface/plb46.gen 
Command           ap_source returned 0; 0 sec.
Execute           source /home/tools/Xilinx/Vivado/2017.4/common/technology/xilinx/interface/fsl.gen 
Command           ap_source returned 0; 0 sec.
Execute           source /home/tools/Xilinx/Vivado/2017.4/common/technology/xilinx/interface/axi4.gen 
Command           ap_source returned 0; 0.01 sec.
Execute           source /home/tools/Xilinx/Vivado/2017.4/common/technology/xilinx/interface/nativeAXI4.gen 
Execute             source /home/tools/Xilinx/Vivado/2017.4/common/technology/xilinx/interface/saxilite.gen 
Command             ap_source returned 0; 0 sec.
Execute             source /home/tools/Xilinx/Vivado/2017.4/common/technology/xilinx/interface/maxi.gen 
Command             ap_source returned 0; 0.01 sec.
Command           ap_source returned 0; 0.01 sec.
Execute           source /home/tools/Xilinx/Vivado/2017.4/common/technology/xilinx/scripts/xilinxcoregen.gen 
Command           ap_source returned 0; 0.01 sec.
Execute           source /home/tools/Xilinx/Vivado/2017.4/common/technology/xilinx/interface/XilEDKCoreGen.gen 
Command           ap_source returned 0; 0.01 sec.
Execute           source /home/tools/Xilinx/Vivado/2017.4/common/technology/xilinx/ip/dds_compiler.gen 
Command           ap_source returned 0; 0 sec.
Execute           source /home/tools/Xilinx/Vivado/2017.4/common/technology/xilinx/ip/util.gen 
Command           ap_source returned 0; 0 sec.
Execute           source /home/tools/Xilinx/Vivado/2017.4/common/technology/xilinx/ip/xfft.gen 
Command           ap_source returned 0; 0.15 sec.
Execute           source /home/tools/Xilinx/Vivado/2017.4/common/technology/xilinx/ip/xfir.gen 
Command           ap_source returned 0; 0 sec.
Command         ap_source returned 0; 0.19 sec.
Execute         source /home/tools/Xilinx/Vivado/2017.4/common/technology/xilinx/common/dsp48.gen 
Command         ap_source returned 0; 0 sec.
Command       ap_source returned 0; 0.19 sec.
Command     ap_source returned 0; 0.19 sec.
Execute     source /home/tools/Xilinx/Vivado/2017.4/common/technology/xilinx/zynquplus/zynquplus_fpv7.gen 
Execute       source /home/tools/Xilinx/Vivado/2017.4/common/technology/xilinx/common/xilinx_fpv6.gen 
Command       ap_source returned 0; 0.01 sec.
Command     ap_source returned 0; 0.01 sec.
Execute     source /home/giorgio/workspace/jpeg-rs-clean/syn/ChenIDCT_reg_1/OPT/.autopilot/db/global.setting.tcl 
Command     ap_source returned 0; 0 sec.
Execute     source /home/giorgio/workspace/jpeg-rs-clean/syn/ChenIDCT_reg_1/OPT/.autopilot/db/ChenIDct_f2r_vectorBody_s2e_forEnd212.compgen.tcl 
Command     ap_source returned 0; 0 sec.
Execute     source /home/giorgio/workspace/jpeg-rs-clean/syn/ChenIDCT_reg_1/OPT/.autopilot/db/global.setting.tcl 
Command     ap_source returned 0; 0 sec.
Execute     source /home/giorgio/workspace/jpeg-rs-clean/syn/ChenIDCT_reg_1/OPT/.autopilot/db/ChenIDct_f2r_vectorBody_s2e_forEnd212.constraint.tcl 
Command     ap_source returned 0; 0 sec.
Execute     source /home/giorgio/workspace/jpeg-rs-clean/syn/ChenIDCT_reg_1/OPT/.autopilot/db/ChenIDct_f2r_vectorBody_s2e_forEnd212.tbgen.tcl 
Command     ap_source returned 0; 0 sec.
Execute     source /home/giorgio/workspace/jpeg-rs-clean/syn/ChenIDCT_reg_1/OPT/.autopilot/db/global.setting.tcl 
Command     ap_source returned 0; 0 sec.
Execute     source /home/tools/Xilinx/Vivado/2017.4/common/technology/generic/autopilot/common.gen 
Execute       source /home/tools/Xilinx/Vivado/2017.4/common/technology/generic/autopilot/APCoreGen.gen 
Command       ap_source returned 0; 0 sec.
Command     ap_source returned 0; 0 sec.
Execute     source /home/tools/Xilinx/Vivado/2017.4/common/technology/generic/autopilot/op.gen 
Command     ap_source returned 0; 0 sec.
Execute     source /home/tools/Xilinx/Vivado/2017.4/common/technology/generic/autopilot/op_simcore.gen 
Command     ap_source returned 0; 0.01 sec.
Execute     source /home/tools/Xilinx/Vivado/2017.4/common/technology/generic/autopilot/interface.gen 
Command     ap_source returned 0; 0 sec.
Execute     source /home/giorgio/workspace/jpeg-rs-clean/syn/ChenIDCT_reg_1/OPT/.autopilot/db/global.setting.tcl 
Command     ap_source returned 0; 0 sec.
Execute     source /home/tools/Xilinx/Vivado/2017.4/common/technology/xilinx/zynquplus/zynquplus.gen 
Execute       source /home/tools/Xilinx/Vivado/2017.4/common/technology/xilinx/common/virtex.gen 
Execute         source /home/tools/Xilinx/Vivado/2017.4/common/technology/xilinx/common/xilinx.gen 
Execute           source /home/tools/Xilinx/Vivado/2017.4/common/technology/xilinx/interface/plb46.gen 
Command           ap_source returned 0; 0 sec.
Execute           source /home/tools/Xilinx/Vivado/2017.4/common/technology/xilinx/interface/fsl.gen 
Command           ap_source returned 0; 0 sec.
Execute           source /home/tools/Xilinx/Vivado/2017.4/common/technology/xilinx/interface/axi4.gen 
Command           ap_source returned 0; 0 sec.
Execute           source /home/tools/Xilinx/Vivado/2017.4/common/technology/xilinx/interface/nativeAXI4.gen 
Execute             source /home/tools/Xilinx/Vivado/2017.4/common/technology/xilinx/interface/saxilite.gen 
Command             ap_source returned 0; 0.01 sec.
Execute             source /home/tools/Xilinx/Vivado/2017.4/common/technology/xilinx/interface/maxi.gen 
Command             ap_source returned 0; 0 sec.
Command           ap_source returned 0; 0.01 sec.
Execute           source /home/tools/Xilinx/Vivado/2017.4/common/technology/xilinx/scripts/xilinxcoregen.gen 
Command           ap_source returned 0; 0.02 sec.
Execute           source /home/tools/Xilinx/Vivado/2017.4/common/technology/xilinx/interface/XilEDKCoreGen.gen 
Command           ap_source returned 0; 0.01 sec.
Execute           source /home/tools/Xilinx/Vivado/2017.4/common/technology/xilinx/ip/dds_compiler.gen 
Command           ap_source returned 0; 0 sec.
Execute           source /home/tools/Xilinx/Vivado/2017.4/common/technology/xilinx/ip/util.gen 
Command           ap_source returned 0; 0 sec.
Execute           source /home/tools/Xilinx/Vivado/2017.4/common/technology/xilinx/ip/xfft.gen 
Command           ap_source returned 0; 0.14 sec.
Execute           source /home/tools/Xilinx/Vivado/2017.4/common/technology/xilinx/ip/xfir.gen 
Command           ap_source returned 0; 0 sec.
Command         ap_source returned 0; 0.18 sec.
Execute         source /home/tools/Xilinx/Vivado/2017.4/common/technology/xilinx/common/dsp48.gen 
Command         ap_source returned 0; 0 sec.
Command       ap_source returned 0; 0.18 sec.
Command     ap_source returned 0; 0.18 sec.
Execute     source /home/tools/Xilinx/Vivado/2017.4/common/technology/xilinx/zynquplus/zynquplus_fpv7.gen 
Execute       source /home/tools/Xilinx/Vivado/2017.4/common/technology/xilinx/common/xilinx_fpv6.gen 
Command       ap_source returned 0; 0.01 sec.
Command     ap_source returned 0; 0.01 sec.
Execute     source /home/giorgio/workspace/jpeg-rs-clean/syn/ChenIDCT_reg_1/OPT/.autopilot/db/global.setting.tcl 
Command     ap_source returned 0; 0 sec.
Execute     source /home/giorgio/workspace/jpeg-rs-clean/syn/ChenIDCT_reg_1/OPT/.autopilot/db/global.setting.tcl 
Command     ap_source returned 0; 0 sec.
Execute     source /home/tools/Xilinx/Vivado/2017.4/common/technology/generic/autopilot/common.gen 
Execute       source /home/tools/Xilinx/Vivado/2017.4/common/technology/generic/autopilot/APCoreGen.gen 
Command       ap_source returned 0; 0 sec.
Command     ap_source returned 0; 0 sec.
Execute     source /home/tools/Xilinx/Vivado/2017.4/common/technology/generic/autopilot/op.gen 
Command     ap_source returned 0; 0 sec.
Execute     source /home/tools/Xilinx/Vivado/2017.4/common/technology/generic/autopilot/op_simcore.gen 
Command     ap_source returned 0; 0.01 sec.
Execute     source /home/tools/Xilinx/Vivado/2017.4/common/technology/generic/autopilot/interface.gen 
Command     ap_source returned 0; 0 sec.
Execute     source /home/giorgio/workspace/jpeg-rs-clean/syn/ChenIDCT_reg_1/OPT/.autopilot/db/global.setting.tcl 
Command     ap_source returned 0; 0 sec.
Execute     source /home/tools/Xilinx/Vivado/2017.4/common/technology/xilinx/zynquplus/zynquplus.gen 
Execute       source /home/tools/Xilinx/Vivado/2017.4/common/technology/xilinx/common/virtex.gen 
Execute         source /home/tools/Xilinx/Vivado/2017.4/common/technology/xilinx/common/xilinx.gen 
Execute           source /home/tools/Xilinx/Vivado/2017.4/common/technology/xilinx/interface/plb46.gen 
Command           ap_source returned 0; 0 sec.
Execute           source /home/tools/Xilinx/Vivado/2017.4/common/technology/xilinx/interface/fsl.gen 
Command           ap_source returned 0; 0 sec.
Execute           source /home/tools/Xilinx/Vivado/2017.4/common/technology/xilinx/interface/axi4.gen 
Command           ap_source returned 0; 0 sec.
Execute           source /home/tools/Xilinx/Vivado/2017.4/common/technology/xilinx/interface/nativeAXI4.gen 
Execute             source /home/tools/Xilinx/Vivado/2017.4/common/technology/xilinx/interface/saxilite.gen 
Command             ap_source returned 0; 0.01 sec.
Execute             source /home/tools/Xilinx/Vivado/2017.4/common/technology/xilinx/interface/maxi.gen 
Command             ap_source returned 0; 0 sec.
Command           ap_source returned 0; 0.01 sec.
Execute           source /home/tools/Xilinx/Vivado/2017.4/common/technology/xilinx/scripts/xilinxcoregen.gen 
Command           ap_source returned 0; 0.02 sec.
Execute           source /home/tools/Xilinx/Vivado/2017.4/common/technology/xilinx/interface/XilEDKCoreGen.gen 
Command           ap_source returned 0; 0 sec.
Execute           source /home/tools/Xilinx/Vivado/2017.4/common/technology/xilinx/ip/dds_compiler.gen 
Command           ap_source returned 0; 0.01 sec.
Execute           source /home/tools/Xilinx/Vivado/2017.4/common/technology/xilinx/ip/util.gen 
Command           ap_source returned 0; 0 sec.
Execute           source /home/tools/Xilinx/Vivado/2017.4/common/technology/xilinx/ip/xfft.gen 
Command           ap_source returned 0; 0.14 sec.
Execute           source /home/tools/Xilinx/Vivado/2017.4/common/technology/xilinx/ip/xfir.gen 
Command           ap_source returned 0; 0 sec.
Command         ap_source returned 0; 0.18 sec.
Execute         source /home/tools/Xilinx/Vivado/2017.4/common/technology/xilinx/common/dsp48.gen 
Command         ap_source returned 0; 0 sec.
Command       ap_source returned 0; 0.18 sec.
Command     ap_source returned 0; 0.18 sec.
Execute     source /home/tools/Xilinx/Vivado/2017.4/common/technology/xilinx/zynquplus/zynquplus_fpv7.gen 
Execute       source /home/tools/Xilinx/Vivado/2017.4/common/technology/xilinx/common/xilinx_fpv6.gen 
Command       ap_source returned 0; 0 sec.
Command     ap_source returned 0; 0 sec.
Execute     source /home/giorgio/workspace/jpeg-rs-clean/syn/ChenIDCT_reg_1/OPT/.autopilot/db/global.setting.tcl 
Command     ap_source returned 0; 0 sec.
Execute     source /home/giorgio/workspace/jpeg-rs-clean/syn/ChenIDCT_reg_1/OPT/.autopilot/db/global.setting.tcl 
Command     ap_source returned 0; 0 sec.
Execute     source /home/giorgio/workspace/jpeg-rs-clean/syn/ChenIDCT_reg_1/OPT/.autopilot/db/global.setting.tcl 
Command     ap_source returned 0; 0 sec.
Execute     source /home/tools/Xilinx/Vivado/2017.4/common/technology/generic/autopilot/common.gen 
Execute       source /home/tools/Xilinx/Vivado/2017.4/common/technology/generic/autopilot/APCoreGen.gen 
Command       ap_source returned 0; 0 sec.
Command     ap_source returned 0; 0 sec.
Execute     source /home/tools/Xilinx/Vivado/2017.4/common/technology/generic/autopilot/op.gen 
Command     ap_source returned 0; 0 sec.
Execute     source /home/tools/Xilinx/Vivado/2017.4/common/technology/generic/autopilot/op_simcore.gen 
Command     ap_source returned 0; 0 sec.
Execute     source /home/tools/Xilinx/Vivado/2017.4/common/technology/generic/autopilot/interface.gen 
Command     ap_source returned 0; 0 sec.
Execute     source /home/giorgio/workspace/jpeg-rs-clean/syn/ChenIDCT_reg_1/OPT/.autopilot/db/global.setting.tcl 
Command     ap_source returned 0; 0 sec.
Execute     source /home/tools/Xilinx/Vivado/2017.4/common/technology/xilinx/zynquplus/zynquplus.gen 
Execute       source /home/tools/Xilinx/Vivado/2017.4/common/technology/xilinx/common/virtex.gen 
Execute         source /home/tools/Xilinx/Vivado/2017.4/common/technology/xilinx/common/xilinx.gen 
Execute           source /home/tools/Xilinx/Vivado/2017.4/common/technology/xilinx/interface/plb46.gen 
Command           ap_source returned 0; 0 sec.
Execute           source /home/tools/Xilinx/Vivado/2017.4/common/technology/xilinx/interface/fsl.gen 
Command           ap_source returned 0; 0 sec.
Execute           source /home/tools/Xilinx/Vivado/2017.4/common/technology/xilinx/interface/axi4.gen 
Command           ap_source returned 0; 0 sec.
Execute           source /home/tools/Xilinx/Vivado/2017.4/common/technology/xilinx/interface/nativeAXI4.gen 
Execute             source /home/tools/Xilinx/Vivado/2017.4/common/technology/xilinx/interface/saxilite.gen 
Command             ap_source returned 0; 0 sec.
Execute             source /home/tools/Xilinx/Vivado/2017.4/common/technology/xilinx/interface/maxi.gen 
Command             ap_source returned 0; 0 sec.
Command           ap_source returned 0; 0.02 sec.
Execute           source /home/tools/Xilinx/Vivado/2017.4/common/technology/xilinx/scripts/xilinxcoregen.gen 
Command           ap_source returned 0; 0.01 sec.
Execute           source /home/tools/Xilinx/Vivado/2017.4/common/technology/xilinx/interface/XilEDKCoreGen.gen 
Command           ap_source returned 0; 0 sec.
Execute           source /home/tools/Xilinx/Vivado/2017.4/common/technology/xilinx/ip/dds_compiler.gen 
Command           ap_source returned 0; 0.01 sec.
Execute           source /home/tools/Xilinx/Vivado/2017.4/common/technology/xilinx/ip/util.gen 
Command           ap_source returned 0; 0 sec.
Execute           source /home/tools/Xilinx/Vivado/2017.4/common/technology/xilinx/ip/xfft.gen 
Command           ap_source returned 0; 0.14 sec.
Execute           source /home/tools/Xilinx/Vivado/2017.4/common/technology/xilinx/ip/xfir.gen 
Command           ap_source returned 0; 0 sec.
Command         ap_source returned 0; 0.18 sec.
Execute         source /home/tools/Xilinx/Vivado/2017.4/common/technology/xilinx/common/dsp48.gen 
Command         ap_source returned 0; 0 sec.
Command       ap_source returned 0; 0.18 sec.
Command     ap_source returned 0; 0.18 sec.
Execute     source /home/tools/Xilinx/Vivado/2017.4/common/technology/xilinx/zynquplus/zynquplus_fpv7.gen 
Execute       source /home/tools/Xilinx/Vivado/2017.4/common/technology/xilinx/common/xilinx_fpv6.gen 
Command       ap_source returned 0; 0 sec.
Command     ap_source returned 0; 0 sec.
Execute     source /home/giorgio/workspace/jpeg-rs-clean/syn/ChenIDCT_reg_1/OPT/.autopilot/db/global.setting.tcl 
Command     ap_source returned 0; 0 sec.
Execute     source /home/giorgio/workspace/jpeg-rs-clean/syn/ChenIDCT_reg_1/OPT/.autopilot/db/ChenIDct_f2r_vectorBody_s2e_forEnd212.compgen.tcl 
Command     ap_source returned 0; 0 sec.
Execute     source /home/giorgio/workspace/jpeg-rs-clean/syn/ChenIDCT_reg_1/OPT/.autopilot/db/global.setting.tcl 
Command     ap_source returned 0; 0 sec.
Execute     source /home/giorgio/workspace/jpeg-rs-clean/syn/ChenIDCT_reg_1/OPT/.autopilot/db/ChenIDct_f2r_vectorBody_s2e_forEnd212.constraint.tcl 
Command     ap_source returned 0; 0 sec.
Execute     source /home/giorgio/workspace/jpeg-rs-clean/syn/ChenIDCT_reg_1/OPT/.autopilot/db/ChenIDct_f2r_vectorBody_s2e_forEnd212.tbgen.tcl 
Command     ap_source returned 0; 0 sec.
Execute     source /home/giorgio/workspace/jpeg-rs-clean/syn/ChenIDCT_reg_1/OPT/.autopilot/db/global.setting.tcl 
Command     ap_source returned 0; 0 sec.
Execute     source /home/tools/Xilinx/Vivado/2017.4/common/technology/generic/autopilot/common.gen 
Execute       source /home/tools/Xilinx/Vivado/2017.4/common/technology/generic/autopilot/APCoreGen.gen 
Command       ap_source returned 0; 0 sec.
Command     ap_source returned 0; 0 sec.
Execute     source /home/tools/Xilinx/Vivado/2017.4/common/technology/generic/autopilot/op.gen 
Command     ap_source returned 0; 0 sec.
Execute     source /home/tools/Xilinx/Vivado/2017.4/common/technology/generic/autopilot/op_simcore.gen 
Command     ap_source returned 0; 0 sec.
Execute     source /home/tools/Xilinx/Vivado/2017.4/common/technology/generic/autopilot/interface.gen 
Command     ap_source returned 0; 0 sec.
Execute     source /home/giorgio/workspace/jpeg-rs-clean/syn/ChenIDCT_reg_1/OPT/.autopilot/db/global.setting.tcl 
Command     ap_source returned 0; 0 sec.
Execute     source /home/tools/Xilinx/Vivado/2017.4/common/technology/xilinx/zynquplus/zynquplus.gen 
Execute       source /home/tools/Xilinx/Vivado/2017.4/common/technology/xilinx/common/virtex.gen 
Execute         source /home/tools/Xilinx/Vivado/2017.4/common/technology/xilinx/common/xilinx.gen 
Execute           source /home/tools/Xilinx/Vivado/2017.4/common/technology/xilinx/interface/plb46.gen 
Command           ap_source returned 0; 0 sec.
Execute           source /home/tools/Xilinx/Vivado/2017.4/common/technology/xilinx/interface/fsl.gen 
Command           ap_source returned 0; 0 sec.
Execute           source /home/tools/Xilinx/Vivado/2017.4/common/technology/xilinx/interface/axi4.gen 
Command           ap_source returned 0; 0.01 sec.
Execute           source /home/tools/Xilinx/Vivado/2017.4/common/technology/xilinx/interface/nativeAXI4.gen 
Execute             source /home/tools/Xilinx/Vivado/2017.4/common/technology/xilinx/interface/saxilite.gen 
Command             ap_source returned 0; 0 sec.
Execute             source /home/tools/Xilinx/Vivado/2017.4/common/technology/xilinx/interface/maxi.gen 
Command             ap_source returned 0; 0.01 sec.
Command           ap_source returned 0; 0.01 sec.
Execute           source /home/tools/Xilinx/Vivado/2017.4/common/technology/xilinx/scripts/xilinxcoregen.gen 
Command           ap_source returned 0; 0.01 sec.
Execute           source /home/tools/Xilinx/Vivado/2017.4/common/technology/xilinx/interface/XilEDKCoreGen.gen 
Command           ap_source returned 0; 0.01 sec.
Execute           source /home/tools/Xilinx/Vivado/2017.4/common/technology/xilinx/ip/dds_compiler.gen 
Command           ap_source returned 0; 0 sec.
Execute           source /home/tools/Xilinx/Vivado/2017.4/common/technology/xilinx/ip/util.gen 
Command           ap_source returned 0; 0 sec.
Execute           source /home/tools/Xilinx/Vivado/2017.4/common/technology/xilinx/ip/xfft.gen 
Command           ap_source returned 0; 0.14 sec.
Execute           source /home/tools/Xilinx/Vivado/2017.4/common/technology/xilinx/ip/xfir.gen 
Command           ap_source returned 0; 0 sec.
Command         ap_source returned 0; 0.18 sec.
Execute         source /home/tools/Xilinx/Vivado/2017.4/common/technology/xilinx/common/dsp48.gen 
Command         ap_source returned 0; 0 sec.
Command       ap_source returned 0; 0.18 sec.
Command     ap_source returned 0; 0.18 sec.
Execute     source /home/tools/Xilinx/Vivado/2017.4/common/technology/xilinx/zynquplus/zynquplus_fpv7.gen 
Execute       source /home/tools/Xilinx/Vivado/2017.4/common/technology/xilinx/common/xilinx_fpv6.gen 
Command       ap_source returned 0; 0.01 sec.
Command     ap_source returned 0; 0.01 sec.
Execute     source /home/giorgio/workspace/jpeg-rs-clean/syn/ChenIDCT_reg_1/OPT/.autopilot/db/global.setting.tcl 
Command     ap_source returned 0; 0 sec.
Command   export_design returned 0; 47.21 sec.
Command ap_source returned 0; 47.54 sec.
Execute cleanup_all 
Command cleanup_all returned 0; 0 sec.
