#-----------------------------------------------------------
# xsim v2017.4 (64-bit)
# SW Build 2086221 on Fri Dec 15 20:54:30 MST 2017
# IP Build 2085800 on Fri Dec 15 22:25:07 MST 2017
# Start of session at: Fri May  4 18:13:01 2018
# Process ID: 15485
# Current directory: /home/giorgio/workspace/jpeg-rs-clean/syn/WriteOneBlock/OPT/sim/verilog
# Command line: xsim -mode tcl -source {xsim.dir/WriteOneBlock_f2r_entry_s2e_forEnd13/xsim_script.tcl}
# Log file: /home/giorgio/workspace/jpeg-rs-clean/syn/WriteOneBlock/OPT/sim/verilog/xsim.log
# Journal file: /home/giorgio/workspace/jpeg-rs-clean/syn/WriteOneBlock/OPT/sim/verilog/xsim.jou
#-----------------------------------------------------------
source xsim.dir/WriteOneBlock_f2r_entry_s2e_forEnd13/xsim_script.tcl
# xsim {WriteOneBlock_f2r_entry_s2e_forEnd13} -autoloadwcfg -tclbatch {WriteOneBlock_f2r_entry_s2e_forEnd13.tcl}
Vivado Simulator 2017.4
Time resolution is 1 ps
source WriteOneBlock_f2r_entry_s2e_forEnd13.tcl
## run all
////////////////////////////////////////////////////////////////////////////////////
// Inter-Transaction Progress: Completed Transaction / Total Transaction
// Intra-Transaction Progress: Measured Latency / Latency Estimation * 100%
//
// RTL Simulation : "Inter-Transaction Progress" ["Intra-Transaction Progress"] @ "Simulation Time"
////////////////////////////////////////////////////////////////////////////////////
// RTL Simulation : 0 / 288 [n/a] @ "107000"
// RTL Simulation : 1 / 288 [n/a] @ "2669000"
// RTL Simulation : 2 / 288 [n/a] @ "5234000"
// RTL Simulation : 3 / 288 [n/a] @ "7799000"
// RTL Simulation : 4 / 288 [n/a] @ "10364000"
// RTL Simulation : 5 / 288 [n/a] @ "12929000"
// RTL Simulation : 6 / 288 [n/a] @ "15494000"
// RTL Simulation : 7 / 288 [n/a] @ "18059000"
// RTL Simulation : 8 / 288 [n/a] @ "20624000"
// RTL Simulation : 9 / 288 [n/a] @ "23189000"
// RTL Simulation : 10 / 288 [n/a] @ "25754000"
// RTL Simulation : 11 / 288 [n/a] @ "28319000"
// RTL Simulation : 12 / 288 [n/a] @ "30884000"
// RTL Simulation : 13 / 288 [n/a] @ "33449000"
// RTL Simulation : 14 / 288 [n/a] @ "36014000"
// RTL Simulation : 15 / 288 [n/a] @ "38579000"
// RTL Simulation : 16 / 288 [n/a] @ "41144000"
// RTL Simulation : 17 / 288 [n/a] @ "43709000"
// RTL Simulation : 18 / 288 [n/a] @ "46274000"
// RTL Simulation : 19 / 288 [n/a] @ "48839000"
// RTL Simulation : 20 / 288 [n/a] @ "51404000"
// RTL Simulation : 21 / 288 [n/a] @ "53969000"
// RTL Simulation : 22 / 288 [n/a] @ "56534000"
// RTL Simulation : 23 / 288 [n/a] @ "59099000"
// RTL Simulation : 24 / 288 [n/a] @ "61664000"
// RTL Simulation : 25 / 288 [n/a] @ "64229000"
// RTL Simulation : 26 / 288 [n/a] @ "66794000"
// RTL Simulation : 27 / 288 [n/a] @ "69359000"
// RTL Simulation : 28 / 288 [n/a] @ "71924000"
// RTL Simulation : 29 / 288 [n/a] @ "74489000"
// RTL Simulation : 30 / 288 [n/a] @ "77054000"
// RTL Simulation : 31 / 288 [n/a] @ "79619000"
// RTL Simulation : 32 / 288 [n/a] @ "82184000"
// RTL Simulation : 33 / 288 [n/a] @ "84749000"
// RTL Simulation : 34 / 288 [n/a] @ "87314000"
// RTL Simulation : 35 / 288 [n/a] @ "89879000"
// RTL Simulation : 36 / 288 [n/a] @ "92444000"
// RTL Simulation : 37 / 288 [n/a] @ "95009000"
// RTL Simulation : 38 / 288 [n/a] @ "97574000"
// RTL Simulation : 39 / 288 [n/a] @ "100139000"
// RTL Simulation : 40 / 288 [n/a] @ "102704000"
// RTL Simulation : 41 / 288 [n/a] @ "105269000"
// RTL Simulation : 42 / 288 [n/a] @ "107834000"
// RTL Simulation : 43 / 288 [n/a] @ "110399000"
// RTL Simulation : 44 / 288 [n/a] @ "112964000"
// RTL Simulation : 45 / 288 [n/a] @ "115529000"
// RTL Simulation : 46 / 288 [n/a] @ "118094000"
// RTL Simulation : 47 / 288 [n/a] @ "120659000"
// RTL Simulation : 48 / 288 [n/a] @ "123224000"
// RTL Simulation : 49 / 288 [n/a] @ "125789000"
// RTL Simulation : 50 / 288 [n/a] @ "128354000"
// RTL Simulation : 51 / 288 [n/a] @ "130919000"
// RTL Simulation : 52 / 288 [n/a] @ "133484000"
// RTL Simulation : 53 / 288 [n/a] @ "136049000"
// RTL Simulation : 54 / 288 [n/a] @ "138614000"
// RTL Simulation : 55 / 288 [n/a] @ "141179000"
// RTL Simulation : 56 / 288 [n/a] @ "143744000"
// RTL Simulation : 57 / 288 [n/a] @ "146309000"
// RTL Simulation : 58 / 288 [n/a] @ "148874000"
// RTL Simulation : 59 / 288 [n/a] @ "151439000"
// RTL Simulation : 60 / 288 [n/a] @ "154004000"
// RTL Simulation : 61 / 288 [n/a] @ "156569000"
// RTL Simulation : 62 / 288 [n/a] @ "158078000"
// RTL Simulation : 63 / 288 [n/a] @ "160643000"
// RTL Simulation : 64 / 288 [n/a] @ "162152000"
// RTL Simulation : 65 / 288 [n/a] @ "164717000"
// RTL Simulation : 66 / 288 [n/a] @ "166226000"
// RTL Simulation : 67 / 288 [n/a] @ "168791000"
// RTL Simulation : 68 / 288 [n/a] @ "170300000"
// RTL Simulation : 69 / 288 [n/a] @ "172865000"
// RTL Simulation : 70 / 288 [n/a] @ "174374000"
// RTL Simulation : 71 / 288 [n/a] @ "176939000"
// RTL Simulation : 72 / 288 [n/a] @ "178448000"
// RTL Simulation : 73 / 288 [n/a] @ "181013000"
// RTL Simulation : 74 / 288 [n/a] @ "183578000"
// RTL Simulation : 75 / 288 [n/a] @ "186143000"
// RTL Simulation : 76 / 288 [n/a] @ "188708000"
// RTL Simulation : 77 / 288 [n/a] @ "191273000"
// RTL Simulation : 78 / 288 [n/a] @ "193838000"
// RTL Simulation : 79 / 288 [n/a] @ "196403000"
// RTL Simulation : 80 / 288 [n/a] @ "198968000"
// RTL Simulation : 81 / 288 [n/a] @ "201533000"
// RTL Simulation : 82 / 288 [n/a] @ "204098000"
// RTL Simulation : 83 / 288 [n/a] @ "206663000"
// RTL Simulation : 84 / 288 [n/a] @ "209228000"
// RTL Simulation : 85 / 288 [n/a] @ "211793000"
// RTL Simulation : 86 / 288 [n/a] @ "214358000"
// RTL Simulation : 87 / 288 [n/a] @ "216923000"
// RTL Simulation : 88 / 288 [n/a] @ "219488000"
// RTL Simulation : 89 / 288 [n/a] @ "222053000"
// RTL Simulation : 90 / 288 [n/a] @ "224618000"
// RTL Simulation : 91 / 288 [n/a] @ "227183000"
// RTL Simulation : 92 / 288 [n/a] @ "229748000"
// RTL Simulation : 93 / 288 [n/a] @ "232313000"
// RTL Simulation : 94 / 288 [n/a] @ "234878000"
// RTL Simulation : 95 / 288 [n/a] @ "237443000"
// RTL Simulation : 96 / 288 [n/a] @ "240008000"
// RTL Simulation : 97 / 288 [n/a] @ "242573000"
// RTL Simulation : 98 / 288 [n/a] @ "245138000"
// RTL Simulation : 99 / 288 [n/a] @ "247703000"
// RTL Simulation : 100 / 288 [n/a] @ "250268000"
// RTL Simulation : 101 / 288 [n/a] @ "252833000"
// RTL Simulation : 102 / 288 [n/a] @ "255398000"
// RTL Simulation : 103 / 288 [n/a] @ "257963000"
// RTL Simulation : 104 / 288 [n/a] @ "260528000"
// RTL Simulation : 105 / 288 [n/a] @ "263093000"
// RTL Simulation : 106 / 288 [n/a] @ "265658000"
// RTL Simulation : 107 / 288 [n/a] @ "268223000"
// RTL Simulation : 108 / 288 [n/a] @ "270788000"
// RTL Simulation : 109 / 288 [n/a] @ "273353000"
// RTL Simulation : 110 / 288 [n/a] @ "275918000"
// RTL Simulation : 111 / 288 [n/a] @ "278483000"
// RTL Simulation : 112 / 288 [n/a] @ "281048000"
// RTL Simulation : 113 / 288 [n/a] @ "283613000"
// RTL Simulation : 114 / 288 [n/a] @ "286178000"
// RTL Simulation : 115 / 288 [n/a] @ "288743000"
// RTL Simulation : 116 / 288 [n/a] @ "291308000"
// RTL Simulation : 117 / 288 [n/a] @ "293873000"
// RTL Simulation : 118 / 288 [n/a] @ "296438000"
// RTL Simulation : 119 / 288 [n/a] @ "299003000"
// RTL Simulation : 120 / 288 [n/a] @ "301568000"
// RTL Simulation : 121 / 288 [n/a] @ "304133000"
// RTL Simulation : 122 / 288 [n/a] @ "306698000"
// RTL Simulation : 123 / 288 [n/a] @ "309263000"
// RTL Simulation : 124 / 288 [n/a] @ "311828000"
// RTL Simulation : 125 / 288 [n/a] @ "314393000"
// RTL Simulation : 126 / 288 [n/a] @ "316958000"
// RTL Simulation : 127 / 288 [n/a] @ "319523000"
// RTL Simulation : 128 / 288 [n/a] @ "322088000"
// RTL Simulation : 129 / 288 [n/a] @ "324653000"
// RTL Simulation : 130 / 288 [n/a] @ "327218000"
// RTL Simulation : 131 / 288 [n/a] @ "329783000"
// RTL Simulation : 132 / 288 [n/a] @ "332348000"
// RTL Simulation : 133 / 288 [n/a] @ "334913000"
// RTL Simulation : 134 / 288 [n/a] @ "336422000"
// RTL Simulation : 135 / 288 [n/a] @ "338987000"
// RTL Simulation : 136 / 288 [n/a] @ "340496000"
// RTL Simulation : 137 / 288 [n/a] @ "343061000"
// RTL Simulation : 138 / 288 [n/a] @ "344570000"
// RTL Simulation : 139 / 288 [n/a] @ "347135000"
// RTL Simulation : 140 / 288 [n/a] @ "348644000"
// RTL Simulation : 141 / 288 [n/a] @ "351209000"
// RTL Simulation : 142 / 288 [n/a] @ "352718000"
// RTL Simulation : 143 / 288 [n/a] @ "355283000"
// RTL Simulation : 144 / 288 [n/a] @ "356792000"
// RTL Simulation : 145 / 288 [n/a] @ "359357000"
// RTL Simulation : 146 / 288 [n/a] @ "361922000"
// RTL Simulation : 147 / 288 [n/a] @ "364487000"
// RTL Simulation : 148 / 288 [n/a] @ "367052000"
// RTL Simulation : 149 / 288 [n/a] @ "369617000"
// RTL Simulation : 150 / 288 [n/a] @ "372182000"
// RTL Simulation : 151 / 288 [n/a] @ "374747000"
// RTL Simulation : 152 / 288 [n/a] @ "377312000"
// RTL Simulation : 153 / 288 [n/a] @ "379877000"
// RTL Simulation : 154 / 288 [n/a] @ "382442000"
// RTL Simulation : 155 / 288 [n/a] @ "385007000"
// RTL Simulation : 156 / 288 [n/a] @ "387572000"
// RTL Simulation : 157 / 288 [n/a] @ "390137000"
// RTL Simulation : 158 / 288 [n/a] @ "392702000"
// RTL Simulation : 159 / 288 [n/a] @ "395267000"
// RTL Simulation : 160 / 288 [n/a] @ "397832000"
// RTL Simulation : 161 / 288 [n/a] @ "400397000"
// RTL Simulation : 162 / 288 [n/a] @ "402962000"
// RTL Simulation : 163 / 288 [n/a] @ "405527000"
// RTL Simulation : 164 / 288 [n/a] @ "408092000"
// RTL Simulation : 165 / 288 [n/a] @ "410657000"
// RTL Simulation : 166 / 288 [n/a] @ "413222000"
// RTL Simulation : 167 / 288 [n/a] @ "415787000"
// RTL Simulation : 168 / 288 [n/a] @ "418352000"
// RTL Simulation : 169 / 288 [n/a] @ "420917000"
// RTL Simulation : 170 / 288 [n/a] @ "423482000"
// RTL Simulation : 171 / 288 [n/a] @ "426047000"
// RTL Simulation : 172 / 288 [n/a] @ "428612000"
// RTL Simulation : 173 / 288 [n/a] @ "431177000"
// RTL Simulation : 174 / 288 [n/a] @ "433742000"
// RTL Simulation : 175 / 288 [n/a] @ "436307000"
// RTL Simulation : 176 / 288 [n/a] @ "438872000"
// RTL Simulation : 177 / 288 [n/a] @ "441437000"
// RTL Simulation : 178 / 288 [n/a] @ "444002000"
// RTL Simulation : 179 / 288 [n/a] @ "446567000"
// RTL Simulation : 180 / 288 [n/a] @ "449132000"
// RTL Simulation : 181 / 288 [n/a] @ "451697000"
// RTL Simulation : 182 / 288 [n/a] @ "454262000"
// RTL Simulation : 183 / 288 [n/a] @ "456827000"
// RTL Simulation : 184 / 288 [n/a] @ "459392000"
// RTL Simulation : 185 / 288 [n/a] @ "461957000"
// RTL Simulation : 186 / 288 [n/a] @ "464522000"
// RTL Simulation : 187 / 288 [n/a] @ "467087000"
// RTL Simulation : 188 / 288 [n/a] @ "469652000"
// RTL Simulation : 189 / 288 [n/a] @ "472217000"
// RTL Simulation : 190 / 288 [n/a] @ "474782000"
// RTL Simulation : 191 / 288 [n/a] @ "477347000"
// RTL Simulation : 192 / 288 [n/a] @ "479912000"
// RTL Simulation : 193 / 288 [n/a] @ "482477000"
// RTL Simulation : 194 / 288 [n/a] @ "485042000"
// RTL Simulation : 195 / 288 [n/a] @ "487607000"
// RTL Simulation : 196 / 288 [n/a] @ "490172000"
// RTL Simulation : 197 / 288 [n/a] @ "492737000"
// RTL Simulation : 198 / 288 [n/a] @ "495302000"
// RTL Simulation : 199 / 288 [n/a] @ "497867000"
// RTL Simulation : 200 / 288 [n/a] @ "500432000"
// RTL Simulation : 201 / 288 [n/a] @ "502997000"
// RTL Simulation : 202 / 288 [n/a] @ "505562000"
// RTL Simulation : 203 / 288 [n/a] @ "508127000"
// RTL Simulation : 204 / 288 [n/a] @ "510692000"
// RTL Simulation : 205 / 288 [n/a] @ "513257000"
// RTL Simulation : 206 / 288 [n/a] @ "514766000"
// RTL Simulation : 207 / 288 [n/a] @ "517331000"
// RTL Simulation : 208 / 288 [n/a] @ "518840000"
// RTL Simulation : 209 / 288 [n/a] @ "521405000"
// RTL Simulation : 210 / 288 [n/a] @ "522914000"
// RTL Simulation : 211 / 288 [n/a] @ "525479000"
// RTL Simulation : 212 / 288 [n/a] @ "526988000"
// RTL Simulation : 213 / 288 [n/a] @ "529553000"
// RTL Simulation : 214 / 288 [n/a] @ "531062000"
// RTL Simulation : 215 / 288 [n/a] @ "533627000"
// RTL Simulation : 216 / 288 [n/a] @ "535136000"
// RTL Simulation : 217 / 288 [n/a] @ "537701000"
// RTL Simulation : 218 / 288 [n/a] @ "540266000"
// RTL Simulation : 219 / 288 [n/a] @ "541895000"
// RTL Simulation : 220 / 288 [n/a] @ "543524000"
// RTL Simulation : 221 / 288 [n/a] @ "546089000"
// RTL Simulation : 222 / 288 [n/a] @ "548654000"
// RTL Simulation : 223 / 288 [n/a] @ "550283000"
// RTL Simulation : 224 / 288 [n/a] @ "551912000"
// RTL Simulation : 225 / 288 [n/a] @ "554477000"
// RTL Simulation : 226 / 288 [n/a] @ "557042000"
// RTL Simulation : 227 / 288 [n/a] @ "558671000"
// RTL Simulation : 228 / 288 [n/a] @ "560300000"
// RTL Simulation : 229 / 288 [n/a] @ "562865000"
// RTL Simulation : 230 / 288 [n/a] @ "565430000"
// RTL Simulation : 231 / 288 [n/a] @ "567059000"
// RTL Simulation : 232 / 288 [n/a] @ "568688000"
// RTL Simulation : 233 / 288 [n/a] @ "571253000"
// RTL Simulation : 234 / 288 [n/a] @ "573818000"
// RTL Simulation : 235 / 288 [n/a] @ "575447000"
// RTL Simulation : 236 / 288 [n/a] @ "577076000"
// RTL Simulation : 237 / 288 [n/a] @ "579641000"
// RTL Simulation : 238 / 288 [n/a] @ "582206000"
// RTL Simulation : 239 / 288 [n/a] @ "583835000"
// RTL Simulation : 240 / 288 [n/a] @ "585464000"
// RTL Simulation : 241 / 288 [n/a] @ "588029000"
// RTL Simulation : 242 / 288 [n/a] @ "590594000"
// RTL Simulation : 243 / 288 [n/a] @ "592223000"
// RTL Simulation : 244 / 288 [n/a] @ "593852000"
// RTL Simulation : 245 / 288 [n/a] @ "596417000"
// RTL Simulation : 246 / 288 [n/a] @ "598982000"
// RTL Simulation : 247 / 288 [n/a] @ "600611000"
// RTL Simulation : 248 / 288 [n/a] @ "602240000"
// RTL Simulation : 249 / 288 [n/a] @ "604805000"
// RTL Simulation : 250 / 288 [n/a] @ "607370000"
// RTL Simulation : 251 / 288 [n/a] @ "608999000"
// RTL Simulation : 252 / 288 [n/a] @ "610628000"
// RTL Simulation : 253 / 288 [n/a] @ "613193000"
// RTL Simulation : 254 / 288 [n/a] @ "615758000"
// RTL Simulation : 255 / 288 [n/a] @ "617387000"
// RTL Simulation : 256 / 288 [n/a] @ "619016000"
// RTL Simulation : 257 / 288 [n/a] @ "621581000"
// RTL Simulation : 258 / 288 [n/a] @ "624146000"
// RTL Simulation : 259 / 288 [n/a] @ "625775000"
// RTL Simulation : 260 / 288 [n/a] @ "627404000"
// RTL Simulation : 261 / 288 [n/a] @ "629969000"
// RTL Simulation : 262 / 288 [n/a] @ "632534000"
// RTL Simulation : 263 / 288 [n/a] @ "634163000"
// RTL Simulation : 264 / 288 [n/a] @ "635792000"
// RTL Simulation : 265 / 288 [n/a] @ "638357000"
// RTL Simulation : 266 / 288 [n/a] @ "640922000"
// RTL Simulation : 267 / 288 [n/a] @ "642551000"
// RTL Simulation : 268 / 288 [n/a] @ "644180000"
// RTL Simulation : 269 / 288 [n/a] @ "646745000"
// RTL Simulation : 270 / 288 [n/a] @ "649310000"
// RTL Simulation : 271 / 288 [n/a] @ "650939000"
// RTL Simulation : 272 / 288 [n/a] @ "652568000"
// RTL Simulation : 273 / 288 [n/a] @ "655133000"
// RTL Simulation : 274 / 288 [n/a] @ "657698000"
// RTL Simulation : 275 / 288 [n/a] @ "659327000"
// RTL Simulation : 276 / 288 [n/a] @ "660956000"
// RTL Simulation : 277 / 288 [n/a] @ "663521000"
// RTL Simulation : 278 / 288 [n/a] @ "665030000"
// RTL Simulation : 279 / 288 [n/a] @ "666659000"
// RTL Simulation : 280 / 288 [n/a] @ "667928000"
// RTL Simulation : 281 / 288 [n/a] @ "670493000"
// RTL Simulation : 282 / 288 [n/a] @ "672002000"
// RTL Simulation : 283 / 288 [n/a] @ "673631000"
// RTL Simulation : 284 / 288 [n/a] @ "674900000"
// RTL Simulation : 285 / 288 [n/a] @ "677465000"
// RTL Simulation : 286 / 288 [n/a] @ "678974000"
// RTL Simulation : 287 / 288 [n/a] @ "680603000"
// RTL Simulation : 288 / 288 [n/a] @ "681872000"
////////////////////////////////////////////////////////////////////////////////////
$finish called at time : 681883500 ps : File "/home/giorgio/workspace/jpeg-rs-clean/syn/WriteOneBlock/OPT/sim/verilog/WriteOneBlock_f2r_entry_s2e_forEnd13.autotb.v" Line 664
run: Time (s): cpu = 00:00:00.04 ; elapsed = 00:00:21 . Memory (MB): peak = 1240.266 ; gain = 0.000 ; free physical = 7738 ; free virtual = 18116
## quit
INFO: [Common 17-206] Exiting xsim at Fri May  4 18:13:31 2018...
