

================================================================
== Vivado HLS Report for 'ChenIDct'
================================================================
* Date:           Mon Apr 30 18:37:55 2018

* Version:        2017.4 (Build 2086221 on Fri Dec 15 21:13:33 MST 2017)
* Project:        chenIDCT
* Solution:       OPT
* Product family: zynquplus
* Target device:  xczu9eg-ffvb1156-2-i


================================================================
== Performance Estimates
================================================================
+ Timing (ns): 
    * Summary: 
    +--------+-------+----------+------------+
    |  Clock | Target| Estimated| Uncertainty|
    +--------+-------+----------+------------+
    |ap_clk  |   3.00|      2.62|        0.38|
    +--------+-------+----------+------------+

+ Latency (clock cycles): 
    * Summary: 
    +-----+-----+-----+-----+---------+
    |  Latency  |  Interval | Pipeline|
    | min | max | min | max |   Type  |
    +-----+-----+-----+-----+---------+
    |  723|  723|  723|  723|   none  |
    +-----+-----+-----+-----+---------+

    + Detail: 
        * Instance: 
        N/A

        * Loop: 
        +--------------------------+-----+-----+----------+-----------+-----------+------+----------+
        |                          |  Latency  | Iteration|  Initiation Interval  | Trip |          |
        |         Loop Name        | min | max |  Latency |  achieved |   target  | Count| Pipelined|
        +--------------------------+-----+-----+----------+-----------+-----------+------+----------+
        |- Loop 1                  |  280|  280|        35|          -|          -|     8|    no    |
        |- Loop 2                  |  280|  280|        35|          -|          -|     8|    no    |
        |- Loop 3                  |  150|  150|        75|          -|          -|     2|    no    |
        | + memcpy.inp1_buf.y      |   33|   33|         3|          1|          1|    32|    yes   |
        | + Loop 3.2               |    4|    4|         2|          -|          -|     2|    no    |
        | + memcpy.y.out1_buf.gep  |   32|   32|         2|          1|          1|    32|    yes   |
        +--------------------------+-----+-----+----------+-----------+-----------+------+----------+



================================================================
== Utilization Estimates
================================================================
* Summary: 
+-----------------+---------+-------+--------+--------+-----+
|       Name      | BRAM_18K| DSP48E|   FF   |   LUT  | URAM|
+-----------------+---------+-------+--------+--------+-----+
|DSP              |        -|      -|       -|       -|    -|
|Expression       |        -|      -|       0|    9102|    -|
|FIFO             |        -|      -|       -|       -|    -|
|Instance         |        2|    128|    5968|    2597|    -|
|Memory           |        -|      -|       -|       -|    -|
|Multiplexer      |        -|      -|       -|     845|    -|
|Register         |        -|      -|    7982|       -|    -|
+-----------------+---------+-------+--------+--------+-----+
|Total            |        2|    128|   13950|   12544|    0|
+-----------------+---------+-------+--------+--------+-----+
|Available        |     1824|   2520|  548160|  274080|    0|
+-----------------+---------+-------+--------+--------+-----+
|Utilization (%)  |    ~0   |      5|       2|       4|    0|
+-----------------+---------+-------+--------+--------+-----+

+ Detail: 
    * Instance: 
    +------------------------------+----------------------------+---------+-------+-----+-----+
    |           Instance           |           Module           | BRAM_18K| DSP48E|  FF | LUT |
    +------------------------------+----------------------------+---------+-------+-----+-----+
    |ChenIDct_BUS_CTRL_s_axi_U     |ChenIDct_BUS_CTRL_s_axi     |        0|      0|  176|  296|
    |ChenIDct_BUS_SRC_DST_m_axi_U  |ChenIDct_BUS_SRC_DST_m_axi  |        2|      0|  512|  580|
    |ChenIDct_mul_10nsdEe_U3       |ChenIDct_mul_10nsdEe        |        0|      4|  165|   49|
    |ChenIDct_mul_10nsdEe_U5       |ChenIDct_mul_10nsdEe        |        0|      4|  165|   49|
    |ChenIDct_mul_10nsdEe_U6       |ChenIDct_mul_10nsdEe        |        0|      4|  165|   49|
    |ChenIDct_mul_10nsdEe_U7       |ChenIDct_mul_10nsdEe        |        0|      4|  165|   49|
    |ChenIDct_mul_10nsdEe_U11      |ChenIDct_mul_10nsdEe        |        0|      4|  165|   49|
    |ChenIDct_mul_10nsdEe_U13      |ChenIDct_mul_10nsdEe        |        0|      4|  165|   49|
    |ChenIDct_mul_10nsdEe_U14      |ChenIDct_mul_10nsdEe        |        0|      4|  165|   49|
    |ChenIDct_mul_10nsdEe_U15      |ChenIDct_mul_10nsdEe        |        0|      4|  165|   49|
    |ChenIDct_mul_10nsdEe_U16      |ChenIDct_mul_10nsdEe        |        0|      4|  165|   49|
    |ChenIDct_mul_10nsdEe_U19      |ChenIDct_mul_10nsdEe        |        0|      4|  165|   49|
    |ChenIDct_mul_10nsdEe_U21      |ChenIDct_mul_10nsdEe        |        0|      4|  165|   49|
    |ChenIDct_mul_10nsdEe_U22      |ChenIDct_mul_10nsdEe        |        0|      4|  165|   49|
    |ChenIDct_mul_10nsdEe_U23      |ChenIDct_mul_10nsdEe        |        0|      4|  165|   49|
    |ChenIDct_mul_10nsdEe_U27      |ChenIDct_mul_10nsdEe        |        0|      4|  165|   49|
    |ChenIDct_mul_10nsdEe_U29      |ChenIDct_mul_10nsdEe        |        0|      4|  165|   49|
    |ChenIDct_mul_10nsdEe_U30      |ChenIDct_mul_10nsdEe        |        0|      4|  165|   49|
    |ChenIDct_mul_10nsdEe_U31      |ChenIDct_mul_10nsdEe        |        0|      4|  165|   49|
    |ChenIDct_mul_10nsdEe_U32      |ChenIDct_mul_10nsdEe        |        0|      4|  165|   49|
    |ChenIDct_mul_10s_cud_U2       |ChenIDct_mul_10s_cud        |        0|      4|  165|   49|
    |ChenIDct_mul_10s_cud_U4       |ChenIDct_mul_10s_cud        |        0|      4|  165|   49|
    |ChenIDct_mul_10s_cud_U10      |ChenIDct_mul_10s_cud        |        0|      4|  165|   49|
    |ChenIDct_mul_10s_cud_U18      |ChenIDct_mul_10s_cud        |        0|      4|  165|   49|
    |ChenIDct_mul_10s_cud_U20      |ChenIDct_mul_10s_cud        |        0|      4|  165|   49|
    |ChenIDct_mul_10s_cud_U26      |ChenIDct_mul_10s_cud        |        0|      4|  165|   49|
    |ChenIDct_mul_8ns_bkb_U1       |ChenIDct_mul_8ns_bkb        |        0|      4|  165|   49|
    |ChenIDct_mul_8ns_bkb_U8       |ChenIDct_mul_8ns_bkb        |        0|      4|  165|   49|
    |ChenIDct_mul_8ns_bkb_U17      |ChenIDct_mul_8ns_bkb        |        0|      4|  165|   49|
    |ChenIDct_mul_8ns_bkb_U24      |ChenIDct_mul_8ns_bkb        |        0|      4|  165|   49|
    |ChenIDct_mul_9ns_eOg_U9       |ChenIDct_mul_9ns_eOg        |        0|      4|  165|   49|
    |ChenIDct_mul_9ns_eOg_U12      |ChenIDct_mul_9ns_eOg        |        0|      4|  165|   49|
    |ChenIDct_mul_9ns_eOg_U25      |ChenIDct_mul_9ns_eOg        |        0|      4|  165|   49|
    |ChenIDct_mul_9ns_eOg_U28      |ChenIDct_mul_9ns_eOg        |        0|      4|  165|   49|
    |ChenIDct_mux_326_fYi_U33      |ChenIDct_mux_326_fYi        |        0|      0|    0|  153|
    +------------------------------+----------------------------+---------+-------+-----+-----+
    |Total                         |                            |        2|    128| 5968| 2597|
    +------------------------------+----------------------------+---------+-------+-----+-----+

    * DSP48: 
    N/A

    * Memory: 
    N/A

    * FIFO: 
    N/A

    * Expression: 
    +---------------------------------+----------+-------+---+----+------------+------------+
    |          Variable Name          | Operation| DSP48E| FF| LUT| Bitwidth P0| Bitwidth P1|
    +---------------------------------+----------+-------+---+----+------------+------------+
    |a0_6_fu_1787_p2                  |     +    |      0|  0|  39|          32|          32|
    |a0_7_fu_2360_p2                  |     +    |      0|  0|  39|          32|          32|
    |a3_6_fu_1799_p2                  |     +    |      0|  0|  39|          32|          32|
    |a3_7_fu_2372_p2                  |     +    |      0|  0|  39|          32|          32|
    |b0_1_fu_1779_p2                  |     +    |      0|  0|  39|          32|          32|
    |b0_3_fu_2352_p2                  |     +    |      0|  0|  39|          32|          32|
    |b1_1_fu_1874_p2                  |     +    |      0|  0|  39|          32|          32|
    |b1_3_fu_2447_p2                  |     +    |      0|  0|  39|          32|          32|
    |i_3_fu_1193_p2                   |     +    |      0|  0|  12|           4|           1|
    |i_4_fu_1924_p2                   |     +    |      0|  0|  12|           4|           1|
    |i_5_fu_2497_p2                   |     +    |      0|  0|   9|           2|           1|
    |indvar_next1_fu_4681_p2          |     +    |      0|  0|  15|           6|           1|
    |indvar_next_fu_2509_p2           |     +    |      0|  0|  15|           6|           1|
    |k_1_s_fu_3917_p2                 |     +    |      0|  0|  15|           6|           5|
    |sum1_fu_2089_p2                  |     +    |      0|  0|  15|           2|           7|
    |sum4_fu_1398_p2                  |     +    |      0|  0|  15|           6|           6|
    |sum7_fu_1988_p2                  |     +    |      0|  0|  15|           1|           7|
    |sum8_fu_2040_p2                  |     +    |      0|  0|  15|           1|           7|
    |sum9_fu_2065_p2                  |     +    |      0|  0|  15|           2|           7|
    |tmp_119_10_fu_3621_p2            |     +    |      0|  0|  39|          32|          32|
    |tmp_119_11_fu_3685_p2            |     +    |      0|  0|  39|          32|          32|
    |tmp_119_12_fu_3749_p2            |     +    |      0|  0|  39|          32|          32|
    |tmp_119_13_fu_3813_p2            |     +    |      0|  0|  39|          32|          32|
    |tmp_119_14_fu_3877_p2            |     +    |      0|  0|  39|          32|          32|
    |tmp_119_1_fu_2981_p2             |     +    |      0|  0|  39|          32|          32|
    |tmp_119_2_fu_3045_p2             |     +    |      0|  0|  39|          32|          32|
    |tmp_119_3_fu_3109_p2             |     +    |      0|  0|  39|          32|          32|
    |tmp_119_4_fu_3173_p2             |     +    |      0|  0|  39|          32|          32|
    |tmp_119_5_fu_3237_p2             |     +    |      0|  0|  39|          32|          32|
    |tmp_119_6_fu_3301_p2             |     +    |      0|  0|  39|          32|          32|
    |tmp_119_7_fu_3365_p2             |     +    |      0|  0|  39|          32|          32|
    |tmp_119_8_fu_3429_p2             |     +    |      0|  0|  39|          32|          32|
    |tmp_119_9_fu_3493_p2             |     +    |      0|  0|  39|          32|          32|
    |tmp_119_s_fu_3557_p2             |     +    |      0|  0|  39|          32|          32|
    |tmp_12_fu_1726_p2                |     +    |      0|  0|  48|          41|          41|
    |tmp_13_fu_1624_p2                |     +    |      0|  0|  39|          32|          32|
    |tmp_19_fu_1751_p2                |     +    |      0|  0|  48|          41|          41|
    |tmp_1_fu_1695_p2                 |     +    |      0|  0|  48|          41|          41|
    |tmp_22_fu_1765_p2                |     +    |      0|  0|  48|          41|          41|
    |tmp_25_fu_1809_p2                |     +    |      0|  0|  39|          32|          32|
    |tmp_27_fu_1815_p2                |     +    |      0|  0|  39|          32|          32|
    |tmp_28_fu_1892_p2                |     +    |      0|  0|  39|          32|          32|
    |tmp_29_fu_1902_p2                |     +    |      0|  0|  39|          32|          32|
    |tmp_30_fu_1910_p2                |     +    |      0|  0|  39|          32|          32|
    |tmp_39_fu_2253_p2                |     +    |      0|  0|  48|          41|          41|
    |tmp_3_fu_1680_p2                 |     +    |      0|  0|  48|          41|          41|
    |tmp_42_fu_2268_p2                |     +    |      0|  0|  48|          41|          41|
    |tmp_45_fu_2282_p2                |     +    |      0|  0|  48|          41|          41|
    |tmp_48_fu_2299_p2                |     +    |      0|  0|  48|          41|          41|
    |tmp_49_fu_2203_p2                |     +    |      0|  0|  39|          32|          32|
    |tmp_55_fu_2324_p2                |     +    |      0|  0|  48|          41|          41|
    |tmp_58_fu_2338_p2                |     +    |      0|  0|  48|          41|          41|
    |tmp_5_fu_1709_p2                 |     +    |      0|  0|  48|          41|          41|
    |tmp_61_fu_2382_p2                |     +    |      0|  0|  39|          32|          32|
    |tmp_63_fu_2388_p2                |     +    |      0|  0|  39|          32|          32|
    |tmp_64_fu_2465_p2                |     +    |      0|  0|  39|          32|          32|
    |tmp_65_fu_2475_p2                |     +    |      0|  0|  39|          32|          32|
    |tmp_66_fu_2483_p2                |     +    |      0|  0|  39|          32|          32|
    |tmp_75_fu_2917_p2                |     +    |      0|  0|  39|          32|          32|
    |x2_sum1_fu_1445_p2               |     +    |      0|  0|  70|          63|          63|
    |x2_sum2_fu_1467_p2               |     +    |      0|  0|  70|          63|          63|
    |x2_sum5_fu_1243_p2               |     +    |      0|  0|  70|          63|          63|
    |x2_sum6_fu_1285_p2               |     +    |      0|  0|  70|          63|          63|
    |x2_sum7_fu_1322_p2               |     +    |      0|  0|  70|          63|          63|
    |x2_sum8_fu_1364_p2               |     +    |      0|  0|  70|          63|          63|
    |x2_sum9_fu_1408_p2               |     +    |      0|  0|  70|          63|          63|
    |x2_sum_fu_1203_p2                |     +    |      0|  0|  70|          63|          63|
    |y4_sum10_fu_1998_p2              |     +    |      0|  0|  70|          63|          63|
    |y4_sum11_fu_2022_p2              |     +    |      0|  0|  70|          63|          63|
    |y4_sum12_fu_2050_p2              |     +    |      0|  0|  70|          63|          63|
    |y4_sum13_fu_2074_p2              |     +    |      0|  0|  70|          63|          63|
    |y4_sum14_fu_2098_p2              |     +    |      0|  0|  70|          63|          63|
    |y4_sum15_fu_2122_p2              |     +    |      0|  0|  70|          63|          63|
    |y4_sum1_fu_1258_p2               |     +    |      0|  0|  70|          63|          63|
    |y4_sum2_fu_1300_p2               |     +    |      0|  0|  70|          63|          63|
    |y4_sum3_fu_1337_p2               |     +    |      0|  0|  70|          63|          63|
    |y4_sum4_fu_1379_p2               |     +    |      0|  0|  70|          63|          63|
    |y4_sum5_fu_1423_p2               |     +    |      0|  0|  70|          63|          63|
    |y4_sum6_fu_1482_p2               |     +    |      0|  0|  70|          63|          63|
    |y4_sum7_fu_1497_p2               |     +    |      0|  0|  70|          63|          63|
    |y4_sum8_fu_1946_p2               |     +    |      0|  0|  70|          63|          63|
    |y4_sum9_fu_1970_p2               |     +    |      0|  0|  70|          63|          63|
    |y4_sum_fu_1218_p2                |     +    |      0|  0|  70|          63|          63|
    |a1_2_fu_1791_p2                  |     -    |      0|  0|  39|          32|          32|
    |a1_5_fu_2364_p2                  |     -    |      0|  0|  39|          32|          32|
    |a2_2_fu_1795_p2                  |     -    |      0|  0|  39|          32|          32|
    |a2_5_fu_2368_p2                  |     -    |      0|  0|  39|          32|          32|
    |b2_1_fu_1878_p2                  |     -    |      0|  0|  39|          32|          32|
    |b2_3_fu_2451_p2                  |     -    |      0|  0|  39|          32|          32|
    |b3_1_fu_1783_p2                  |     -    |      0|  0|  39|          32|          32|
    |b3_3_fu_2356_p2                  |     -    |      0|  0|  39|          32|          32|
    |p_neg_10_fu_3635_p2              |     -    |      0|  0|  39|           1|          32|
    |p_neg_11_fu_3699_p2              |     -    |      0|  0|  39|           1|          32|
    |p_neg_12_fu_3763_p2              |     -    |      0|  0|  39|           1|          32|
    |p_neg_13_fu_3827_p2              |     -    |      0|  0|  39|           1|          32|
    |p_neg_14_fu_3891_p2              |     -    |      0|  0|  39|           1|          32|
    |p_neg_1_fu_2995_p2               |     -    |      0|  0|  39|           1|          32|
    |p_neg_2_fu_3059_p2               |     -    |      0|  0|  39|           1|          32|
    |p_neg_3_fu_3123_p2               |     -    |      0|  0|  39|           1|          32|
    |p_neg_4_fu_3187_p2               |     -    |      0|  0|  39|           1|          32|
    |p_neg_5_fu_3251_p2               |     -    |      0|  0|  39|           1|          32|
    |p_neg_6_fu_3315_p2               |     -    |      0|  0|  39|           1|          32|
    |p_neg_7_fu_3379_p2               |     -    |      0|  0|  39|           1|          32|
    |p_neg_8_fu_3443_p2               |     -    |      0|  0|  39|           1|          32|
    |p_neg_9_fu_3507_p2               |     -    |      0|  0|  39|           1|          32|
    |p_neg_fu_2931_p2                 |     -    |      0|  0|  39|           1|          32|
    |p_neg_s_fu_3571_p2               |     -    |      0|  0|  39|           1|          32|
    |p_neg_t_10_fu_4333_p2            |     -    |      0|  0|  36|           1|          29|
    |p_neg_t_11_fu_4370_p2            |     -    |      0|  0|  36|           1|          29|
    |p_neg_t_12_fu_4407_p2            |     -    |      0|  0|  36|           1|          29|
    |p_neg_t_13_fu_4444_p2            |     -    |      0|  0|  36|           1|          29|
    |p_neg_t_14_fu_4481_p2            |     -    |      0|  0|  36|           1|          29|
    |p_neg_t_1_fu_3963_p2             |     -    |      0|  0|  36|           1|          29|
    |p_neg_t_2_fu_4000_p2             |     -    |      0|  0|  36|           1|          29|
    |p_neg_t_3_fu_4037_p2             |     -    |      0|  0|  36|           1|          29|
    |p_neg_t_4_fu_4074_p2             |     -    |      0|  0|  36|           1|          29|
    |p_neg_t_5_fu_4111_p2             |     -    |      0|  0|  36|           1|          29|
    |p_neg_t_6_fu_4148_p2             |     -    |      0|  0|  36|           1|          29|
    |p_neg_t_7_fu_4185_p2             |     -    |      0|  0|  36|           1|          29|
    |p_neg_t_8_fu_4222_p2             |     -    |      0|  0|  36|           1|          29|
    |p_neg_t_9_fu_4259_p2             |     -    |      0|  0|  36|           1|          29|
    |p_neg_t_fu_3926_p2               |     -    |      0|  0|  36|           1|          29|
    |p_neg_t_s_fu_4296_p2             |     -    |      0|  0|  36|           1|          29|
    |tmp_15_fu_1630_p2                |     -    |      0|  0|  39|          32|          32|
    |tmp_23_fu_1803_p2                |     -    |      0|  0|  39|          32|          32|
    |tmp_31_fu_1914_p2                |     -    |      0|  0|  39|          32|          32|
    |tmp_32_fu_1906_p2                |     -    |      0|  0|  39|          32|          32|
    |tmp_33_fu_1897_p2                |     -    |      0|  0|  39|          32|          32|
    |tmp_34_fu_1821_p2                |     -    |      0|  0|  39|          32|          32|
    |tmp_51_fu_2207_p2                |     -    |      0|  0|  39|          32|          32|
    |tmp_59_fu_2376_p2                |     -    |      0|  0|  39|          32|          32|
    |tmp_67_fu_2487_p2                |     -    |      0|  0|  39|          32|          32|
    |tmp_68_fu_2479_p2                |     -    |      0|  0|  39|          32|          32|
    |tmp_69_fu_2470_p2                |     -    |      0|  0|  39|          32|          32|
    |tmp_70_fu_2394_p2                |     -    |      0|  0|  39|          32|          32|
    |ap_block_pp0_stage0_11001        |    and   |      0|  0|   9|           1|           1|
    |ap_block_pp1_stage0_11001        |    and   |      0|  0|   9|           1|           1|
    |ap_block_state37_io              |    and   |      0|  0|   9|           1|           1|
    |ap_block_state86_io              |    and   |      0|  0|   9|           1|           1|
    |ap_condition_1757                |    and   |      0|  0|   9|           1|           1|
    |exitcond1_fu_1187_p2             |   icmp   |      0|  0|  11|           4|           5|
    |exitcond2_fu_1918_p2             |   icmp   |      0|  0|  11|           4|           5|
    |exitcond3_fu_2491_p2             |   icmp   |      0|  0|   9|           2|           3|
    |exitcond4_fu_2503_p2             |   icmp   |      0|  0|  11|           6|           7|
    |exitcond5_fu_4675_p2             |   icmp   |      0|  0|  11|           6|           7|
    |exitcond_fu_2879_p2              |   icmp   |      0|  0|  11|           6|           7|
    |ap_block_state25_io              |    or    |      0|  0|   9|           1|           1|
    |p_sum1_fu_1961_p2                |    or    |      0|  0|  13|           6|           1|
    |p_sum2_fu_2113_p2                |    or    |      0|  0|  13|           6|           3|
    |p_sum_fu_2013_p2                 |    or    |      0|  0|  13|           6|           2|
    |inp1_buf_0_1_1_fu_2863_p3        |  select  |      0|  0|  32|           1|          32|
    |inp1_buf_0_1_3_fu_2835_p3        |  select  |      0|  0|  32|           1|          32|
    |inp1_buf_0_1_4_fu_2841_p3        |  select  |      0|  0|  32|           1|          32|
    |inp1_buf_0_1_5_fu_2813_p3        |  select  |      0|  0|  32|           1|          32|
    |inp1_buf_0_1_65_fu_2775_p3       |  select  |      0|  0|  32|           1|          32|
    |inp1_buf_0_1_66_fu_2747_p3       |  select  |      0|  0|  32|           1|          32|
    |inp1_buf_0_1_67_fu_2753_p3       |  select  |      0|  0|  32|           1|          32|
    |inp1_buf_0_1_68_fu_2725_p3       |  select  |      0|  0|  32|           1|          32|
    |inp1_buf_0_1_69_fu_2731_p3       |  select  |      0|  0|  32|           1|          32|
    |inp1_buf_0_1_6_fu_2819_p3        |  select  |      0|  0|  32|           1|          32|
    |inp1_buf_0_1_70_fu_2703_p3       |  select  |      0|  0|  32|           1|          32|
    |inp1_buf_0_1_71_fu_2709_p3       |  select  |      0|  0|  32|           1|          32|
    |inp1_buf_0_1_72_fu_2681_p3       |  select  |      0|  0|  32|           1|          32|
    |inp1_buf_0_1_73_fu_2687_p3       |  select  |      0|  0|  32|           1|          32|
    |inp1_buf_0_1_74_fu_2659_p3       |  select  |      0|  0|  32|           1|          32|
    |inp1_buf_0_1_75_fu_2665_p3       |  select  |      0|  0|  32|           1|          32|
    |inp1_buf_0_1_76_fu_2637_p3       |  select  |      0|  0|  32|           1|          32|
    |inp1_buf_0_1_77_fu_2643_p3       |  select  |      0|  0|  32|           1|          32|
    |inp1_buf_0_1_78_fu_2615_p3       |  select  |      0|  0|  32|           1|          32|
    |inp1_buf_0_1_79_fu_2621_p3       |  select  |      0|  0|  32|           1|          32|
    |inp1_buf_0_1_7_fu_2791_p3        |  select  |      0|  0|  32|           1|          32|
    |inp1_buf_0_1_80_fu_2593_p3       |  select  |      0|  0|  32|           1|          32|
    |inp1_buf_0_1_81_fu_2599_p3       |  select  |      0|  0|  32|           1|          32|
    |inp1_buf_0_1_82_fu_2571_p3       |  select  |      0|  0|  32|           1|          32|
    |inp1_buf_0_1_83_fu_2577_p3       |  select  |      0|  0|  32|           1|          32|
    |inp1_buf_0_1_84_fu_2549_p3       |  select  |      0|  0|  32|           1|          32|
    |inp1_buf_0_1_85_fu_2555_p3       |  select  |      0|  0|  32|           1|          32|
    |inp1_buf_0_1_86_fu_2527_p3       |  select  |      0|  0|  32|           1|          32|
    |inp1_buf_0_1_87_fu_2533_p3       |  select  |      0|  0|  32|           1|          32|
    |inp1_buf_0_1_8_fu_2797_p3        |  select  |      0|  0|  32|           1|          32|
    |inp1_buf_0_1_9_fu_2769_p3        |  select  |      0|  0|  32|           1|          32|
    |inp1_buf_0_1_fu_2857_p3          |  select  |      0|  0|  32|           1|          32|
    |inp1_buf_load_0_phi_fu_2893_p3   |  select  |      0|  0|  32|           1|          32|
    |inp1_buf_load_10_phi_fu_3533_p3  |  select  |      0|  0|  32|           1|          32|
    |inp1_buf_load_11_phi_fu_3597_p3  |  select  |      0|  0|  32|           1|          32|
    |inp1_buf_load_12_phi_fu_3661_p3  |  select  |      0|  0|  32|           1|          32|
    |inp1_buf_load_13_phi_fu_3725_p3  |  select  |      0|  0|  32|           1|          32|
    |inp1_buf_load_14_phi_fu_3789_p3  |  select  |      0|  0|  32|           1|          32|
    |inp1_buf_load_15_phi_fu_3853_p3  |  select  |      0|  0|  32|           1|          32|
    |inp1_buf_load_1_phi_fu_2957_p3   |  select  |      0|  0|  32|           1|          32|
    |inp1_buf_load_2_phi_fu_3021_p3   |  select  |      0|  0|  32|           1|          32|
    |inp1_buf_load_3_phi_fu_3085_p3   |  select  |      0|  0|  32|           1|          32|
    |inp1_buf_load_4_phi_fu_3149_p3   |  select  |      0|  0|  32|           1|          32|
    |inp1_buf_load_5_phi_fu_3213_p3   |  select  |      0|  0|  32|           1|          32|
    |inp1_buf_load_6_phi_fu_3277_p3   |  select  |      0|  0|  32|           1|          32|
    |inp1_buf_load_7_phi_fu_3341_p3   |  select  |      0|  0|  32|           1|          32|
    |inp1_buf_load_8_phi_fu_3405_p3   |  select  |      0|  0|  32|           1|          32|
    |inp1_buf_load_9_phi_fu_3469_p3   |  select  |      0|  0|  32|           1|          32|
    |out1_buf_0_1_2_fu_3953_p3        |  select  |      0|  0|  32|           1|          32|
    |out1_buf_0_1_5_fu_3935_p3        |  select  |      0|  0|  29|           1|          29|
    |out1_buf_0_1_fu_3946_p3          |  select  |      0|  0|  32|           1|          32|
    |out1_buf_10_1_2_fu_4323_p3       |  select  |      0|  0|  32|           1|          32|
    |out1_buf_10_1_5_fu_4305_p3       |  select  |      0|  0|  29|           1|          29|
    |out1_buf_10_1_fu_4316_p3         |  select  |      0|  0|  32|           1|          32|
    |out1_buf_11_1_2_fu_4360_p3       |  select  |      0|  0|  32|           1|          32|
    |out1_buf_11_1_5_fu_4342_p3       |  select  |      0|  0|  29|           1|          29|
    |out1_buf_11_1_fu_4353_p3         |  select  |      0|  0|  32|           1|          32|
    |out1_buf_12_1_2_fu_4397_p3       |  select  |      0|  0|  32|           1|          32|
    |out1_buf_12_1_5_fu_4379_p3       |  select  |      0|  0|  29|           1|          29|
    |out1_buf_12_1_fu_4390_p3         |  select  |      0|  0|  32|           1|          32|
    |out1_buf_13_1_2_fu_4434_p3       |  select  |      0|  0|  32|           1|          32|
    |out1_buf_13_1_5_fu_4416_p3       |  select  |      0|  0|  29|           1|          29|
    |out1_buf_13_1_fu_4427_p3         |  select  |      0|  0|  32|           1|          32|
    |out1_buf_14_1_2_fu_4471_p3       |  select  |      0|  0|  32|           1|          32|
    |out1_buf_14_1_5_fu_4453_p3       |  select  |      0|  0|  29|           1|          29|
    |out1_buf_14_1_fu_4464_p3         |  select  |      0|  0|  32|           1|          32|
    |out1_buf_15_1_2_fu_4508_p3       |  select  |      0|  0|  32|           1|          32|
    |out1_buf_15_1_5_fu_4490_p3       |  select  |      0|  0|  29|           1|          29|
    |out1_buf_15_1_fu_4501_p3         |  select  |      0|  0|  32|           1|          32|
    |out1_buf_1_1_2_fu_3990_p3        |  select  |      0|  0|  32|           1|          32|
    |out1_buf_1_1_5_fu_3972_p3        |  select  |      0|  0|  29|           1|          29|
    |out1_buf_1_1_fu_3983_p3          |  select  |      0|  0|  32|           1|          32|
    |out1_buf_2_1_2_fu_4027_p3        |  select  |      0|  0|  32|           1|          32|
    |out1_buf_2_1_5_fu_4009_p3        |  select  |      0|  0|  29|           1|          29|
    |out1_buf_2_1_fu_4020_p3          |  select  |      0|  0|  32|           1|          32|
    |out1_buf_3_1_2_fu_4064_p3        |  select  |      0|  0|  32|           1|          32|
    |out1_buf_3_1_5_fu_4046_p3        |  select  |      0|  0|  29|           1|          29|
    |out1_buf_3_1_fu_4057_p3          |  select  |      0|  0|  32|           1|          32|
    |out1_buf_4_1_2_fu_4101_p3        |  select  |      0|  0|  32|           1|          32|
    |out1_buf_4_1_5_fu_4083_p3        |  select  |      0|  0|  29|           1|          29|
    |out1_buf_4_1_fu_4094_p3          |  select  |      0|  0|  32|           1|          32|
    |out1_buf_5_1_2_fu_4138_p3        |  select  |      0|  0|  32|           1|          32|
    |out1_buf_5_1_5_fu_4120_p3        |  select  |      0|  0|  29|           1|          29|
    |out1_buf_5_1_fu_4131_p3          |  select  |      0|  0|  32|           1|          32|
    |out1_buf_6_1_2_fu_4175_p3        |  select  |      0|  0|  32|           1|          32|
    |out1_buf_6_1_5_fu_4157_p3        |  select  |      0|  0|  29|           1|          29|
    |out1_buf_6_1_fu_4168_p3          |  select  |      0|  0|  32|           1|          32|
    |out1_buf_7_1_2_fu_4212_p3        |  select  |      0|  0|  32|           1|          32|
    |out1_buf_7_1_5_fu_4194_p3        |  select  |      0|  0|  29|           1|          29|
    |out1_buf_7_1_fu_4205_p3          |  select  |      0|  0|  32|           1|          32|
    |out1_buf_8_1_2_fu_4249_p3        |  select  |      0|  0|  32|           1|          32|
    |out1_buf_8_1_5_fu_4231_p3        |  select  |      0|  0|  29|           1|          29|
    |out1_buf_8_1_fu_4242_p3          |  select  |      0|  0|  32|           1|          32|
    |out1_buf_9_1_2_fu_4286_p3        |  select  |      0|  0|  32|           1|          32|
    |out1_buf_9_1_5_fu_4268_p3        |  select  |      0|  0|  29|           1|          29|
    |out1_buf_9_1_fu_4279_p3          |  select  |      0|  0|  32|           1|          32|
    |tmp_114_cast_cast_fu_2909_p3     |  select  |      0|  0|   5|           1|           5|
    |tmp_122_cast_cast_fu_2973_p3     |  select  |      0|  0|   5|           1|           5|
    |tmp_125_cast_cast_fu_3037_p3     |  select  |      0|  0|   5|           1|           5|
    |tmp_128_cast_cast_fu_3101_p3     |  select  |      0|  0|   5|           1|           5|
    |tmp_131_cast_cast_fu_3165_p3     |  select  |      0|  0|   5|           1|           5|
    |tmp_134_cast_cast_fu_3229_p3     |  select  |      0|  0|   5|           1|           5|
    |tmp_137_cast_cast_fu_3293_p3     |  select  |      0|  0|   5|           1|           5|
    |tmp_140_cast_cast_fu_3357_p3     |  select  |      0|  0|   5|           1|           5|
    |tmp_143_cast_cast_fu_3421_p3     |  select  |      0|  0|   5|           1|           5|
    |tmp_146_cast_cast_fu_3485_p3     |  select  |      0|  0|   5|           1|           5|
    |tmp_149_cast_cast_fu_3549_p3     |  select  |      0|  0|   5|           1|           5|
    |tmp_152_cast_cast_fu_3613_p3     |  select  |      0|  0|   5|           1|           5|
    |tmp_155_cast_cast_fu_3677_p3     |  select  |      0|  0|   5|           1|           5|
    |tmp_158_cast_cast_fu_3741_p3     |  select  |      0|  0|   5|           1|           5|
    |tmp_161_cast_cast_fu_3805_p3     |  select  |      0|  0|   5|           1|           5|
    |tmp_164_cast_cast_fu_3869_p3     |  select  |      0|  0|   5|           1|           5|
    |ap_enable_pp0                    |    xor   |      0|  0|   9|           1|           2|
    |ap_enable_pp1                    |    xor   |      0|  0|   9|           1|           2|
    |ap_enable_reg_pp0_iter1          |    xor   |      0|  0|   9|           2|           1|
    |ap_enable_reg_pp1_iter1          |    xor   |      0|  0|   9|           2|           1|
    |sum2_fu_1233_p2                  |    xor   |      0|  0|  12|           4|           5|
    +---------------------------------+----------+-------+---+----+------------+------------+
    |Total                            |          |      0|  0|9102|        4042|        7977|
    +---------------------------------+----------+-------+---+----+------------+------------+

    * Multiplexer: 
    +------------------------------------+-----+-----------+-----+-----------+
    |                Name                | LUT | Input Size| Bits| Total Bits|
    +------------------------------------+-----+-----------+-----+-----------+
    |BUS_SRC_DST_ARADDR                  |   89|         18|   64|       1152|
    |BUS_SRC_DST_ARLEN                   |   15|          3|   32|         96|
    |BUS_SRC_DST_AWADDR                  |   89|         18|   64|       1152|
    |BUS_SRC_DST_AWLEN                   |   15|          3|   32|         96|
    |BUS_SRC_DST_WDATA                   |   89|         18|   32|        576|
    |BUS_SRC_DST_blk_n_AR                |    9|          2|    1|          2|
    |BUS_SRC_DST_blk_n_AW                |    9|          2|    1|          2|
    |BUS_SRC_DST_blk_n_B                 |    9|          2|    1|          2|
    |BUS_SRC_DST_blk_n_R                 |    9|          2|    1|          2|
    |BUS_SRC_DST_blk_n_W                 |    9|          2|    1|          2|
    |ap_NS_fsm                           |  389|         89|    1|         89|
    |ap_enable_reg_pp0_iter1             |    9|          2|    1|          2|
    |ap_enable_reg_pp0_iter2             |    9|          2|    1|          2|
    |ap_enable_reg_pp1_iter1             |   15|          3|    1|          3|
    |ap_sig_ioackin_BUS_SRC_DST_ARREADY  |    9|          2|    1|          2|
    |ap_sig_ioackin_BUS_SRC_DST_AWREADY  |    9|          2|    1|          2|
    |ap_sig_ioackin_BUS_SRC_DST_WREADY   |    9|          2|    1|          2|
    |i_1_reg_902                         |    9|          2|    4|          8|
    |i_2_reg_913                         |    9|          2|    2|          4|
    |i_reg_890                           |    9|          2|    4|          8|
    |indvar1_reg_946                     |    9|          2|    6|         12|
    |indvar_reg_924                      |    9|          2|    6|         12|
    |k_reg_935                           |    9|          2|    6|         12|
    +------------------------------------+-----+-----------+-----+-----------+
    |Total                               |  845|        184|  264|       3240|
    +------------------------------------+-----+-----------+-----+-----------+

    * Register: 
    +------------------------------------+----+----+-----+-----------+
    |                Name                | FF | LUT| Bits| Const Bits|
    +------------------------------------+----+----+-----+-----------+
    |BUS_SRC_DST_addr_reg_4801           |  62|   0|   64|          2|
    |a0_1_reg_5118                       |  32|   0|   32|          0|
    |a0_3_reg_5714                       |  32|   0|   32|          0|
    |a0_4_reg_5895                       |  32|   0|   32|          0|
    |a0_6_reg_5142                       |  32|   0|   32|          0|
    |a0_7_reg_5919                       |  32|   0|   32|          0|
    |a1_1_reg_5178                       |  32|   0|   32|          0|
    |a1_3_reg_5725                       |  32|   0|   32|          0|
    |a1_4_reg_5955                       |  32|   0|   32|          0|
    |a2_1_reg_5124                       |  32|   0|   32|          0|
    |a2_3_reg_5736                       |  32|   0|   32|          0|
    |a2_4_reg_5901                       |  32|   0|   32|          0|
    |a3_1_reg_5130                       |  32|   0|   32|          0|
    |a3_3_reg_5746                       |  32|   0|   32|          0|
    |a3_4_reg_5907                       |  32|   0|   32|          0|
    |ap_CS_fsm                           |  88|   0|   88|          0|
    |ap_enable_reg_pp0_iter0             |   1|   0|    1|          0|
    |ap_enable_reg_pp0_iter1             |   1|   0|    1|          0|
    |ap_enable_reg_pp0_iter2             |   1|   0|    1|          0|
    |ap_enable_reg_pp1_iter0             |   1|   0|    1|          0|
    |ap_enable_reg_pp1_iter1             |   1|   0|    1|          0|
    |ap_reg_ioackin_BUS_SRC_DST_ARREADY  |   1|   0|    1|          0|
    |ap_reg_ioackin_BUS_SRC_DST_AWREADY  |   1|   0|    1|          0|
    |ap_reg_ioackin_BUS_SRC_DST_WREADY   |   1|   0|    1|          0|
    |ap_reg_pp0_iter1_tmp_71_reg_6032    |   4|   0|    4|          0|
    |ap_reg_pp0_iter1_tmp_72_reg_6036    |   1|   0|    1|          0|
    |aptr_10_reg_4869                    |  63|   0|   64|          1|
    |aptr_11_reg_4881                    |  63|   0|   64|          1|
    |aptr_12_reg_4893                    |  63|   0|   64|          1|
    |aptr_13_reg_4905                    |  63|   0|   64|          1|
    |aptr_14_reg_4923                    |  63|   0|   64|          1|
    |aptr_15_reg_4929                    |  63|   0|   64|          1|
    |aptr_16_reg_5252                    |  63|   0|   64|          1|
    |aptr_17_reg_5648                    |  63|   0|   64|          1|
    |aptr_18_reg_5655                    |  63|   0|   64|          1|
    |aptr_19_reg_5667                    |  63|   0|   64|          1|
    |aptr_1_read_reg_4940                |  32|   0|   32|          0|
    |aptr_1_reg_4846                     |  63|   0|   64|          1|
    |aptr_20_reg_5680                    |  63|   0|   64|          1|
    |aptr_21_reg_5687                    |  63|   0|   64|          1|
    |aptr_22_reg_5694                    |  63|   0|   64|          1|
    |aptr_23_reg_5701                    |  63|   0|   64|          1|
    |aptr_2_read_reg_4945                |  32|   0|   32|          0|
    |aptr_2_reg_4863                     |  63|   0|   64|          1|
    |aptr_3_read_reg_4950                |  32|   0|   32|          0|
    |aptr_3_reg_4875                     |  63|   0|   64|          1|
    |aptr_4_read_reg_4955                |  32|   0|   32|          0|
    |aptr_4_reg_4887                     |  63|   0|   64|          1|
    |aptr_5_read_reg_4960                |  32|   0|   32|          0|
    |aptr_5_reg_4899                     |  63|   0|   64|          1|
    |aptr_6_read_reg_4965                |  32|   0|   32|          0|
    |aptr_6_reg_4911                     |  63|   0|   64|          1|
    |aptr_7_read_reg_4970                |  32|   0|   32|          0|
    |aptr_7_reg_4917                     |  63|   0|   64|          1|
    |aptr_8_reg_4834                     |  63|   0|   64|          1|
    |aptr_9_reg_4852                     |  63|   0|   64|          1|
    |aptr_read_reg_4935                  |  32|   0|   32|          0|
    |aptr_reg_4828                       |  63|   0|   64|          1|
    |b0_2_reg_5708                       |  32|   0|   32|          0|
    |b1_2_reg_5730                       |  32|   0|   32|          0|
    |b2_1_reg_5195                       |  32|   0|   32|          0|
    |b2_2_reg_5720                       |  32|   0|   32|          0|
    |b2_3_reg_5972                       |  32|   0|   32|          0|
    |b3_1_reg_5136                       |  32|   0|   32|          0|
    |b3_2_reg_5741                       |  32|   0|   32|          0|
    |b3_3_reg_5913                       |  32|   0|   32|          0|
    |c0_2_reg_5871                       |  32|   0|   32|          0|
    |c0_reg_5094                         |  32|   0|   32|          0|
    |c1_1_reg_5201                       |  32|   0|   32|          0|
    |c1_2_reg_5877                       |  32|   0|   32|          0|
    |c1_3_reg_5978                       |  32|   0|   32|          0|
    |c1_reg_5100                         |  32|   0|   32|          0|
    |c2_1_reg_5189                       |  32|   0|   32|          0|
    |c2_2_reg_5883                       |  32|   0|   32|          0|
    |c2_3_reg_5966                       |  32|   0|   32|          0|
    |c2_reg_5106                         |  32|   0|   32|          0|
    |c3_2_reg_5889                       |  32|   0|   32|          0|
    |c3_reg_5112                         |  32|   0|   32|          0|
    |exitcond5_reg_6393                  |   1|   0|    1|          0|
    |i_1_reg_902                         |   4|   0|    4|          0|
    |i_2_reg_913                         |   2|   0|    2|          0|
    |i_3_reg_4823                        |   4|   0|    4|          0|
    |i_4_reg_5240                        |   4|   0|    4|          0|
    |i_5_reg_6018                        |   2|   0|    2|          0|
    |i_reg_890                           |   4|   0|    4|          0|
    |indvar1_reg_946                     |   6|   0|    6|          0|
    |indvar_reg_924                      |   6|   0|    6|          0|
    |inp1_buf_0_0_reg_6072               |  32|   0|   32|          0|
    |inp1_buf_0_1_2_fu_200               |  32|   0|   32|          0|
    |inp1_buf_0_1_33_fu_204              |  32|   0|   32|          0|
    |inp1_buf_0_1_34_fu_208              |  32|   0|   32|          0|
    |inp1_buf_0_1_35_fu_212              |  32|   0|   32|          0|
    |inp1_buf_0_1_36_fu_216              |  32|   0|   32|          0|
    |inp1_buf_0_1_37_fu_220              |  32|   0|   32|          0|
    |inp1_buf_0_1_38_fu_224              |  32|   0|   32|          0|
    |inp1_buf_0_1_39_fu_228              |  32|   0|   32|          0|
    |inp1_buf_0_1_40_fu_232              |  32|   0|   32|          0|
    |inp1_buf_0_1_41_fu_236              |  32|   0|   32|          0|
    |inp1_buf_0_1_42_fu_240              |  32|   0|   32|          0|
    |inp1_buf_0_1_43_fu_244              |  32|   0|   32|          0|
    |inp1_buf_0_1_44_fu_248              |  32|   0|   32|          0|
    |inp1_buf_0_1_45_fu_252              |  32|   0|   32|          0|
    |inp1_buf_0_1_46_fu_256              |  32|   0|   32|          0|
    |inp1_buf_0_1_47_fu_260              |  32|   0|   32|          0|
    |inp1_buf_0_1_48_fu_264              |  32|   0|   32|          0|
    |inp1_buf_0_1_49_fu_268              |  32|   0|   32|          0|
    |inp1_buf_0_1_50_fu_272              |  32|   0|   32|          0|
    |inp1_buf_0_1_51_fu_276              |  32|   0|   32|          0|
    |inp1_buf_0_1_52_fu_280              |  32|   0|   32|          0|
    |inp1_buf_0_1_53_fu_284              |  32|   0|   32|          0|
    |inp1_buf_0_1_54_fu_288              |  32|   0|   32|          0|
    |inp1_buf_0_1_55_fu_292              |  32|   0|   32|          0|
    |inp1_buf_0_1_56_fu_296              |  32|   0|   32|          0|
    |inp1_buf_0_1_57_fu_300              |  32|   0|   32|          0|
    |inp1_buf_0_1_58_fu_304              |  32|   0|   32|          0|
    |inp1_buf_0_1_59_fu_308              |  32|   0|   32|          0|
    |inp1_buf_0_1_60_fu_312              |  32|   0|   32|          0|
    |inp1_buf_0_1_61_fu_316              |  32|   0|   32|          0|
    |inp1_buf_0_1_62_fu_320              |  32|   0|   32|          0|
    |inp1_buf_0_1_63_fu_324              |  32|   0|   32|          0|
    |k_1_s_reg_6388                      |   6|   0|    6|          0|
    |k_reg_935                           |   6|   0|    6|          0|
    |out1_buf_0_1_1_fu_328               |  32|   0|   32|          0|
    |out1_buf_0_1_3_fu_332               |  32|   0|   32|          0|
    |out1_buf_10_1_1_fu_408              |  32|   0|   32|          0|
    |out1_buf_10_1_3_fu_412              |  32|   0|   32|          0|
    |out1_buf_11_1_1_fu_416              |  32|   0|   32|          0|
    |out1_buf_11_1_3_fu_420              |  32|   0|   32|          0|
    |out1_buf_12_1_1_fu_424              |  32|   0|   32|          0|
    |out1_buf_12_1_3_fu_428              |  32|   0|   32|          0|
    |out1_buf_13_1_1_fu_432              |  32|   0|   32|          0|
    |out1_buf_13_1_3_fu_436              |  32|   0|   32|          0|
    |out1_buf_14_1_1_fu_440              |  32|   0|   32|          0|
    |out1_buf_14_1_3_fu_444              |  32|   0|   32|          0|
    |out1_buf_15_1_1_fu_448              |  32|   0|   32|          0|
    |out1_buf_15_1_3_fu_452              |  32|   0|   32|          0|
    |out1_buf_1_1_1_fu_336               |  32|   0|   32|          0|
    |out1_buf_1_1_3_fu_340               |  32|   0|   32|          0|
    |out1_buf_2_1_1_fu_344               |  32|   0|   32|          0|
    |out1_buf_2_1_3_fu_348               |  32|   0|   32|          0|
    |out1_buf_3_1_1_fu_352               |  32|   0|   32|          0|
    |out1_buf_3_1_3_fu_356               |  32|   0|   32|          0|
    |out1_buf_4_1_1_fu_360               |  32|   0|   32|          0|
    |out1_buf_4_1_3_fu_364               |  32|   0|   32|          0|
    |out1_buf_5_1_1_fu_368               |  32|   0|   32|          0|
    |out1_buf_5_1_3_fu_372               |  32|   0|   32|          0|
    |out1_buf_6_1_1_fu_376               |  32|   0|   32|          0|
    |out1_buf_6_1_3_fu_380               |  32|   0|   32|          0|
    |out1_buf_7_1_1_fu_384               |  32|   0|   32|          0|
    |out1_buf_7_1_3_fu_388               |  32|   0|   32|          0|
    |out1_buf_8_1_1_fu_392               |  32|   0|   32|          0|
    |out1_buf_8_1_3_fu_396               |  32|   0|   32|          0|
    |out1_buf_9_1_1_fu_400               |  32|   0|   32|          0|
    |out1_buf_9_1_3_fu_404               |  32|   0|   32|          0|
    |p_sum1_reg_5643                     |   3|   0|    6|          3|
    |p_sum_cast1_reg_5674                |   3|   0|    7|          4|
    |p_sum_reg_5662                      |   3|   0|    6|          3|
    |sum2_reg_4840                       |   4|   0|    4|          0|
    |sum_reg_4858                        |   4|   0|    5|          1|
    |tmp_100_reg_6238                    |   1|   0|    1|          0|
    |tmp_101_reg_6243                    |  28|   0|   28|          0|
    |tmp_102_reg_6248                    |  28|   0|   28|          0|
    |tmp_104_reg_6253                    |   1|   0|    1|          0|
    |tmp_105_reg_6258                    |  28|   0|   28|          0|
    |tmp_106_reg_6263                    |  28|   0|   28|          0|
    |tmp_108_reg_6268                    |   1|   0|    1|          0|
    |tmp_109_reg_6273                    |  28|   0|   28|          0|
    |tmp_10_reg_5059                     |  41|   0|   41|          0|
    |tmp_110_reg_6278                    |  28|   0|   28|          0|
    |tmp_112_reg_6288                    |  28|   0|   28|          0|
    |tmp_113_reg_6293                    |  28|   0|   28|          0|
    |tmp_114_reg_6283                    |   1|   0|    1|          0|
    |tmp_115_reg_6303                    |  28|   0|   28|          0|
    |tmp_119_reg_6308                    |  28|   0|   28|          0|
    |tmp_11_reg_5064                     |  40|   0|   40|          0|
    |tmp_120_reg_6298                    |   1|   0|    1|          0|
    |tmp_121_reg_6318                    |  28|   0|   28|          0|
    |tmp_122_reg_6323                    |  28|   0|   28|          0|
    |tmp_124_reg_6333                    |  28|   0|   28|          0|
    |tmp_125_reg_6338                    |  28|   0|   28|          0|
    |tmp_126_reg_6313                    |   1|   0|    1|          0|
    |tmp_127_reg_6348                    |  28|   0|   28|          0|
    |tmp_128_reg_6353                    |  28|   0|   28|          0|
    |tmp_130_reg_6363                    |  28|   0|   28|          0|
    |tmp_131_reg_6368                    |  28|   0|   28|          0|
    |tmp_132_reg_6328                    |   1|   0|    1|          0|
    |tmp_133_reg_6378                    |  28|   0|   28|          0|
    |tmp_134_reg_6383                    |  28|   0|   28|          0|
    |tmp_135_reg_6402                    |  32|   0|   32|          0|
    |tmp_137_reg_6343                    |   1|   0|    1|          0|
    |tmp_139_reg_6358                    |   1|   0|    1|          0|
    |tmp_13_reg_5007                     |  30|   0|   32|          2|
    |tmp_141_reg_6373                    |   1|   0|    1|          0|
    |tmp_15_reg_5012                     |  30|   0|   32|          2|
    |tmp_17_reg_5074                     |  41|   0|   41|          0|
    |tmp_18_reg_5079                     |  41|   0|   41|          0|
    |tmp_20_reg_5084                     |  41|   0|   41|          0|
    |tmp_21_reg_5089                     |  41|   0|   41|          0|
    |tmp_23_reg_5148                     |  32|   0|   32|          0|
    |tmp_25_reg_5153                     |  32|   0|   32|          0|
    |tmp_27_reg_5158                     |  32|   0|   32|          0|
    |tmp_28_reg_5207                     |  32|   0|   32|          0|
    |tmp_29_reg_5217                     |  32|   0|   32|          0|
    |tmp_2_reg_5034                      |  41|   0|   41|          0|
    |tmp_30_reg_5227                     |  32|   0|   32|          0|
    |tmp_31_reg_5232                     |  32|   0|   32|          0|
    |tmp_32_reg_5222                     |  32|   0|   32|          0|
    |tmp_33_reg_5212                     |  32|   0|   32|          0|
    |tmp_34_reg_5163                     |  32|   0|   32|          0|
    |tmp_36_reg_5245                     |   3|   0|    6|          3|
    |tmp_37_reg_5806                     |  40|   0|   40|          0|
    |tmp_38_reg_5811                     |  41|   0|   41|          0|
    |tmp_40_reg_5816                     |  41|   0|   41|          0|
    |tmp_41_reg_5821                     |  41|   0|   41|          0|
    |tmp_43_reg_5826                     |  41|   0|   41|          0|
    |tmp_44_reg_5831                     |  41|   0|   41|          0|
    |tmp_46_reg_5836                     |  41|   0|   41|          0|
    |tmp_47_reg_5841                     |  40|   0|   40|          0|
    |tmp_49_reg_5784                     |  32|   0|   32|          0|
    |tmp_4_cast_reg_4781                 |  62|   0|   63|          1|
    |tmp_51_reg_5789                     |  32|   0|   32|          0|
    |tmp_53_reg_5851                     |  41|   0|   41|          0|
    |tmp_54_reg_5856                     |  41|   0|   41|          0|
    |tmp_56_reg_5861                     |  41|   0|   41|          0|
    |tmp_57_reg_5866                     |  41|   0|   41|          0|
    |tmp_59_reg_5925                     |  32|   0|   32|          0|
    |tmp_5_cast1_reg_4808                |  62|   0|   63|          1|
    |tmp_61_reg_5930                     |  32|   0|   32|          0|
    |tmp_63_reg_5935                     |  32|   0|   32|          0|
    |tmp_64_reg_5984                     |  32|   0|   32|          0|
    |tmp_65_reg_5994                     |  32|   0|   32|          0|
    |tmp_66_reg_6004                     |  32|   0|   32|          0|
    |tmp_67_reg_6009                     |  32|   0|   32|          0|
    |tmp_68_reg_5999                     |  32|   0|   32|          0|
    |tmp_69_reg_5989                     |  32|   0|   32|          0|
    |tmp_6_reg_5039                      |  41|   0|   41|          0|
    |tmp_70_reg_5940                     |  32|   0|   32|          0|
    |tmp_71_reg_6032                     |   4|   0|    4|          0|
    |tmp_72_reg_6036                     |   1|   0|    1|          0|
    |tmp_73_reg_6112                     |   1|   0|    1|          0|
    |tmp_76_reg_6148                     |   1|   0|    1|          0|
    |tmp_77_reg_6153                     |  28|   0|   28|          0|
    |tmp_78_reg_6158                     |  28|   0|   28|          0|
    |tmp_7_reg_5049                      |  41|   0|   41|          0|
    |tmp_80_reg_6163                     |   1|   0|    1|          0|
    |tmp_81_reg_6168                     |  28|   0|   28|          0|
    |tmp_82_reg_6173                     |  28|   0|   28|          0|
    |tmp_84_reg_6178                     |   1|   0|    1|          0|
    |tmp_85_reg_6183                     |  28|   0|   28|          0|
    |tmp_86_reg_6188                     |  28|   0|   28|          0|
    |tmp_88_reg_6193                     |   1|   0|    1|          0|
    |tmp_89_reg_6198                     |  28|   0|   28|          0|
    |tmp_8_reg_5044                      |  41|   0|   41|          0|
    |tmp_90_reg_6203                     |  28|   0|   28|          0|
    |tmp_92_reg_6208                     |   1|   0|    1|          0|
    |tmp_93_reg_6213                     |  28|   0|   28|          0|
    |tmp_94_reg_6218                     |  28|   0|   28|          0|
    |tmp_96_reg_6223                     |   1|   0|    1|          0|
    |tmp_97_reg_6228                     |  28|   0|   28|          0|
    |tmp_98_reg_6233                     |  28|   0|   28|          0|
    |tmp_9_reg_5054                      |  41|   0|   41|          0|
    |tmp_s_reg_5029                      |  40|   0|   40|          0|
    +------------------------------------+----+----+-----+-----------+
    |Total                               |7982|   0| 8028|         46|
    +------------------------------------+----+----+-----+-----------+



================================================================
== Interface
================================================================
* Summary: 
+----------------------------+-----+-----+------------+--------------+--------------+
|          RTL Ports         | Dir | Bits|  Protocol  | Source Object|    C Type    |
+----------------------------+-----+-----+------------+--------------+--------------+
|s_axi_BUS_CTRL_AWVALID      |  in |    1|    s_axi   |   BUS_CTRL   |    scalar    |
|s_axi_BUS_CTRL_AWREADY      | out |    1|    s_axi   |   BUS_CTRL   |    scalar    |
|s_axi_BUS_CTRL_AWADDR       |  in |    6|    s_axi   |   BUS_CTRL   |    scalar    |
|s_axi_BUS_CTRL_WVALID       |  in |    1|    s_axi   |   BUS_CTRL   |    scalar    |
|s_axi_BUS_CTRL_WREADY       | out |    1|    s_axi   |   BUS_CTRL   |    scalar    |
|s_axi_BUS_CTRL_WDATA        |  in |   32|    s_axi   |   BUS_CTRL   |    scalar    |
|s_axi_BUS_CTRL_WSTRB        |  in |    4|    s_axi   |   BUS_CTRL   |    scalar    |
|s_axi_BUS_CTRL_ARVALID      |  in |    1|    s_axi   |   BUS_CTRL   |    scalar    |
|s_axi_BUS_CTRL_ARREADY      | out |    1|    s_axi   |   BUS_CTRL   |    scalar    |
|s_axi_BUS_CTRL_ARADDR       |  in |    6|    s_axi   |   BUS_CTRL   |    scalar    |
|s_axi_BUS_CTRL_RVALID       | out |    1|    s_axi   |   BUS_CTRL   |    scalar    |
|s_axi_BUS_CTRL_RREADY       |  in |    1|    s_axi   |   BUS_CTRL   |    scalar    |
|s_axi_BUS_CTRL_RDATA        | out |   32|    s_axi   |   BUS_CTRL   |    scalar    |
|s_axi_BUS_CTRL_RRESP        | out |    2|    s_axi   |   BUS_CTRL   |    scalar    |
|s_axi_BUS_CTRL_BVALID       | out |    1|    s_axi   |   BUS_CTRL   |    scalar    |
|s_axi_BUS_CTRL_BREADY       |  in |    1|    s_axi   |   BUS_CTRL   |    scalar    |
|s_axi_BUS_CTRL_BRESP        | out |    2|    s_axi   |   BUS_CTRL   |    scalar    |
|ap_clk                      |  in |    1| ap_ctrl_hs |   ChenIDct   | return value |
|ap_rst_n                    |  in |    1| ap_ctrl_hs |   ChenIDct   | return value |
|interrupt                   | out |    1| ap_ctrl_hs |   ChenIDct   | return value |
|m_axi_BUS_SRC_DST_AWVALID   | out |    1|    m_axi   |  BUS_SRC_DST |    pointer   |
|m_axi_BUS_SRC_DST_AWREADY   |  in |    1|    m_axi   |  BUS_SRC_DST |    pointer   |
|m_axi_BUS_SRC_DST_AWADDR    | out |   64|    m_axi   |  BUS_SRC_DST |    pointer   |
|m_axi_BUS_SRC_DST_AWID      | out |    1|    m_axi   |  BUS_SRC_DST |    pointer   |
|m_axi_BUS_SRC_DST_AWLEN     | out |    8|    m_axi   |  BUS_SRC_DST |    pointer   |
|m_axi_BUS_SRC_DST_AWSIZE    | out |    3|    m_axi   |  BUS_SRC_DST |    pointer   |
|m_axi_BUS_SRC_DST_AWBURST   | out |    2|    m_axi   |  BUS_SRC_DST |    pointer   |
|m_axi_BUS_SRC_DST_AWLOCK    | out |    2|    m_axi   |  BUS_SRC_DST |    pointer   |
|m_axi_BUS_SRC_DST_AWCACHE   | out |    4|    m_axi   |  BUS_SRC_DST |    pointer   |
|m_axi_BUS_SRC_DST_AWPROT    | out |    3|    m_axi   |  BUS_SRC_DST |    pointer   |
|m_axi_BUS_SRC_DST_AWQOS     | out |    4|    m_axi   |  BUS_SRC_DST |    pointer   |
|m_axi_BUS_SRC_DST_AWREGION  | out |    4|    m_axi   |  BUS_SRC_DST |    pointer   |
|m_axi_BUS_SRC_DST_AWUSER    | out |    1|    m_axi   |  BUS_SRC_DST |    pointer   |
|m_axi_BUS_SRC_DST_WVALID    | out |    1|    m_axi   |  BUS_SRC_DST |    pointer   |
|m_axi_BUS_SRC_DST_WREADY    |  in |    1|    m_axi   |  BUS_SRC_DST |    pointer   |
|m_axi_BUS_SRC_DST_WDATA     | out |   32|    m_axi   |  BUS_SRC_DST |    pointer   |
|m_axi_BUS_SRC_DST_WSTRB     | out |    4|    m_axi   |  BUS_SRC_DST |    pointer   |
|m_axi_BUS_SRC_DST_WLAST     | out |    1|    m_axi   |  BUS_SRC_DST |    pointer   |
|m_axi_BUS_SRC_DST_WID       | out |    1|    m_axi   |  BUS_SRC_DST |    pointer   |
|m_axi_BUS_SRC_DST_WUSER     | out |    1|    m_axi   |  BUS_SRC_DST |    pointer   |
|m_axi_BUS_SRC_DST_ARVALID   | out |    1|    m_axi   |  BUS_SRC_DST |    pointer   |
|m_axi_BUS_SRC_DST_ARREADY   |  in |    1|    m_axi   |  BUS_SRC_DST |    pointer   |
|m_axi_BUS_SRC_DST_ARADDR    | out |   64|    m_axi   |  BUS_SRC_DST |    pointer   |
|m_axi_BUS_SRC_DST_ARID      | out |    1|    m_axi   |  BUS_SRC_DST |    pointer   |
|m_axi_BUS_SRC_DST_ARLEN     | out |    8|    m_axi   |  BUS_SRC_DST |    pointer   |
|m_axi_BUS_SRC_DST_ARSIZE    | out |    3|    m_axi   |  BUS_SRC_DST |    pointer   |
|m_axi_BUS_SRC_DST_ARBURST   | out |    2|    m_axi   |  BUS_SRC_DST |    pointer   |
|m_axi_BUS_SRC_DST_ARLOCK    | out |    2|    m_axi   |  BUS_SRC_DST |    pointer   |
|m_axi_BUS_SRC_DST_ARCACHE   | out |    4|    m_axi   |  BUS_SRC_DST |    pointer   |
|m_axi_BUS_SRC_DST_ARPROT    | out |    3|    m_axi   |  BUS_SRC_DST |    pointer   |
|m_axi_BUS_SRC_DST_ARQOS     | out |    4|    m_axi   |  BUS_SRC_DST |    pointer   |
|m_axi_BUS_SRC_DST_ARREGION  | out |    4|    m_axi   |  BUS_SRC_DST |    pointer   |
|m_axi_BUS_SRC_DST_ARUSER    | out |    1|    m_axi   |  BUS_SRC_DST |    pointer   |
|m_axi_BUS_SRC_DST_RVALID    |  in |    1|    m_axi   |  BUS_SRC_DST |    pointer   |
|m_axi_BUS_SRC_DST_RREADY    | out |    1|    m_axi   |  BUS_SRC_DST |    pointer   |
|m_axi_BUS_SRC_DST_RDATA     |  in |   32|    m_axi   |  BUS_SRC_DST |    pointer   |
|m_axi_BUS_SRC_DST_RLAST     |  in |    1|    m_axi   |  BUS_SRC_DST |    pointer   |
|m_axi_BUS_SRC_DST_RID       |  in |    1|    m_axi   |  BUS_SRC_DST |    pointer   |
|m_axi_BUS_SRC_DST_RUSER     |  in |    1|    m_axi   |  BUS_SRC_DST |    pointer   |
|m_axi_BUS_SRC_DST_RRESP     |  in |    2|    m_axi   |  BUS_SRC_DST |    pointer   |
|m_axi_BUS_SRC_DST_BVALID    |  in |    1|    m_axi   |  BUS_SRC_DST |    pointer   |
|m_axi_BUS_SRC_DST_BREADY    | out |    1|    m_axi   |  BUS_SRC_DST |    pointer   |
|m_axi_BUS_SRC_DST_BRESP     |  in |    2|    m_axi   |  BUS_SRC_DST |    pointer   |
|m_axi_BUS_SRC_DST_BID       |  in |    1|    m_axi   |  BUS_SRC_DST |    pointer   |
|m_axi_BUS_SRC_DST_BUSER     |  in |    1|    m_axi   |  BUS_SRC_DST |    pointer   |
+----------------------------+-----+-----+------------+--------------+--------------+

