11:51:01 INFO  : Registering command handlers for SDK TCF services
11:51:05 INFO  : Launching XSCT server: xsct -n -interactive /home/giorgio/workspace/jpeg-rs-clean/sys/sdk_2/temp_xsdb_launch_script.tcl
11:51:07 INFO  : XSCT server has started successfully.
11:51:07 INFO  : Successfully done setting XSCT server connection channel  
11:51:10 INFO  : Successfully done setting SDK workspace  
11:51:10 INFO  : Processing command line option -hwspec /home/giorgio/workspace/jpeg-rs-clean/sys/sdk_2/design_1_wrapper.hdf.
11:54:44 INFO  : Connected to target on host 'espdev.cs.columbia.edu' and port '3123'.
11:54:44 INFO  : 'targets -set -filter {jtag_cable_name =~ "Digilent JTAG-SMT2NC 210308A46A4B" && level==0} -index 0' command is executed.
11:54:59 INFO  : FPGA configured successfully with bitstream "/home/giorgio/workspace/jpeg-rs-clean/sys/sdk_2/design_1_wrapper_hw_platform_0/design_1_wrapper.bit"
11:58:11 INFO  : Connected to target on host 'espdev.cs.columbia.edu' and port '3123'.
11:58:11 INFO  : Jtag cable 'Digilent JTAG-SMT2NC 210308A46A4B' is selected.
11:58:11 INFO  : 'jtag frequency' command is executed.
11:58:11 INFO  : Sourcing of '/home/tools/Xilinx/SDK/2017.4/scripts/sdk/util/zynqmp_utils.tcl' is done.
11:58:11 INFO  : Context for 'APU' is selected.
11:58:11 INFO  : Hardware design information is loaded from '/home/giorgio/workspace/jpeg-rs-clean/sys/sdk_2/design_1_wrapper_hw_platform_0/system.hdf'.
11:58:11 INFO  : 'configparams force-mem-access 1' command is executed.
11:58:11 INFO  : Context for 'APU' is selected.
11:58:11 INFO  : Sourcing of '/home/giorgio/workspace/jpeg-rs-clean/sys/sdk_2/design_1_wrapper_hw_platform_0/psu_init.tcl' is done.
11:58:13 INFO  : 'psu_init' command is executed.
11:58:14 INFO  : 'after 1000' command is executed.
11:58:14 INFO  : 'psu_ps_pl_isolation_removal' command is executed.
11:58:15 INFO  : 'after 1000' command is executed.
11:58:15 INFO  : 'psu_ps_pl_reset_config' command is executed.
11:58:15 INFO  : 'catch {psu_protection}' command is executed.
11:58:15 INFO  : Context for processor 'psu_cortexa53_0' is selected.
11:58:15 INFO  : Processor reset is completed for 'psu_cortexa53_0'.
11:58:15 INFO  : The application '/home/giorgio/workspace/jpeg-rs-clean/sys/sdk_2/hello/Debug/hello.elf' is downloaded to processor 'psu_cortexa53_0'.
11:58:15 INFO  : 'configparams force-mem-access 0' command is executed.
11:58:15 INFO  : ----------------XSDB Script----------------
connect -url tcp:espdev.cs.columbia.edu:3123
source /home/tools/Xilinx/SDK/2017.4/scripts/sdk/util/zynqmp_utils.tcl
targets -set -nocase -filter {name =~"APU*" && jtag_cable_name =~ "Digilent JTAG-SMT2NC 210308A46A4B"} -index 1
loadhw -hw /home/giorgio/workspace/jpeg-rs-clean/sys/sdk_2/design_1_wrapper_hw_platform_0/system.hdf -mem-ranges [list {0x80000000 0xbfffffff} {0x400000000 0x5ffffffff} {0x1000000000 0x7fffffffff}]
configparams force-mem-access 1
targets -set -nocase -filter {name =~"APU*" && jtag_cable_name =~ "Digilent JTAG-SMT2NC 210308A46A4B"} -index 1
source /home/giorgio/workspace/jpeg-rs-clean/sys/sdk_2/design_1_wrapper_hw_platform_0/psu_init.tcl
psu_init
after 1000
psu_ps_pl_isolation_removal
after 1000
psu_ps_pl_reset_config
catch {psu_protection}
targets -set -nocase -filter {name =~"*A53*0" && jtag_cable_name =~ "Digilent JTAG-SMT2NC 210308A46A4B"} -index 1
rst -processor
dow /home/giorgio/workspace/jpeg-rs-clean/sys/sdk_2/hello/Debug/hello.elf
configparams force-mem-access 0
----------------End of Script----------------

11:58:15 INFO  : Context for processor 'psu_cortexa53_0' is selected.
11:58:15 INFO  : 'con' command is executed.
11:58:15 INFO  : ----------------XSDB Script (After Launch)----------------
targets -set -nocase -filter {name =~"*A53*0" && jtag_cable_name =~ "Digilent JTAG-SMT2NC 210308A46A4B"} -index 1
con
----------------End of Script----------------

11:58:15 INFO  : Launch script is exported to file '/home/giorgio/workspace/jpeg-rs-clean/sys/sdk_2/.sdk/launch_scripts/xilinx_c-c++_application_(system_debugger)/system_debugger_using_debug_hello.elf_on_espdev.cs.columbia.edu.tcl'
12:00:12 INFO  : Disconnected from the channel tcfchan#1.
12:00:13 INFO  : Connected to target on host 'espdev.cs.columbia.edu' and port '3123'.
12:00:19 INFO  : Jtag cable 'Digilent JTAG-SMT2NC 210308A46A4B' is selected.
12:00:19 INFO  : 'jtag frequency' command is executed.
12:00:19 INFO  : Sourcing of '/home/tools/Xilinx/SDK/2017.4/scripts/sdk/util/zynqmp_utils.tcl' is done.
12:00:19 INFO  : Context for 'APU' is selected.
12:00:19 INFO  : Hardware design information is loaded from '/home/giorgio/workspace/jpeg-rs-clean/sys/sdk_2/design_1_wrapper_hw_platform_0/system.hdf'.
12:00:19 INFO  : 'configparams force-mem-access 1' command is executed.
12:00:19 INFO  : Context for 'APU' is selected.
12:00:19 INFO  : Sourcing of '/home/giorgio/workspace/jpeg-rs-clean/sys/sdk_2/design_1_wrapper_hw_platform_0/psu_init.tcl' is done.
12:00:21 INFO  : 'psu_init' command is executed.
12:00:22 INFO  : 'after 1000' command is executed.
12:00:22 INFO  : 'psu_ps_pl_isolation_removal' command is executed.
12:00:23 INFO  : 'after 1000' command is executed.
12:00:23 INFO  : 'psu_ps_pl_reset_config' command is executed.
12:00:23 INFO  : 'catch {psu_protection}' command is executed.
12:00:23 INFO  : Context for processor 'psu_cortexa53_0' is selected.
12:00:23 INFO  : Processor reset is completed for 'psu_cortexa53_0'.
12:00:23 INFO  : The application '/home/giorgio/workspace/jpeg-rs-clean/sys/sdk_2/jpeg_rs/Debug/jpeg_rs.elf' is downloaded to processor 'psu_cortexa53_0'.
12:00:23 INFO  : 'configparams force-mem-access 0' command is executed.
12:00:23 INFO  : ----------------XSDB Script----------------
connect -url tcp:espdev.cs.columbia.edu:3123
source /home/tools/Xilinx/SDK/2017.4/scripts/sdk/util/zynqmp_utils.tcl
targets -set -nocase -filter {name =~"APU*" && jtag_cable_name =~ "Digilent JTAG-SMT2NC 210308A46A4B"} -index 1
loadhw -hw /home/giorgio/workspace/jpeg-rs-clean/sys/sdk_2/design_1_wrapper_hw_platform_0/system.hdf -mem-ranges [list {0x80000000 0xbfffffff} {0x400000000 0x5ffffffff} {0x1000000000 0x7fffffffff}]
configparams force-mem-access 1
targets -set -nocase -filter {name =~"APU*" && jtag_cable_name =~ "Digilent JTAG-SMT2NC 210308A46A4B"} -index 1
source /home/giorgio/workspace/jpeg-rs-clean/sys/sdk_2/design_1_wrapper_hw_platform_0/psu_init.tcl
psu_init
after 1000
psu_ps_pl_isolation_removal
after 1000
psu_ps_pl_reset_config
catch {psu_protection}
targets -set -nocase -filter {name =~"*A53*0" && jtag_cable_name =~ "Digilent JTAG-SMT2NC 210308A46A4B"} -index 1
rst -processor
dow /home/giorgio/workspace/jpeg-rs-clean/sys/sdk_2/jpeg_rs/Debug/jpeg_rs.elf
configparams force-mem-access 0
----------------End of Script----------------

12:00:24 INFO  : Context for processor 'psu_cortexa53_0' is selected.
12:00:24 INFO  : 'con' command is executed.
12:00:24 INFO  : ----------------XSDB Script (After Launch)----------------
targets -set -nocase -filter {name =~"*A53*0" && jtag_cable_name =~ "Digilent JTAG-SMT2NC 210308A46A4B"} -index 1
con
----------------End of Script----------------

12:00:24 INFO  : Launch script is exported to file '/home/giorgio/workspace/jpeg-rs-clean/sys/sdk_2/.sdk/launch_scripts/xilinx_c-c++_application_(system_debugger)/system_debugger_using_debug_jpeg_rs.elf_on_espdev.cs.columbia.edu.tcl'
22:25:18 WARN  : channel "tcfchan#2" closed
