                             latency        interval
transaction       0:             852             853
transaction       1:             855             856
transaction       2:             855             856
transaction       3:             855             856
transaction       4:             855             856
transaction       5:             855             856
transaction       6:             855             856
transaction       7:             855             856
transaction       8:             855             856
transaction       9:             855             856
transaction      10:             855             856
transaction      11:             855             856
transaction      12:             855             856
transaction      13:             855             856
transaction      14:             855             856
transaction      15:             855             856
transaction      16:             855             856
transaction      17:             855             856
transaction      18:             855             856
transaction      19:             855             856
transaction      20:             855             856
transaction      21:             855             856
transaction      22:             855             856
transaction      23:             855             856
transaction      24:             855             856
transaction      25:             855             856
transaction      26:             855             856
transaction      27:             855             856
transaction      28:             855             856
transaction      29:             855             856
transaction      30:             855             856
transaction      31:             855             856
transaction      32:             855             856
transaction      33:             855             856
transaction      34:             855             856
transaction      35:             855             856
transaction      36:             855             856
transaction      37:             855             856
transaction      38:             855             856
transaction      39:             855             856
transaction      40:             855             856
transaction      41:             855             856
transaction      42:             855             856
transaction      43:             855             856
transaction      44:             855             856
transaction      45:             855             856
transaction      46:             855             856
transaction      47:             855             856
transaction      48:             855             856
transaction      49:             855             856
transaction      50:             855             856
transaction      51:             855             856
transaction      52:             855             856
transaction      53:             855             856
transaction      54:             855             856
transaction      55:             855             856
transaction      56:             855             856
transaction      57:             855             856
transaction      58:             855             856
transaction      59:             855             856
transaction      60:             855             856
transaction      61:             503             504
transaction      62:             855             856
transaction      63:             503             504
transaction      64:             855             856
transaction      65:             503             504
transaction      66:             855             856
transaction      67:             503             504
transaction      68:             855             856
transaction      69:             503             504
transaction      70:             855             856
transaction      71:             503             504
transaction      72:             855             856
transaction      73:             855             856
transaction      74:             855             856
transaction      75:             855             856
transaction      76:             855             856
transaction      77:             855             856
transaction      78:             855             856
transaction      79:             855             856
transaction      80:             855             856
transaction      81:             855             856
transaction      82:             855             856
transaction      83:             855             856
transaction      84:             855             856
transaction      85:             855             856
transaction      86:             855             856
transaction      87:             855             856
transaction      88:             855             856
transaction      89:             855             856
transaction      90:             855             856
transaction      91:             855             856
transaction      92:             855             856
transaction      93:             855             856
transaction      94:             855             856
transaction      95:             855             856
transaction      96:             855             856
transaction      97:             855             856
transaction      98:             855             856
transaction      99:             855             856
transaction     100:             855             856
transaction     101:             855             856
transaction     102:             855             856
transaction     103:             855             856
transaction     104:             855             856
transaction     105:             855             856
transaction     106:             855             856
transaction     107:             855             856
transaction     108:             855             856
transaction     109:             855             856
transaction     110:             855             856
transaction     111:             855             856
transaction     112:             855             856
transaction     113:             855             856
transaction     114:             855             856
transaction     115:             855             856
transaction     116:             855             856
transaction     117:             855             856
transaction     118:             855             856
transaction     119:             855             856
transaction     120:             855             856
transaction     121:             855             856
transaction     122:             855             856
transaction     123:             855             856
transaction     124:             855             856
transaction     125:             855             856
transaction     126:             855             856
transaction     127:             855             856
transaction     128:             855             856
transaction     129:             855             856
transaction     130:             855             856
transaction     131:             855             856
transaction     132:             855             856
transaction     133:             503             504
transaction     134:             855             856
transaction     135:             503             504
transaction     136:             855             856
transaction     137:             503             504
transaction     138:             855             856
transaction     139:             503             504
transaction     140:             855             856
transaction     141:             503             504
transaction     142:             855             856
transaction     143:             503             504
transaction     144:             855             856
transaction     145:             855             856
transaction     146:             855             856
transaction     147:             855             856
transaction     148:             855             856
transaction     149:             855             856
transaction     150:             855             856
transaction     151:             855             856
transaction     152:             855             856
transaction     153:             855             856
transaction     154:             855             856
transaction     155:             855             856
transaction     156:             855             856
transaction     157:             855             856
transaction     158:             855             856
transaction     159:             855             856
transaction     160:             855             856
transaction     161:             855             856
transaction     162:             855             856
transaction     163:             855             856
transaction     164:             855             856
transaction     165:             855             856
transaction     166:             855             856
transaction     167:             855             856
transaction     168:             855             856
transaction     169:             855             856
transaction     170:             855             856
transaction     171:             855             856
transaction     172:             855             856
transaction     173:             855             856
transaction     174:             855             856
transaction     175:             855             856
transaction     176:             855             856
transaction     177:             855             856
transaction     178:             855             856
transaction     179:             855             856
transaction     180:             855             856
transaction     181:             855             856
transaction     182:             855             856
transaction     183:             855             856
transaction     184:             855             856
transaction     185:             855             856
transaction     186:             855             856
transaction     187:             855             856
transaction     188:             855             856
transaction     189:             855             856
transaction     190:             855             856
transaction     191:             855             856
transaction     192:             855             856
transaction     193:             855             856
transaction     194:             855             856
transaction     195:             855             856
transaction     196:             855             856
transaction     197:             855             856
transaction     198:             855             856
transaction     199:             855             856
transaction     200:             855             856
transaction     201:             855             856
transaction     202:             855             856
transaction     203:             855             856
transaction     204:             855             856
transaction     205:             503             504
transaction     206:             855             856
transaction     207:             503             504
transaction     208:             855             856
transaction     209:             503             504
transaction     210:             855             856
transaction     211:             503             504
transaction     212:             855             856
transaction     213:             503             504
transaction     214:             855             856
transaction     215:             503             504
transaction     216:             855             856
transaction     217:             855             856
transaction     218:             543             544
transaction     219:             543             544
transaction     220:             855             856
transaction     221:             855             856
transaction     222:             543             544
transaction     223:             543             544
transaction     224:             855             856
transaction     225:             855             856
transaction     226:             543             544
transaction     227:             543             544
transaction     228:             855             856
transaction     229:             855             856
transaction     230:             543             544
transaction     231:             543             544
transaction     232:             855             856
transaction     233:             855             856
transaction     234:             543             544
transaction     235:             543             544
transaction     236:             855             856
transaction     237:             855             856
transaction     238:             543             544
transaction     239:             543             544
transaction     240:             855             856
transaction     241:             855             856
transaction     242:             543             544
transaction     243:             543             544
transaction     244:             855             856
transaction     245:             855             856
transaction     246:             543             544
transaction     247:             543             544
transaction     248:             855             856
transaction     249:             855             856
transaction     250:             543             544
transaction     251:             543             544
transaction     252:             855             856
transaction     253:             855             856
transaction     254:             543             544
transaction     255:             543             544
transaction     256:             855             856
transaction     257:             855             856
transaction     258:             543             544
transaction     259:             543             544
transaction     260:             855             856
transaction     261:             855             856
transaction     262:             543             544
transaction     263:             543             544
transaction     264:             855             856
transaction     265:             855             856
transaction     266:             543             544
transaction     267:             543             544
transaction     268:             855             856
transaction     269:             855             856
transaction     270:             543             544
transaction     271:             543             544
transaction     272:             855             856
transaction     273:             855             856
transaction     274:             543             544
transaction     275:             543             544
transaction     276:             855             856
transaction     277:             503             504
transaction     278:             543             544
transaction     279:             423             424
transaction     280:             855             856
transaction     281:             503             504
transaction     282:             543             544
transaction     283:             423             424
transaction     284:             855             856
transaction     285:             503             504
transaction     286:             543             544
transaction     287:             423               x
