

================================================================
== Vivado HLS Report for 'dataflow_in_loop'
================================================================
* Date:           Thu May 17 17:49:42 2018

* Version:        2017.4 (Build 2086221 on Fri Dec 15 21:13:33 MST 2017)
* Project:        Izigzagmatrix
* Solution:       OPT
* Product family: zynquplus
* Target device:  xczu9eg-ffvb1156-2-i


================================================================
== Performance Estimates
================================================================
+ Timing (ns): 
    * Summary: 
    +--------+-------+----------+------------+
    |  Clock | Target| Estimated| Uncertainty|
    +--------+-------+----------+------------+
    |ap_clk  |   3.00|      2.62|        0.38|
    +--------+-------+----------+------------+

+ Latency (clock cycles): 
    * Summary: 
    +-----+-----+-----+-----+----------+
    |  Latency  |  Interval | Pipeline |
    | min | max | min | max |   Type   |
    +-----+-----+-----+-----+----------+
    |  100|  100|   54|   54| dataflow |
    +-----+-----+-----+-----+----------+

    + Detail: 
        * Instance: 
        +---------------------------------+----------------------+-----+-----+-----+-----+---------+
        |                                 |                      |  Latency  |  Interval | Pipeline|
        |             Instance            |        Module        | min | max | min | max |   Type  |
        +---------------------------------+----------------------+-----+-----+-----+-----+---------+
        |grp_Loop_1_proc_fu_220           |Loop_1_proc           |   53|   53|   53|   53|   none  |
        |grp_memcpy_omatrix_out_b_fu_259  |memcpy_omatrix_out_b  |   40|   40|   40|   40|   none  |
        |grp_Loop_0_proc19_fu_283         |Loop_0_proc19         |    5|    5|    5|    5|   none  |
        +---------------------------------+----------------------+-----+-----+-----+-----+---------+

        * Loop: 
        N/A

============================================================
+ Verbose Summary: Synthesis Manager
============================================================
InlineROM: 1
ExposeGlobal: 0
============================================================
+ Verbose Summary: CDFG Model
============================================================
IsTopModel: 0
ResetActiveHigh: 1
IsCombinational: 2
IsDatapathOnly: 0
HasWiredReturn: 1
HasMFsm: 0
HasVarLatency: 1
IsPipeline: 0
IsRtlPipelined: 0
IsInstanceOverlapped: 0
IsDontTouch: 0
HasImplIP: 0
IsGatedGlobalClock: 0


============================================================
+ Verbose Summary: Schedule
============================================================
* Number of FSM states : 6
* Pipeline : 0
* Dataflow Pipeline: 1
  DF-Pipeline-0: Size = 6, States = { 1 2 3 4 5 6 }

* FSM state transitions: 
1 --> 
	2  / true
2 --> 
	3  / true
3 --> 
	4  / true
4 --> 
	5  / true
5 --> 
	6  / true
6 --> 

* FSM state operations: 

 <State 1> : 1.99ns
ST_1 : Operation 7 [1/1] (0.00ns)   --->   "%omatrix_offset_read = call i62 @_ssdm_op_Read.ap_auto.i62(i62 %omatrix_offset)"
ST_1 : Operation 8 [1/1] (0.00ns)   --->   "%imatrix_offset_read = call i62 @_ssdm_op_Read.ap_auto.i62(i62 %imatrix_offset)"
ST_1 : Operation 9 [1/1] (0.00ns)   --->   "%i_0_i_i_read = call i2 @_ssdm_op_Read.ap_auto.i2(i2 %i_0_i_i)"
ST_1 : Operation 10 [1/1] (0.00ns)   --->   "%omatrix_offset_c = alloca i62, align 8"   --->   Core 32 'FIFO' <Latency = 0> <II = 1> <Delay = 1.83> <Storage> <Opcode : 'read' 'write' 'nbread' 'nbwrite'> <Ports = 0> <Width = 1> <Depth = 2> <FIFO>
ST_1 : Operation 11 [1/1] (0.00ns)   --->   "%imatrix_offset_c = alloca i62, align 8"   --->   Core 32 'FIFO' <Latency = 0> <II = 1> <Delay = 1.83> <Storage> <Opcode : 'read' 'write' 'nbread' 'nbwrite'> <Ports = 0> <Width = 1> <Depth = 2> <FIFO>
ST_1 : Operation 12 [1/1] (0.00ns)   --->   "%i_0_i_i_c = alloca i1, align 1"   --->   Core 32 'FIFO' <Latency = 0> <II = 1> <Delay = 1.83> <Storage> <Opcode : 'read' 'write' 'nbread' 'nbwrite'> <Ports = 0> <Width = 1> <Depth = 2> <FIFO>
ST_1 : Operation 13 [1/1] (0.67ns)   --->   "%in1_buf_0 = alloca [2 x i6], align 1" [../src/decode.c:101]
ST_1 : Operation 14 [1/1] (0.67ns)   --->   "%in1_buf_1 = alloca [2 x i6], align 1" [../src/decode.c:101]
ST_1 : Operation 15 [1/1] (0.67ns)   --->   "%in1_buf_2 = alloca [2 x i6], align 1" [../src/decode.c:101]
ST_1 : Operation 16 [1/1] (0.67ns)   --->   "%in1_buf_3 = alloca [2 x i6], align 1" [../src/decode.c:101]
ST_1 : Operation 17 [1/1] (0.67ns)   --->   "%in1_buf_4 = alloca [2 x i6], align 1" [../src/decode.c:101]
ST_1 : Operation 18 [1/1] (0.67ns)   --->   "%in1_buf_5 = alloca [2 x i6], align 1" [../src/decode.c:101]
ST_1 : Operation 19 [1/1] (0.67ns)   --->   "%in1_buf_6 = alloca [2 x i6], align 1" [../src/decode.c:101]
ST_1 : Operation 20 [1/1] (0.67ns)   --->   "%in1_buf_7 = alloca [2 x i6], align 1" [../src/decode.c:101]
ST_1 : Operation 21 [1/1] (0.67ns)   --->   "%in1_buf_8 = alloca [2 x i6], align 1" [../src/decode.c:101]
ST_1 : Operation 22 [1/1] (0.67ns)   --->   "%in1_buf_9 = alloca [2 x i6], align 1" [../src/decode.c:101]
ST_1 : Operation 23 [1/1] (0.67ns)   --->   "%in1_buf_10 = alloca [2 x i6], align 1" [../src/decode.c:101]
ST_1 : Operation 24 [1/1] (0.67ns)   --->   "%in1_buf_11 = alloca [2 x i6], align 1" [../src/decode.c:101]
ST_1 : Operation 25 [1/1] (0.67ns)   --->   "%in1_buf_12 = alloca [2 x i6], align 1" [../src/decode.c:101]
ST_1 : Operation 26 [1/1] (0.67ns)   --->   "%in1_buf_13 = alloca [2 x i6], align 1" [../src/decode.c:101]
ST_1 : Operation 27 [1/1] (0.67ns)   --->   "%in1_buf_14 = alloca [2 x i6], align 1" [../src/decode.c:101]
ST_1 : Operation 28 [1/1] (0.67ns)   --->   "%in1_buf_15 = alloca [2 x i6], align 1" [../src/decode.c:101]
ST_1 : Operation 29 [1/1] (0.67ns)   --->   "%out_buf_0 = alloca [2 x i32], align 4" [../src/decode.c:102]
ST_1 : Operation 30 [1/1] (0.67ns)   --->   "%out_buf_1 = alloca [2 x i32], align 4" [../src/decode.c:102]
ST_1 : Operation 31 [1/1] (0.67ns)   --->   "%out_buf_2 = alloca [2 x i32], align 4" [../src/decode.c:102]
ST_1 : Operation 32 [1/1] (0.67ns)   --->   "%out_buf_3 = alloca [2 x i32], align 4" [../src/decode.c:102]
ST_1 : Operation 33 [1/1] (0.67ns)   --->   "%out_buf_4 = alloca [2 x i32], align 4" [../src/decode.c:102]
ST_1 : Operation 34 [1/1] (0.67ns)   --->   "%out_buf_5 = alloca [2 x i32], align 4" [../src/decode.c:102]
ST_1 : Operation 35 [1/1] (0.67ns)   --->   "%out_buf_6 = alloca [2 x i32], align 4" [../src/decode.c:102]
ST_1 : Operation 36 [1/1] (0.67ns)   --->   "%out_buf_7 = alloca [2 x i32], align 4" [../src/decode.c:102]
ST_1 : Operation 37 [1/1] (0.67ns)   --->   "%out_buf_8 = alloca [2 x i32], align 4" [../src/decode.c:102]
ST_1 : Operation 38 [1/1] (0.67ns)   --->   "%out_buf_9 = alloca [2 x i32], align 4" [../src/decode.c:102]
ST_1 : Operation 39 [1/1] (0.67ns)   --->   "%out_buf_10 = alloca [2 x i32], align 4" [../src/decode.c:102]
ST_1 : Operation 40 [1/1] (0.67ns)   --->   "%out_buf_11 = alloca [2 x i32], align 4" [../src/decode.c:102]
ST_1 : Operation 41 [1/1] (0.67ns)   --->   "%out_buf_12 = alloca [2 x i32], align 4" [../src/decode.c:102]
ST_1 : Operation 42 [1/1] (0.67ns)   --->   "%out_buf_13 = alloca [2 x i32], align 4" [../src/decode.c:102]
ST_1 : Operation 43 [1/1] (0.67ns)   --->   "%out_buf_14 = alloca [2 x i32], align 4" [../src/decode.c:102]
ST_1 : Operation 44 [1/1] (0.67ns)   --->   "%out_buf_15 = alloca [2 x i32], align 4" [../src/decode.c:102]
ST_1 : Operation 45 [2/2] (1.31ns)   --->   "call void @Loop_0_proc19(i2 %i_0_i_i_read, [2 x i6]* %in1_buf_0, [2 x i6]* %in1_buf_1, [2 x i6]* %in1_buf_2, [2 x i6]* %in1_buf_3, [2 x i6]* %in1_buf_4, [2 x i6]* %in1_buf_5, [2 x i6]* %in1_buf_6, [2 x i6]* %in1_buf_7, [2 x i6]* %in1_buf_8, [2 x i6]* %in1_buf_9, [2 x i6]* %in1_buf_10, [2 x i6]* %in1_buf_11, [2 x i6]* %in1_buf_12, [2 x i6]* %in1_buf_13, [2 x i6]* %in1_buf_14, [2 x i6]* %in1_buf_15, i1* %i_0_i_i_c, i62 %imatrix_offset_read, i62 %omatrix_offset_read, i62* %imatrix_offset_c, i62* %omatrix_offset_c)"   --->   Core 0 '' <Latency = 0> <II = 1> <Delay = 1.00> <Generic> <Opcode : >

 <State 2> : 0.00ns
ST_2 : Operation 46 [1/2] (0.00ns)   --->   "call void @Loop_0_proc19(i2 %i_0_i_i_read, [2 x i6]* %in1_buf_0, [2 x i6]* %in1_buf_1, [2 x i6]* %in1_buf_2, [2 x i6]* %in1_buf_3, [2 x i6]* %in1_buf_4, [2 x i6]* %in1_buf_5, [2 x i6]* %in1_buf_6, [2 x i6]* %in1_buf_7, [2 x i6]* %in1_buf_8, [2 x i6]* %in1_buf_9, [2 x i6]* %in1_buf_10, [2 x i6]* %in1_buf_11, [2 x i6]* %in1_buf_12, [2 x i6]* %in1_buf_13, [2 x i6]* %in1_buf_14, [2 x i6]* %in1_buf_15, i1* %i_0_i_i_c, i62 %imatrix_offset_read, i62 %omatrix_offset_read, i62* %imatrix_offset_c, i62* %omatrix_offset_c)"   --->   Core 0 '' <Latency = 0> <II = 1> <Delay = 1.00> <Generic> <Opcode : >

 <State 3> : 0.00ns
ST_3 : Operation 47 [2/2] (0.00ns)   --->   "call void @Loop_1_proc([2 x i6]* %in1_buf_0, i32* %imatrix, i62* nocapture %imatrix_offset_c, [2 x i32]* %out_buf_0, [2 x i6]* %in1_buf_1, [2 x i32]* %out_buf_1, [2 x i6]* %in1_buf_2, [2 x i32]* %out_buf_2, [2 x i6]* %in1_buf_3, [2 x i32]* %out_buf_3, [2 x i6]* %in1_buf_4, [2 x i32]* %out_buf_4, [2 x i6]* %in1_buf_5, [2 x i32]* %out_buf_5, [2 x i6]* %in1_buf_6, [2 x i32]* %out_buf_6, [2 x i6]* %in1_buf_7, [2 x i32]* %out_buf_7, [2 x i6]* %in1_buf_8, [2 x i32]* %out_buf_8, [2 x i6]* %in1_buf_9, [2 x i32]* %out_buf_9, [2 x i6]* %in1_buf_10, [2 x i32]* %out_buf_10, [2 x i6]* %in1_buf_11, [2 x i32]* %out_buf_11, [2 x i6]* %in1_buf_12, [2 x i32]* %out_buf_12, [2 x i6]* %in1_buf_13, [2 x i32]* %out_buf_13, [2 x i6]* %in1_buf_14, [2 x i32]* %out_buf_14, [2 x i6]* %in1_buf_15, [2 x i32]* %out_buf_15)"   --->   Core 0 '' <Latency = 0> <II = 1> <Delay = 1.00> <Generic> <Opcode : >

 <State 4> : 0.00ns
ST_4 : Operation 48 [1/2] (0.00ns)   --->   "call void @Loop_1_proc([2 x i6]* %in1_buf_0, i32* %imatrix, i62* nocapture %imatrix_offset_c, [2 x i32]* %out_buf_0, [2 x i6]* %in1_buf_1, [2 x i32]* %out_buf_1, [2 x i6]* %in1_buf_2, [2 x i32]* %out_buf_2, [2 x i6]* %in1_buf_3, [2 x i32]* %out_buf_3, [2 x i6]* %in1_buf_4, [2 x i32]* %out_buf_4, [2 x i6]* %in1_buf_5, [2 x i32]* %out_buf_5, [2 x i6]* %in1_buf_6, [2 x i32]* %out_buf_6, [2 x i6]* %in1_buf_7, [2 x i32]* %out_buf_7, [2 x i6]* %in1_buf_8, [2 x i32]* %out_buf_8, [2 x i6]* %in1_buf_9, [2 x i32]* %out_buf_9, [2 x i6]* %in1_buf_10, [2 x i32]* %out_buf_10, [2 x i6]* %in1_buf_11, [2 x i32]* %out_buf_11, [2 x i6]* %in1_buf_12, [2 x i32]* %out_buf_12, [2 x i6]* %in1_buf_13, [2 x i32]* %out_buf_13, [2 x i6]* %in1_buf_14, [2 x i32]* %out_buf_14, [2 x i6]* %in1_buf_15, [2 x i32]* %out_buf_15)"   --->   Core 0 '' <Latency = 0> <II = 1> <Delay = 1.00> <Generic> <Opcode : >

 <State 5> : 0.00ns
ST_5 : Operation 49 [2/2] (0.00ns)   --->   "call void @memcpy.omatrix.out_b(i32* %omatrix, i62* nocapture %omatrix_offset_c, i1* %i_0_i_i_c, [2 x i32]* %out_buf_0, [2 x i32]* %out_buf_1, [2 x i32]* %out_buf_2, [2 x i32]* %out_buf_3, [2 x i32]* %out_buf_4, [2 x i32]* %out_buf_5, [2 x i32]* %out_buf_6, [2 x i32]* %out_buf_7, [2 x i32]* %out_buf_8, [2 x i32]* %out_buf_9, [2 x i32]* %out_buf_10, [2 x i32]* %out_buf_11, [2 x i32]* %out_buf_12, [2 x i32]* %out_buf_13, [2 x i32]* %out_buf_14, [2 x i32]* %out_buf_15)"   --->   Core 0 '' <Latency = 0> <II = 1> <Delay = 1.00> <Generic> <Opcode : >

 <State 6> : 0.00ns
ST_6 : Operation 50 [1/1] (0.00ns)   --->   "call void (...)* @_ssdm_op_SpecInterface(i32* %omatrix, [6 x i8]* @p_str8, i32 0, i32 0, [1 x i8]* @p_str19, i32 0, i32 64, [8 x i8]* @p_str412, [6 x i8]* @p_str311, [1 x i8]* @p_str19, i32 16, i32 16, i32 16, i32 16, [1 x i8]* @p_str19, [1 x i8]* @p_str19)"
ST_6 : Operation 51 [1/1] (0.00ns)   --->   "call void (...)* @_ssdm_op_SpecInterface(i32* %imatrix, [6 x i8]* @p_str8, i32 0, i32 0, [1 x i8]* @p_str19, i32 0, i32 64, [8 x i8]* @p_str210, [6 x i8]* @p_str311, [1 x i8]* @p_str19, i32 16, i32 16, i32 16, i32 16, [1 x i8]* @p_str19, [1 x i8]* @p_str19)"
ST_6 : Operation 52 [1/1] (0.00ns)   --->   "call void (...)* @_ssdm_op_SpecDataflowPipeline(i32 -1, [1 x i8]* @p_str19) nounwind" [../src/decode.c:108]
ST_6 : Operation 53 [1/1] (0.00ns)   --->   "%empty = call i32 (...)* @_ssdm_op_SpecChannel([10 x i8]* @i_OC_0_OC_i_OC_i_c_s, i32 1, [1 x i8]* @p_str, [1 x i8]* @p_str, i32 2, i32 0, i1* %i_0_i_i_c, i1* %i_0_i_i_c)"
ST_6 : Operation 54 [1/1] (0.00ns)   --->   "call void (...)* @_ssdm_op_SpecInterface(i1* %i_0_i_i_c, [8 x i8]* @ap_fifo_str, i32 0, i32 0, [1 x i8]* @p_str, i32 0, i32 0, [1 x i8]* @p_str, [1 x i8]* @p_str, [1 x i8]* @p_str, i32 2, i32 2, i32 16, i32 16, [1 x i8]* @p_str, [1 x i8]* @p_str)"
ST_6 : Operation 55 [1/1] (0.00ns)   --->   "%empty_11 = call i32 (...)* @_ssdm_op_SpecChannel([17 x i8]* @imatrix_OC_offset_c_s, i32 1, [1 x i8]* @p_str, [1 x i8]* @p_str, i32 1, i32 0, i62* %imatrix_offset_c, i62* %imatrix_offset_c)"
ST_6 : Operation 56 [1/1] (0.00ns)   --->   "call void (...)* @_ssdm_op_SpecInterface(i62* %imatrix_offset_c, [8 x i8]* @ap_fifo_str, i32 0, i32 0, [1 x i8]* @p_str, i32 0, i32 0, [1 x i8]* @p_str, [1 x i8]* @p_str, [1 x i8]* @p_str, i32 2, i32 2, i32 16, i32 16, [1 x i8]* @p_str, [1 x i8]* @p_str)"
ST_6 : Operation 57 [1/1] (0.00ns)   --->   "%empty_12 = call i32 (...)* @_ssdm_op_SpecChannel([17 x i8]* @omatrix_OC_offset_c_s, i32 1, [1 x i8]* @p_str, [1 x i8]* @p_str, i32 2, i32 0, i62* %omatrix_offset_c, i62* %omatrix_offset_c)"
ST_6 : Operation 58 [1/1] (0.00ns)   --->   "call void (...)* @_ssdm_op_SpecInterface(i62* %omatrix_offset_c, [8 x i8]* @ap_fifo_str, i32 0, i32 0, [1 x i8]* @p_str, i32 0, i32 0, [1 x i8]* @p_str, [1 x i8]* @p_str, [1 x i8]* @p_str, i32 2, i32 2, i32 16, i32 16, [1 x i8]* @p_str, [1 x i8]* @p_str)"
ST_6 : Operation 59 [1/2] (0.00ns)   --->   "call void @memcpy.omatrix.out_b(i32* %omatrix, i62* nocapture %omatrix_offset_c, i1* %i_0_i_i_c, [2 x i32]* %out_buf_0, [2 x i32]* %out_buf_1, [2 x i32]* %out_buf_2, [2 x i32]* %out_buf_3, [2 x i32]* %out_buf_4, [2 x i32]* %out_buf_5, [2 x i32]* %out_buf_6, [2 x i32]* %out_buf_7, [2 x i32]* %out_buf_8, [2 x i32]* %out_buf_9, [2 x i32]* %out_buf_10, [2 x i32]* %out_buf_11, [2 x i32]* %out_buf_12, [2 x i32]* %out_buf_13, [2 x i32]* %out_buf_14, [2 x i32]* %out_buf_15)"   --->   Core 0 '' <Latency = 0> <II = 1> <Delay = 1.00> <Generic> <Opcode : >
ST_6 : Operation 60 [1/1] (0.00ns)   --->   "ret void"


============================================================
+ Verbose Summary: Binding
============================================================
STG Binding: 
---------------- STG Properties BEGIN ----------------
- Is combinational: 0
- Is one-state seq: 0
- Is datapath-only: 0
- Is pipelined: 0
- Is top level: 0
Port [ Return ] is wired: 1; IO mode=ap_ctrl_hs:ce=0
Port [ i_0_i_i]:  wired=1; compound=0; hidden=0; nouse=0; global=0; static=0; extern=0; dir=0; type=0; pingpong=0; private_global=0; IO mode=ap_none:ce=0
Port [ imatrix]:  wired=1; compound=1; hidden=0; nouse=0; global=0; static=0; extern=0; dir=0; type=4; pingpong=0; private_global=0; IO mode=m_axi:ce=0
Port [ imatrix_offset]:  wired=1; compound=0; hidden=0; nouse=0; global=0; static=0; extern=0; dir=0; type=0; pingpong=0; private_global=0; IO mode=ap_none:ce=0
Port [ omatrix]:  wired=1; compound=1; hidden=0; nouse=0; global=0; static=0; extern=0; dir=1; type=4; pingpong=0; private_global=0; IO mode=m_axi:ce=0
Port [ omatrix_offset]:  wired=1; compound=0; hidden=0; nouse=0; global=0; static=0; extern=0; dir=0; type=0; pingpong=0; private_global=0; IO mode=ap_none:ce=0
Port [ zigzag_index]:  wired=0; compound=1; hidden=1; nouse=1; global=1; static=1; extern=0; dir=0; type=1; pingpong=0; private_global=0; linkage=7; visibility=0; MemPort=[1111111111111111]; IO mode=ap_memory:ce=0
---------------- STG Properties END ------------------

---------------- Datapath Model BEGIN ----------------

<LifeTime>
<method=bitvector/>
omatrix_offset_read (read                ) [ 0010000]
imatrix_offset_read (read                ) [ 0010000]
i_0_i_i_read        (read                ) [ 0010000]
omatrix_offset_c    (alloca              ) [ 0111111]
imatrix_offset_c    (alloca              ) [ 0111111]
i_0_i_i_c           (alloca              ) [ 0111111]
in1_buf_0           (alloca              ) [ 0011100]
in1_buf_1           (alloca              ) [ 0011100]
in1_buf_2           (alloca              ) [ 0011100]
in1_buf_3           (alloca              ) [ 0011100]
in1_buf_4           (alloca              ) [ 0011100]
in1_buf_5           (alloca              ) [ 0011100]
in1_buf_6           (alloca              ) [ 0011100]
in1_buf_7           (alloca              ) [ 0011100]
in1_buf_8           (alloca              ) [ 0011100]
in1_buf_9           (alloca              ) [ 0011100]
in1_buf_10          (alloca              ) [ 0011100]
in1_buf_11          (alloca              ) [ 0011100]
in1_buf_12          (alloca              ) [ 0011100]
in1_buf_13          (alloca              ) [ 0011100]
in1_buf_14          (alloca              ) [ 0011100]
in1_buf_15          (alloca              ) [ 0011100]
out_buf_0           (alloca              ) [ 0011111]
out_buf_1           (alloca              ) [ 0011111]
out_buf_2           (alloca              ) [ 0011111]
out_buf_3           (alloca              ) [ 0011111]
out_buf_4           (alloca              ) [ 0011111]
out_buf_5           (alloca              ) [ 0011111]
out_buf_6           (alloca              ) [ 0011111]
out_buf_7           (alloca              ) [ 0011111]
out_buf_8           (alloca              ) [ 0011111]
out_buf_9           (alloca              ) [ 0011111]
out_buf_10          (alloca              ) [ 0011111]
out_buf_11          (alloca              ) [ 0011111]
out_buf_12          (alloca              ) [ 0011111]
out_buf_13          (alloca              ) [ 0011111]
out_buf_14          (alloca              ) [ 0011111]
out_buf_15          (alloca              ) [ 0011111]
StgValue_46         (call                ) [ 0000000]
StgValue_48         (call                ) [ 0000000]
StgValue_50         (specinterface       ) [ 0000000]
StgValue_51         (specinterface       ) [ 0000000]
StgValue_52         (specdataflowpipeline) [ 0000000]
empty               (specchannel         ) [ 0000000]
StgValue_54         (specinterface       ) [ 0000000]
empty_11            (specchannel         ) [ 0000000]
StgValue_56         (specinterface       ) [ 0000000]
empty_12            (specchannel         ) [ 0000000]
StgValue_58         (specinterface       ) [ 0000000]
StgValue_59         (call                ) [ 0000000]
StgValue_60         (ret                 ) [ 0000000]
</LifeTime>

<model>

<comp_list>
<comp id="0" class="1000" name="i_0_i_i">
<pin_list>
<pin id="1" dir="1" index="0" bw="1" slack="0"/>
</pin_list>
<bind>
<StgValue><ssdm name="i_0_i_i"/></StgValue>
</bind>
</comp>

<comp id="2" class="1000" name="imatrix">
<pin_list>
<pin id="3" dir="1" index="0" bw="1" slack="0"/>
</pin_list>
<bind>
<StgValue><ssdm name="imatrix"/></StgValue>
</bind>
</comp>

<comp id="4" class="1000" name="imatrix_offset">
<pin_list>
<pin id="5" dir="1" index="0" bw="1" slack="0"/>
</pin_list>
<bind>
<StgValue><ssdm name="imatrix_offset"/></StgValue>
</bind>
</comp>

<comp id="6" class="1000" name="omatrix">
<pin_list>
<pin id="7" dir="1" index="0" bw="1" slack="0"/>
</pin_list>
<bind>
<StgValue><ssdm name="omatrix"/></StgValue>
</bind>
</comp>

<comp id="8" class="1000" name="omatrix_offset">
<pin_list>
<pin id="9" dir="1" index="0" bw="1" slack="0"/>
</pin_list>
<bind>
<StgValue><ssdm name="omatrix_offset"/></StgValue>
</bind>
</comp>

<comp id="10" class="1000" name="zigzag_index">
<pin_list>
<pin id="11" dir="1" index="0" bw="1" slack="0"/>
</pin_list>
<bind>
<StgValue><ssdm name="zigzag_index"/><MemPortTyVec>1 1 1 1 1 1 1 1 1 1 1 1 1 1 1 1 </MemPortTyVec>
</StgValue>
</bind>
</comp>

<comp id="12" class="1001" name="const_12">
<pin_list>
<pin id="13" dir="1" index="0" bw="1" slack="0"/>
</pin_list>
<bind>
<StgValue><ssdm name="_ssdm_op_Read.ap_auto.i62"/></StgValue>
</bind>
</comp>

<comp id="14" class="1001" name="const_14">
<pin_list>
<pin id="15" dir="1" index="0" bw="1" slack="0"/>
</pin_list>
<bind>
<StgValue><ssdm name="_ssdm_op_Read.ap_auto.i2"/></StgValue>
</bind>
</comp>

<comp id="16" class="1001" name="const_16">
<pin_list>
<pin id="17" dir="1" index="0" bw="1" slack="0"/>
</pin_list>
<bind>
<StgValue><ssdm name=""/></StgValue>
</bind>
</comp>

<comp id="18" class="1001" name="const_18">
<pin_list>
<pin id="19" dir="1" index="0" bw="1" slack="0"/>
</pin_list>
<bind>
<StgValue><ssdm name="Loop_0_proc19"/></StgValue>
</bind>
</comp>

<comp id="20" class="1001" name="const_20">
<pin_list>
<pin id="21" dir="1" index="0" bw="1" slack="0"/>
</pin_list>
<bind>
<StgValue><ssdm name="Loop_1_proc"/></StgValue>
</bind>
</comp>

<comp id="22" class="1001" name="const_22">
<pin_list>
<pin id="23" dir="1" index="0" bw="1" slack="0"/>
</pin_list>
<bind>
<StgValue><ssdm name="memcpy.omatrix.out_b"/></StgValue>
</bind>
</comp>

<comp id="24" class="1001" name="const_24">
<pin_list>
<pin id="25" dir="1" index="0" bw="1" slack="2147483647"/>
</pin_list>
<bind>
<StgValue><ssdm name="_ssdm_op_SpecInterface"/></StgValue>
</bind>
</comp>

<comp id="26" class="1001" name="const_26">
<pin_list>
<pin id="27" dir="1" index="0" bw="1" slack="2147483647"/>
</pin_list>
<bind>
<StgValue><ssdm name="p_str8"/></StgValue>
</bind>
</comp>

<comp id="28" class="1001" name="const_28">
<pin_list>
<pin id="29" dir="1" index="0" bw="1" slack="2147483647"/>
</pin_list>
<bind>
<StgValue><ssdm name=""/></StgValue>
</bind>
</comp>

<comp id="30" class="1001" name="const_30">
<pin_list>
<pin id="31" dir="1" index="0" bw="1" slack="2147483647"/>
</pin_list>
<bind>
<StgValue><ssdm name="p_str19"/></StgValue>
</bind>
</comp>

<comp id="32" class="1001" name="const_32">
<pin_list>
<pin id="33" dir="1" index="0" bw="1" slack="2147483647"/>
</pin_list>
<bind>
<StgValue><ssdm name=""/></StgValue>
</bind>
</comp>

<comp id="34" class="1001" name="const_34">
<pin_list>
<pin id="35" dir="1" index="0" bw="1" slack="2147483647"/>
</pin_list>
<bind>
<StgValue><ssdm name="p_str412"/></StgValue>
</bind>
</comp>

<comp id="36" class="1001" name="const_36">
<pin_list>
<pin id="37" dir="1" index="0" bw="1" slack="2147483647"/>
</pin_list>
<bind>
<StgValue><ssdm name="p_str311"/></StgValue>
</bind>
</comp>

<comp id="38" class="1001" name="const_38">
<pin_list>
<pin id="39" dir="1" index="0" bw="1" slack="2147483647"/>
</pin_list>
<bind>
<StgValue><ssdm name=""/></StgValue>
</bind>
</comp>

<comp id="40" class="1001" name="const_40">
<pin_list>
<pin id="41" dir="1" index="0" bw="1" slack="2147483647"/>
</pin_list>
<bind>
<StgValue><ssdm name="p_str210"/></StgValue>
</bind>
</comp>

<comp id="42" class="1001" name="const_42">
<pin_list>
<pin id="43" dir="1" index="0" bw="1" slack="2147483647"/>
</pin_list>
<bind>
<StgValue><ssdm name="_ssdm_op_SpecDataflowPipeline"/></StgValue>
</bind>
</comp>

<comp id="44" class="1001" name="const_44">
<pin_list>
<pin id="45" dir="1" index="0" bw="1" slack="2147483647"/>
</pin_list>
<bind>
<StgValue><ssdm name=""/></StgValue>
</bind>
</comp>

<comp id="46" class="1001" name="const_46">
<pin_list>
<pin id="47" dir="1" index="0" bw="1" slack="2147483647"/>
</pin_list>
<bind>
<StgValue><ssdm name="_ssdm_op_SpecChannel"/></StgValue>
</bind>
</comp>

<comp id="48" class="1001" name="const_48">
<pin_list>
<pin id="49" dir="1" index="0" bw="1" slack="2147483647"/>
</pin_list>
<bind>
<StgValue><ssdm name="i_OC_0_OC_i_OC_i_c_s"/></StgValue>
</bind>
</comp>

<comp id="50" class="1001" name="const_50">
<pin_list>
<pin id="51" dir="1" index="0" bw="1" slack="2147483647"/>
</pin_list>
<bind>
<StgValue><ssdm name=""/></StgValue>
</bind>
</comp>

<comp id="52" class="1001" name="const_52">
<pin_list>
<pin id="53" dir="1" index="0" bw="1" slack="2147483647"/>
</pin_list>
<bind>
<StgValue><ssdm name="p_str"/></StgValue>
</bind>
</comp>

<comp id="54" class="1001" name="const_54">
<pin_list>
<pin id="55" dir="1" index="0" bw="1" slack="2147483647"/>
</pin_list>
<bind>
<StgValue><ssdm name=""/></StgValue>
</bind>
</comp>

<comp id="56" class="1001" name="const_56">
<pin_list>
<pin id="57" dir="1" index="0" bw="1" slack="2147483647"/>
</pin_list>
<bind>
<StgValue><ssdm name="ap_fifo_str"/></StgValue>
</bind>
</comp>

<comp id="58" class="1001" name="const_58">
<pin_list>
<pin id="59" dir="1" index="0" bw="1" slack="2147483647"/>
</pin_list>
<bind>
<StgValue><ssdm name="imatrix_OC_offset_c_s"/></StgValue>
</bind>
</comp>

<comp id="60" class="1001" name="const_60">
<pin_list>
<pin id="61" dir="1" index="0" bw="1" slack="2147483647"/>
</pin_list>
<bind>
<StgValue><ssdm name="omatrix_OC_offset_c_s"/></StgValue>
</bind>
</comp>

<comp id="62" class="1004" name="omatrix_offset_c_fu_62">
<pin_list>
<pin id="63" dir="0" index="0" bw="1" slack="0"/>
<pin id="64" dir="1" index="1" bw="62" slack="0"/>
</pin_list>
<bind>
<opcode="alloca(26) " fcode="alloca"/>
<opset="omatrix_offset_c/1 "/>
</bind>
</comp>

<comp id="66" class="1004" name="imatrix_offset_c_fu_66">
<pin_list>
<pin id="67" dir="0" index="0" bw="1" slack="0"/>
<pin id="68" dir="1" index="1" bw="62" slack="0"/>
</pin_list>
<bind>
<opcode="alloca(26) " fcode="alloca"/>
<opset="imatrix_offset_c/1 "/>
</bind>
</comp>

<comp id="70" class="1004" name="i_0_i_i_c_fu_70">
<pin_list>
<pin id="71" dir="0" index="0" bw="1" slack="0"/>
<pin id="72" dir="1" index="1" bw="1" slack="0"/>
</pin_list>
<bind>
<opcode="alloca(26) " fcode="alloca"/>
<opset="i_0_i_i_c/1 "/>
</bind>
</comp>

<comp id="74" class="1004" name="in1_buf_0_alloca_fu_74">
<pin_list>
<pin id="75" dir="0" index="0" bw="1" slack="0"/>
<pin id="76" dir="1" index="1" bw="6" slack="0"/>
</pin_list>
<bind>
<opcode="alloca(26) " fcode="alloca"/>
<opset="in1_buf_0/1 "/>
</bind>
</comp>

<comp id="78" class="1004" name="in1_buf_1_alloca_fu_78">
<pin_list>
<pin id="79" dir="0" index="0" bw="1" slack="0"/>
<pin id="80" dir="1" index="1" bw="6" slack="0"/>
</pin_list>
<bind>
<opcode="alloca(26) " fcode="alloca"/>
<opset="in1_buf_1/1 "/>
</bind>
</comp>

<comp id="82" class="1004" name="in1_buf_2_alloca_fu_82">
<pin_list>
<pin id="83" dir="0" index="0" bw="1" slack="0"/>
<pin id="84" dir="1" index="1" bw="6" slack="0"/>
</pin_list>
<bind>
<opcode="alloca(26) " fcode="alloca"/>
<opset="in1_buf_2/1 "/>
</bind>
</comp>

<comp id="86" class="1004" name="in1_buf_3_alloca_fu_86">
<pin_list>
<pin id="87" dir="0" index="0" bw="1" slack="0"/>
<pin id="88" dir="1" index="1" bw="6" slack="0"/>
</pin_list>
<bind>
<opcode="alloca(26) " fcode="alloca"/>
<opset="in1_buf_3/1 "/>
</bind>
</comp>

<comp id="90" class="1004" name="in1_buf_4_alloca_fu_90">
<pin_list>
<pin id="91" dir="0" index="0" bw="1" slack="0"/>
<pin id="92" dir="1" index="1" bw="6" slack="0"/>
</pin_list>
<bind>
<opcode="alloca(26) " fcode="alloca"/>
<opset="in1_buf_4/1 "/>
</bind>
</comp>

<comp id="94" class="1004" name="in1_buf_5_alloca_fu_94">
<pin_list>
<pin id="95" dir="0" index="0" bw="1" slack="0"/>
<pin id="96" dir="1" index="1" bw="6" slack="0"/>
</pin_list>
<bind>
<opcode="alloca(26) " fcode="alloca"/>
<opset="in1_buf_5/1 "/>
</bind>
</comp>

<comp id="98" class="1004" name="in1_buf_6_alloca_fu_98">
<pin_list>
<pin id="99" dir="0" index="0" bw="1" slack="0"/>
<pin id="100" dir="1" index="1" bw="6" slack="0"/>
</pin_list>
<bind>
<opcode="alloca(26) " fcode="alloca"/>
<opset="in1_buf_6/1 "/>
</bind>
</comp>

<comp id="102" class="1004" name="in1_buf_7_alloca_fu_102">
<pin_list>
<pin id="103" dir="0" index="0" bw="1" slack="0"/>
<pin id="104" dir="1" index="1" bw="6" slack="0"/>
</pin_list>
<bind>
<opcode="alloca(26) " fcode="alloca"/>
<opset="in1_buf_7/1 "/>
</bind>
</comp>

<comp id="106" class="1004" name="in1_buf_8_alloca_fu_106">
<pin_list>
<pin id="107" dir="0" index="0" bw="1" slack="0"/>
<pin id="108" dir="1" index="1" bw="6" slack="0"/>
</pin_list>
<bind>
<opcode="alloca(26) " fcode="alloca"/>
<opset="in1_buf_8/1 "/>
</bind>
</comp>

<comp id="110" class="1004" name="in1_buf_9_alloca_fu_110">
<pin_list>
<pin id="111" dir="0" index="0" bw="1" slack="0"/>
<pin id="112" dir="1" index="1" bw="6" slack="0"/>
</pin_list>
<bind>
<opcode="alloca(26) " fcode="alloca"/>
<opset="in1_buf_9/1 "/>
</bind>
</comp>

<comp id="114" class="1004" name="in1_buf_10_alloca_fu_114">
<pin_list>
<pin id="115" dir="0" index="0" bw="1" slack="0"/>
<pin id="116" dir="1" index="1" bw="6" slack="0"/>
</pin_list>
<bind>
<opcode="alloca(26) " fcode="alloca"/>
<opset="in1_buf_10/1 "/>
</bind>
</comp>

<comp id="118" class="1004" name="in1_buf_11_alloca_fu_118">
<pin_list>
<pin id="119" dir="0" index="0" bw="1" slack="0"/>
<pin id="120" dir="1" index="1" bw="6" slack="0"/>
</pin_list>
<bind>
<opcode="alloca(26) " fcode="alloca"/>
<opset="in1_buf_11/1 "/>
</bind>
</comp>

<comp id="122" class="1004" name="in1_buf_12_alloca_fu_122">
<pin_list>
<pin id="123" dir="0" index="0" bw="1" slack="0"/>
<pin id="124" dir="1" index="1" bw="6" slack="0"/>
</pin_list>
<bind>
<opcode="alloca(26) " fcode="alloca"/>
<opset="in1_buf_12/1 "/>
</bind>
</comp>

<comp id="126" class="1004" name="in1_buf_13_alloca_fu_126">
<pin_list>
<pin id="127" dir="0" index="0" bw="1" slack="0"/>
<pin id="128" dir="1" index="1" bw="6" slack="0"/>
</pin_list>
<bind>
<opcode="alloca(26) " fcode="alloca"/>
<opset="in1_buf_13/1 "/>
</bind>
</comp>

<comp id="130" class="1004" name="in1_buf_14_alloca_fu_130">
<pin_list>
<pin id="131" dir="0" index="0" bw="1" slack="0"/>
<pin id="132" dir="1" index="1" bw="6" slack="0"/>
</pin_list>
<bind>
<opcode="alloca(26) " fcode="alloca"/>
<opset="in1_buf_14/1 "/>
</bind>
</comp>

<comp id="134" class="1004" name="in1_buf_15_alloca_fu_134">
<pin_list>
<pin id="135" dir="0" index="0" bw="1" slack="0"/>
<pin id="136" dir="1" index="1" bw="6" slack="0"/>
</pin_list>
<bind>
<opcode="alloca(26) " fcode="alloca"/>
<opset="in1_buf_15/1 "/>
</bind>
</comp>

<comp id="138" class="1004" name="out_buf_0_alloca_fu_138">
<pin_list>
<pin id="139" dir="0" index="0" bw="1" slack="0"/>
<pin id="140" dir="1" index="1" bw="32" slack="2147483647"/>
</pin_list>
<bind>
<opcode="alloca(26) " fcode="alloca"/>
<opset="out_buf_0/1 "/>
</bind>
</comp>

<comp id="142" class="1004" name="out_buf_1_alloca_fu_142">
<pin_list>
<pin id="143" dir="0" index="0" bw="1" slack="0"/>
<pin id="144" dir="1" index="1" bw="32" slack="2147483647"/>
</pin_list>
<bind>
<opcode="alloca(26) " fcode="alloca"/>
<opset="out_buf_1/1 "/>
</bind>
</comp>

<comp id="146" class="1004" name="out_buf_2_alloca_fu_146">
<pin_list>
<pin id="147" dir="0" index="0" bw="1" slack="0"/>
<pin id="148" dir="1" index="1" bw="32" slack="2147483647"/>
</pin_list>
<bind>
<opcode="alloca(26) " fcode="alloca"/>
<opset="out_buf_2/1 "/>
</bind>
</comp>

<comp id="150" class="1004" name="out_buf_3_alloca_fu_150">
<pin_list>
<pin id="151" dir="0" index="0" bw="1" slack="0"/>
<pin id="152" dir="1" index="1" bw="32" slack="2147483647"/>
</pin_list>
<bind>
<opcode="alloca(26) " fcode="alloca"/>
<opset="out_buf_3/1 "/>
</bind>
</comp>

<comp id="154" class="1004" name="out_buf_4_alloca_fu_154">
<pin_list>
<pin id="155" dir="0" index="0" bw="1" slack="0"/>
<pin id="156" dir="1" index="1" bw="32" slack="2147483647"/>
</pin_list>
<bind>
<opcode="alloca(26) " fcode="alloca"/>
<opset="out_buf_4/1 "/>
</bind>
</comp>

<comp id="158" class="1004" name="out_buf_5_alloca_fu_158">
<pin_list>
<pin id="159" dir="0" index="0" bw="1" slack="0"/>
<pin id="160" dir="1" index="1" bw="32" slack="2147483647"/>
</pin_list>
<bind>
<opcode="alloca(26) " fcode="alloca"/>
<opset="out_buf_5/1 "/>
</bind>
</comp>

<comp id="162" class="1004" name="out_buf_6_alloca_fu_162">
<pin_list>
<pin id="163" dir="0" index="0" bw="1" slack="0"/>
<pin id="164" dir="1" index="1" bw="32" slack="2147483647"/>
</pin_list>
<bind>
<opcode="alloca(26) " fcode="alloca"/>
<opset="out_buf_6/1 "/>
</bind>
</comp>

<comp id="166" class="1004" name="out_buf_7_alloca_fu_166">
<pin_list>
<pin id="167" dir="0" index="0" bw="1" slack="0"/>
<pin id="168" dir="1" index="1" bw="32" slack="2147483647"/>
</pin_list>
<bind>
<opcode="alloca(26) " fcode="alloca"/>
<opset="out_buf_7/1 "/>
</bind>
</comp>

<comp id="170" class="1004" name="out_buf_8_alloca_fu_170">
<pin_list>
<pin id="171" dir="0" index="0" bw="1" slack="0"/>
<pin id="172" dir="1" index="1" bw="32" slack="2147483647"/>
</pin_list>
<bind>
<opcode="alloca(26) " fcode="alloca"/>
<opset="out_buf_8/1 "/>
</bind>
</comp>

<comp id="174" class="1004" name="out_buf_9_alloca_fu_174">
<pin_list>
<pin id="175" dir="0" index="0" bw="1" slack="0"/>
<pin id="176" dir="1" index="1" bw="32" slack="2147483647"/>
</pin_list>
<bind>
<opcode="alloca(26) " fcode="alloca"/>
<opset="out_buf_9/1 "/>
</bind>
</comp>

<comp id="178" class="1004" name="out_buf_10_alloca_fu_178">
<pin_list>
<pin id="179" dir="0" index="0" bw="1" slack="0"/>
<pin id="180" dir="1" index="1" bw="32" slack="2147483647"/>
</pin_list>
<bind>
<opcode="alloca(26) " fcode="alloca"/>
<opset="out_buf_10/1 "/>
</bind>
</comp>

<comp id="182" class="1004" name="out_buf_11_alloca_fu_182">
<pin_list>
<pin id="183" dir="0" index="0" bw="1" slack="0"/>
<pin id="184" dir="1" index="1" bw="32" slack="2147483647"/>
</pin_list>
<bind>
<opcode="alloca(26) " fcode="alloca"/>
<opset="out_buf_11/1 "/>
</bind>
</comp>

<comp id="186" class="1004" name="out_buf_12_alloca_fu_186">
<pin_list>
<pin id="187" dir="0" index="0" bw="1" slack="0"/>
<pin id="188" dir="1" index="1" bw="32" slack="2147483647"/>
</pin_list>
<bind>
<opcode="alloca(26) " fcode="alloca"/>
<opset="out_buf_12/1 "/>
</bind>
</comp>

<comp id="190" class="1004" name="out_buf_13_alloca_fu_190">
<pin_list>
<pin id="191" dir="0" index="0" bw="1" slack="0"/>
<pin id="192" dir="1" index="1" bw="32" slack="2147483647"/>
</pin_list>
<bind>
<opcode="alloca(26) " fcode="alloca"/>
<opset="out_buf_13/1 "/>
</bind>
</comp>

<comp id="194" class="1004" name="out_buf_14_alloca_fu_194">
<pin_list>
<pin id="195" dir="0" index="0" bw="1" slack="0"/>
<pin id="196" dir="1" index="1" bw="32" slack="2147483647"/>
</pin_list>
<bind>
<opcode="alloca(26) " fcode="alloca"/>
<opset="out_buf_14/1 "/>
</bind>
</comp>

<comp id="198" class="1004" name="out_buf_15_alloca_fu_198">
<pin_list>
<pin id="199" dir="0" index="0" bw="1" slack="0"/>
<pin id="200" dir="1" index="1" bw="32" slack="2147483647"/>
</pin_list>
<bind>
<opcode="alloca(26) " fcode="alloca"/>
<opset="out_buf_15/1 "/>
</bind>
</comp>

<comp id="202" class="1004" name="omatrix_offset_read_read_fu_202">
<pin_list>
<pin id="203" dir="0" index="0" bw="62" slack="0"/>
<pin id="204" dir="0" index="1" bw="62" slack="0"/>
<pin id="205" dir="1" index="2" bw="62" slack="0"/>
</pin_list>
<bind>
<opcode="read(1150) " fcode="read"/>
<opset="omatrix_offset_read/1 "/>
</bind>
</comp>

<comp id="208" class="1004" name="imatrix_offset_read_read_fu_208">
<pin_list>
<pin id="209" dir="0" index="0" bw="62" slack="0"/>
<pin id="210" dir="0" index="1" bw="62" slack="0"/>
<pin id="211" dir="1" index="2" bw="62" slack="0"/>
</pin_list>
<bind>
<opcode="read(1150) " fcode="read"/>
<opset="imatrix_offset_read/1 "/>
</bind>
</comp>

<comp id="214" class="1004" name="i_0_i_i_read_read_fu_214">
<pin_list>
<pin id="215" dir="0" index="0" bw="2" slack="0"/>
<pin id="216" dir="0" index="1" bw="2" slack="0"/>
<pin id="217" dir="1" index="2" bw="2" slack="0"/>
</pin_list>
<bind>
<opcode="read(1150) " fcode="read"/>
<opset="i_0_i_i_read/1 "/>
</bind>
</comp>

<comp id="220" class="1004" name="grp_Loop_1_proc_fu_220">
<pin_list>
<pin id="221" dir="0" index="0" bw="0" slack="0"/>
<pin id="222" dir="0" index="1" bw="6" slack="2147483647"/>
<pin id="223" dir="0" index="2" bw="32" slack="0"/>
<pin id="224" dir="0" index="3" bw="62" slack="2"/>
<pin id="225" dir="0" index="4" bw="32" slack="2147483647"/>
<pin id="226" dir="0" index="5" bw="6" slack="2147483647"/>
<pin id="227" dir="0" index="6" bw="32" slack="2147483647"/>
<pin id="228" dir="0" index="7" bw="6" slack="2147483647"/>
<pin id="229" dir="0" index="8" bw="32" slack="2147483647"/>
<pin id="230" dir="0" index="9" bw="6" slack="2147483647"/>
<pin id="231" dir="0" index="10" bw="32" slack="2147483647"/>
<pin id="232" dir="0" index="11" bw="6" slack="2147483647"/>
<pin id="233" dir="0" index="12" bw="32" slack="2147483647"/>
<pin id="234" dir="0" index="13" bw="6" slack="2147483647"/>
<pin id="235" dir="0" index="14" bw="32" slack="2147483647"/>
<pin id="236" dir="0" index="15" bw="6" slack="2147483647"/>
<pin id="237" dir="0" index="16" bw="32" slack="2147483647"/>
<pin id="238" dir="0" index="17" bw="6" slack="2147483647"/>
<pin id="239" dir="0" index="18" bw="32" slack="2147483647"/>
<pin id="240" dir="0" index="19" bw="6" slack="2147483647"/>
<pin id="241" dir="0" index="20" bw="32" slack="2147483647"/>
<pin id="242" dir="0" index="21" bw="6" slack="2147483647"/>
<pin id="243" dir="0" index="22" bw="32" slack="2147483647"/>
<pin id="244" dir="0" index="23" bw="6" slack="2147483647"/>
<pin id="245" dir="0" index="24" bw="32" slack="2147483647"/>
<pin id="246" dir="0" index="25" bw="6" slack="2147483647"/>
<pin id="247" dir="0" index="26" bw="32" slack="2147483647"/>
<pin id="248" dir="0" index="27" bw="6" slack="2147483647"/>
<pin id="249" dir="0" index="28" bw="32" slack="2147483647"/>
<pin id="250" dir="0" index="29" bw="6" slack="2147483647"/>
<pin id="251" dir="0" index="30" bw="32" slack="2147483647"/>
<pin id="252" dir="0" index="31" bw="6" slack="2147483647"/>
<pin id="253" dir="0" index="32" bw="32" slack="2147483647"/>
<pin id="254" dir="0" index="33" bw="6" slack="2147483647"/>
<pin id="255" dir="0" index="34" bw="32" slack="2147483647"/>
<pin id="256" dir="1" index="35" bw="0" slack="2147483647"/>
</pin_list>
<bind>
<opcode="call(48) " fcode="call"/>
<opset="StgValue_47/3 "/>
</bind>
</comp>

<comp id="259" class="1004" name="grp_memcpy_omatrix_out_b_fu_259">
<pin_list>
<pin id="260" dir="0" index="0" bw="0" slack="0"/>
<pin id="261" dir="0" index="1" bw="32" slack="0"/>
<pin id="262" dir="0" index="2" bw="62" slack="4"/>
<pin id="263" dir="0" index="3" bw="1" slack="4"/>
<pin id="264" dir="0" index="4" bw="32" slack="2147483647"/>
<pin id="265" dir="0" index="5" bw="32" slack="2147483647"/>
<pin id="266" dir="0" index="6" bw="32" slack="2147483647"/>
<pin id="267" dir="0" index="7" bw="32" slack="2147483647"/>
<pin id="268" dir="0" index="8" bw="32" slack="2147483647"/>
<pin id="269" dir="0" index="9" bw="32" slack="2147483647"/>
<pin id="270" dir="0" index="10" bw="32" slack="2147483647"/>
<pin id="271" dir="0" index="11" bw="32" slack="2147483647"/>
<pin id="272" dir="0" index="12" bw="32" slack="2147483647"/>
<pin id="273" dir="0" index="13" bw="32" slack="2147483647"/>
<pin id="274" dir="0" index="14" bw="32" slack="2147483647"/>
<pin id="275" dir="0" index="15" bw="32" slack="2147483647"/>
<pin id="276" dir="0" index="16" bw="32" slack="2147483647"/>
<pin id="277" dir="0" index="17" bw="32" slack="2147483647"/>
<pin id="278" dir="0" index="18" bw="32" slack="2147483647"/>
<pin id="279" dir="0" index="19" bw="32" slack="2147483647"/>
<pin id="280" dir="1" index="20" bw="0" slack="2147483647"/>
</pin_list>
<bind>
<opcode="call(48) " fcode="call"/>
<opset="StgValue_49/5 "/>
</bind>
</comp>

<comp id="283" class="1004" name="grp_Loop_0_proc19_fu_283">
<pin_list>
<pin id="284" dir="0" index="0" bw="0" slack="0"/>
<pin id="285" dir="0" index="1" bw="2" slack="0"/>
<pin id="286" dir="0" index="2" bw="6" slack="0"/>
<pin id="287" dir="0" index="3" bw="6" slack="0"/>
<pin id="288" dir="0" index="4" bw="6" slack="0"/>
<pin id="289" dir="0" index="5" bw="6" slack="0"/>
<pin id="290" dir="0" index="6" bw="6" slack="0"/>
<pin id="291" dir="0" index="7" bw="6" slack="0"/>
<pin id="292" dir="0" index="8" bw="6" slack="0"/>
<pin id="293" dir="0" index="9" bw="6" slack="0"/>
<pin id="294" dir="0" index="10" bw="6" slack="0"/>
<pin id="295" dir="0" index="11" bw="6" slack="0"/>
<pin id="296" dir="0" index="12" bw="6" slack="0"/>
<pin id="297" dir="0" index="13" bw="6" slack="0"/>
<pin id="298" dir="0" index="14" bw="6" slack="0"/>
<pin id="299" dir="0" index="15" bw="6" slack="0"/>
<pin id="300" dir="0" index="16" bw="6" slack="0"/>
<pin id="301" dir="0" index="17" bw="6" slack="0"/>
<pin id="302" dir="0" index="18" bw="1" slack="0"/>
<pin id="303" dir="0" index="19" bw="62" slack="0"/>
<pin id="304" dir="0" index="20" bw="62" slack="0"/>
<pin id="305" dir="0" index="21" bw="62" slack="0"/>
<pin id="306" dir="0" index="22" bw="62" slack="0"/>
<pin id="307" dir="0" index="23" bw="6" slack="0"/>
<pin id="308" dir="1" index="24" bw="0" slack="2147483647"/>
</pin_list>
<bind>
<opcode="call(48) " fcode="call"/>
<opset="StgValue_45/1 "/>
</bind>
</comp>

<comp id="330" class="1005" name="omatrix_offset_read_reg_330">
<pin_list>
<pin id="331" dir="0" index="0" bw="62" slack="1"/>
<pin id="332" dir="1" index="1" bw="62" slack="1"/>
</pin_list>
<bind>
<opset="omatrix_offset_read "/>
</bind>
</comp>

<comp id="335" class="1005" name="imatrix_offset_read_reg_335">
<pin_list>
<pin id="336" dir="0" index="0" bw="62" slack="1"/>
<pin id="337" dir="1" index="1" bw="62" slack="1"/>
</pin_list>
<bind>
<opset="imatrix_offset_read "/>
</bind>
</comp>

<comp id="340" class="1005" name="i_0_i_i_read_reg_340">
<pin_list>
<pin id="341" dir="0" index="0" bw="2" slack="1"/>
<pin id="342" dir="1" index="1" bw="2" slack="1"/>
</pin_list>
<bind>
<opset="i_0_i_i_read "/>
</bind>
</comp>

<comp id="345" class="1005" name="omatrix_offset_c_reg_345">
<pin_list>
<pin id="346" dir="0" index="0" bw="62" slack="0"/>
<pin id="347" dir="1" index="1" bw="62" slack="0"/>
</pin_list>
<bind>
<opset="omatrix_offset_c "/>
</bind>
</comp>

<comp id="351" class="1005" name="imatrix_offset_c_reg_351">
<pin_list>
<pin id="352" dir="0" index="0" bw="62" slack="0"/>
<pin id="353" dir="1" index="1" bw="62" slack="0"/>
</pin_list>
<bind>
<opset="imatrix_offset_c "/>
</bind>
</comp>

<comp id="357" class="1005" name="i_0_i_i_c_reg_357">
<pin_list>
<pin id="358" dir="0" index="0" bw="1" slack="0"/>
<pin id="359" dir="1" index="1" bw="1" slack="0"/>
</pin_list>
<bind>
<opset="i_0_i_i_c "/>
</bind>
</comp>

</comp_list>

<net_list>
<net id="65"><net_src comp="16" pin="0"/><net_sink comp="62" pin=0"/></net>

<net id="69"><net_src comp="16" pin="0"/><net_sink comp="66" pin=0"/></net>

<net id="73"><net_src comp="16" pin="0"/><net_sink comp="70" pin=0"/></net>

<net id="77"><net_src comp="16" pin="0"/><net_sink comp="74" pin=0"/></net>

<net id="81"><net_src comp="16" pin="0"/><net_sink comp="78" pin=0"/></net>

<net id="85"><net_src comp="16" pin="0"/><net_sink comp="82" pin=0"/></net>

<net id="89"><net_src comp="16" pin="0"/><net_sink comp="86" pin=0"/></net>

<net id="93"><net_src comp="16" pin="0"/><net_sink comp="90" pin=0"/></net>

<net id="97"><net_src comp="16" pin="0"/><net_sink comp="94" pin=0"/></net>

<net id="101"><net_src comp="16" pin="0"/><net_sink comp="98" pin=0"/></net>

<net id="105"><net_src comp="16" pin="0"/><net_sink comp="102" pin=0"/></net>

<net id="109"><net_src comp="16" pin="0"/><net_sink comp="106" pin=0"/></net>

<net id="113"><net_src comp="16" pin="0"/><net_sink comp="110" pin=0"/></net>

<net id="117"><net_src comp="16" pin="0"/><net_sink comp="114" pin=0"/></net>

<net id="121"><net_src comp="16" pin="0"/><net_sink comp="118" pin=0"/></net>

<net id="125"><net_src comp="16" pin="0"/><net_sink comp="122" pin=0"/></net>

<net id="129"><net_src comp="16" pin="0"/><net_sink comp="126" pin=0"/></net>

<net id="133"><net_src comp="16" pin="0"/><net_sink comp="130" pin=0"/></net>

<net id="137"><net_src comp="16" pin="0"/><net_sink comp="134" pin=0"/></net>

<net id="141"><net_src comp="16" pin="0"/><net_sink comp="138" pin=0"/></net>

<net id="145"><net_src comp="16" pin="0"/><net_sink comp="142" pin=0"/></net>

<net id="149"><net_src comp="16" pin="0"/><net_sink comp="146" pin=0"/></net>

<net id="153"><net_src comp="16" pin="0"/><net_sink comp="150" pin=0"/></net>

<net id="157"><net_src comp="16" pin="0"/><net_sink comp="154" pin=0"/></net>

<net id="161"><net_src comp="16" pin="0"/><net_sink comp="158" pin=0"/></net>

<net id="165"><net_src comp="16" pin="0"/><net_sink comp="162" pin=0"/></net>

<net id="169"><net_src comp="16" pin="0"/><net_sink comp="166" pin=0"/></net>

<net id="173"><net_src comp="16" pin="0"/><net_sink comp="170" pin=0"/></net>

<net id="177"><net_src comp="16" pin="0"/><net_sink comp="174" pin=0"/></net>

<net id="181"><net_src comp="16" pin="0"/><net_sink comp="178" pin=0"/></net>

<net id="185"><net_src comp="16" pin="0"/><net_sink comp="182" pin=0"/></net>

<net id="189"><net_src comp="16" pin="0"/><net_sink comp="186" pin=0"/></net>

<net id="193"><net_src comp="16" pin="0"/><net_sink comp="190" pin=0"/></net>

<net id="197"><net_src comp="16" pin="0"/><net_sink comp="194" pin=0"/></net>

<net id="201"><net_src comp="16" pin="0"/><net_sink comp="198" pin=0"/></net>

<net id="206"><net_src comp="12" pin="0"/><net_sink comp="202" pin=0"/></net>

<net id="207"><net_src comp="8" pin="0"/><net_sink comp="202" pin=1"/></net>

<net id="212"><net_src comp="12" pin="0"/><net_sink comp="208" pin=0"/></net>

<net id="213"><net_src comp="4" pin="0"/><net_sink comp="208" pin=1"/></net>

<net id="218"><net_src comp="14" pin="0"/><net_sink comp="214" pin=0"/></net>

<net id="219"><net_src comp="0" pin="0"/><net_sink comp="214" pin=1"/></net>

<net id="257"><net_src comp="20" pin="0"/><net_sink comp="220" pin=0"/></net>

<net id="258"><net_src comp="2" pin="0"/><net_sink comp="220" pin=2"/></net>

<net id="281"><net_src comp="22" pin="0"/><net_sink comp="259" pin=0"/></net>

<net id="282"><net_src comp="6" pin="0"/><net_sink comp="259" pin=1"/></net>

<net id="309"><net_src comp="18" pin="0"/><net_sink comp="283" pin=0"/></net>

<net id="310"><net_src comp="214" pin="2"/><net_sink comp="283" pin=1"/></net>

<net id="311"><net_src comp="74" pin="1"/><net_sink comp="283" pin=2"/></net>

<net id="312"><net_src comp="78" pin="1"/><net_sink comp="283" pin=3"/></net>

<net id="313"><net_src comp="82" pin="1"/><net_sink comp="283" pin=4"/></net>

<net id="314"><net_src comp="86" pin="1"/><net_sink comp="283" pin=5"/></net>

<net id="315"><net_src comp="90" pin="1"/><net_sink comp="283" pin=6"/></net>

<net id="316"><net_src comp="94" pin="1"/><net_sink comp="283" pin=7"/></net>

<net id="317"><net_src comp="98" pin="1"/><net_sink comp="283" pin=8"/></net>

<net id="318"><net_src comp="102" pin="1"/><net_sink comp="283" pin=9"/></net>

<net id="319"><net_src comp="106" pin="1"/><net_sink comp="283" pin=10"/></net>

<net id="320"><net_src comp="110" pin="1"/><net_sink comp="283" pin=11"/></net>

<net id="321"><net_src comp="114" pin="1"/><net_sink comp="283" pin=12"/></net>

<net id="322"><net_src comp="118" pin="1"/><net_sink comp="283" pin=13"/></net>

<net id="323"><net_src comp="122" pin="1"/><net_sink comp="283" pin=14"/></net>

<net id="324"><net_src comp="126" pin="1"/><net_sink comp="283" pin=15"/></net>

<net id="325"><net_src comp="130" pin="1"/><net_sink comp="283" pin=16"/></net>

<net id="326"><net_src comp="134" pin="1"/><net_sink comp="283" pin=17"/></net>

<net id="327"><net_src comp="208" pin="2"/><net_sink comp="283" pin=19"/></net>

<net id="328"><net_src comp="202" pin="2"/><net_sink comp="283" pin=20"/></net>

<net id="329"><net_src comp="10" pin="0"/><net_sink comp="283" pin=23"/></net>

<net id="333"><net_src comp="202" pin="2"/><net_sink comp="330" pin=0"/></net>

<net id="334"><net_src comp="330" pin="1"/><net_sink comp="283" pin=20"/></net>

<net id="338"><net_src comp="208" pin="2"/><net_sink comp="335" pin=0"/></net>

<net id="339"><net_src comp="335" pin="1"/><net_sink comp="283" pin=19"/></net>

<net id="343"><net_src comp="214" pin="2"/><net_sink comp="340" pin=0"/></net>

<net id="344"><net_src comp="340" pin="1"/><net_sink comp="283" pin=1"/></net>

<net id="348"><net_src comp="62" pin="1"/><net_sink comp="345" pin=0"/></net>

<net id="349"><net_src comp="345" pin="1"/><net_sink comp="283" pin=22"/></net>

<net id="350"><net_src comp="345" pin="1"/><net_sink comp="259" pin=2"/></net>

<net id="354"><net_src comp="66" pin="1"/><net_sink comp="351" pin=0"/></net>

<net id="355"><net_src comp="351" pin="1"/><net_sink comp="283" pin=21"/></net>

<net id="356"><net_src comp="351" pin="1"/><net_sink comp="220" pin=3"/></net>

<net id="360"><net_src comp="70" pin="1"/><net_sink comp="357" pin=0"/></net>

<net id="361"><net_src comp="357" pin="1"/><net_sink comp="283" pin=18"/></net>

<net id="362"><net_src comp="357" pin="1"/><net_sink comp="259" pin=3"/></net>

</net_list>

</model> 
---------------- Datapath Model END ------------------

* FSMD analyzer results:
  - Output states:
	Port: omatrix | {5 6 }
 - Input state : 
	Port: dataflow_in_loop : i_0_i_i | {1 }
	Port: dataflow_in_loop : imatrix | {3 4 }
	Port: dataflow_in_loop : imatrix_offset | {1 }
	Port: dataflow_in_loop : omatrix_offset | {1 }
	Port: dataflow_in_loop : zigzag_index | {1 2 }
  - Chain level:
	State 1
		StgValue_45 : 1
	State 2
	State 3
	State 4
	State 5
	State 6


============================================================
+ Verbose Summary: Datapath Resource usage 
============================================================

* Functional unit list:
|----------|---------------------------------|---------|---------|---------|
| Operation|         Functional Unit         |  Delay  |    FF   |   LUT   |
|----------|---------------------------------|---------|---------|---------|
|          |      grp_Loop_1_proc_fu_220     |  10.496 |   1241  |   1274  |
|   call   | grp_memcpy_omatrix_out_b_fu_259 |  11.152 |    97   |   304   |
|          |     grp_Loop_0_proc19_fu_283    |  10.496 |   117   |   185   |
|----------|---------------------------------|---------|---------|---------|
|          | omatrix_offset_read_read_fu_202 |    0    |    0    |    0    |
|   read   | imatrix_offset_read_read_fu_208 |    0    |    0    |    0    |
|          |     i_0_i_i_read_read_fu_214    |    0    |    0    |    0    |
|----------|---------------------------------|---------|---------|---------|
|   Total  |                                 |  32.144 |   1455  |   1763  |
|----------|---------------------------------|---------|---------|---------|

Memories:
+----------+--------+--------+--------+
|          |  BRAM  |   FF   |   LUT  |
+----------+--------+--------+--------+
| in1_buf_0|    0   |   12   |    1   |
| in1_buf_1|    0   |   12   |    1   |
|in1_buf_10|    0   |   12   |    1   |
|in1_buf_11|    0   |   12   |    1   |
|in1_buf_12|    0   |   12   |    1   |
|in1_buf_13|    0   |   12   |    1   |
|in1_buf_14|    0   |   12   |    1   |
|in1_buf_15|    0   |   12   |    1   |
| in1_buf_2|    0   |   12   |    1   |
| in1_buf_3|    0   |   12   |    1   |
| in1_buf_4|    0   |   12   |    1   |
| in1_buf_5|    0   |   12   |    1   |
| in1_buf_6|    0   |   12   |    1   |
| in1_buf_7|    0   |   12   |    1   |
| in1_buf_8|    0   |   12   |    1   |
| in1_buf_9|    0   |   12   |    1   |
| out_buf_0|    0   |   64   |    1   |
| out_buf_1|    0   |   64   |    1   |
|out_buf_10|    0   |   64   |    1   |
|out_buf_11|    0   |   64   |    1   |
|out_buf_12|    0   |   64   |    1   |
|out_buf_13|    0   |   64   |    1   |
|out_buf_14|    0   |   64   |    1   |
|out_buf_15|    0   |   64   |    1   |
| out_buf_2|    0   |   64   |    1   |
| out_buf_3|    0   |   64   |    1   |
| out_buf_4|    0   |   64   |    1   |
| out_buf_5|    0   |   64   |    1   |
| out_buf_6|    0   |   64   |    1   |
| out_buf_7|    0   |   64   |    1   |
| out_buf_8|    0   |   64   |    1   |
| out_buf_9|    0   |   64   |    1   |
+----------+--------+--------+--------+
|   Total  |    0   |  1216  |   32   |
+----------+--------+--------+--------+

* Register list:
+---------------------------+--------+
|                           |   FF   |
+---------------------------+--------+
|     i_0_i_i_c_reg_357     |    1   |
|    i_0_i_i_read_reg_340   |    2   |
|  imatrix_offset_c_reg_351 |   62   |
|imatrix_offset_read_reg_335|   62   |
|  omatrix_offset_c_reg_345 |   62   |
|omatrix_offset_read_reg_330|   62   |
+---------------------------+--------+
|           Total           |   251  |
+---------------------------+--------+

* Multiplexer (MUX) list: 
|--------------------------|------|------|------|--------||---------||---------|
|           Comp           |  Pin | Size |  BW  | S x BW ||  Delay  ||   LUT   |
|--------------------------|------|------|------|--------||---------||---------|
| grp_Loop_0_proc19_fu_283 |  p1  |   2  |   2  |    4   ||    9    |
| grp_Loop_0_proc19_fu_283 |  p19 |   2  |  62  |   124  ||    9    |
| grp_Loop_0_proc19_fu_283 |  p20 |   2  |  62  |   124  ||    9    |
|--------------------------|------|------|------|--------||---------||---------|
|           Total          |      |      |      |   252  ||  1.968  ||    27   |
|--------------------------|------|------|------|--------||---------||---------|



* Summary:
+-----------+--------+--------+--------+--------+
|           |  BRAM  |  Delay |   FF   |   LUT  |
+-----------+--------+--------+--------+--------+
|  Function |    -   |   32   |  1455  |  1763  |
|   Memory  |    0   |    -   |  1216  |   32   |
|Multiplexer|    -   |    1   |    -   |   27   |
|  Register |    -   |    -   |   251  |    -   |
+-----------+--------+--------+--------+--------+
|   Total   |    0   |   34   |  2922  |  1822  |
+-----------+--------+--------+--------+--------+
