INFO: [SIM 2] *************** CSIM start ***************
INFO: [SIM 4] CSIM will launch GCC as the compiler.
   Compiling(apcc) ../../../../../tb/huffman.c in debug mode
INFO: [HLS 200-10] Running '/home/tools/Xilinx/Vivado/2017.4/bin/unwrapped/lnx64.o/apcc'
INFO: [HLS 200-10] For user 'giorgio' on host 'legolas.cs.columbia.edu' (Linux_x86_64 version 3.10.0-514.el7.x86_64) on Mon Apr 30 16:01:50 EDT 2018
INFO: [HLS 200-10] On os "CentOS Linux release 7.3.1611 (Core) "
INFO: [HLS 200-10] In directory '/home/giorgio/workspace/jpeg-rs-clean/syn/decode_start/OPT/csim/build'
INFO: [APCC 202-3] Tmp directory is /tmp/apcc_db_giorgio/154691525118510572100
INFO: [APCC 202-1] APCC is done.
   Compiling(apcc) ../../../../../tb/init.c in debug mode
INFO: [HLS 200-10] Running '/home/tools/Xilinx/Vivado/2017.4/bin/unwrapped/lnx64.o/apcc'
INFO: [HLS 200-10] For user 'giorgio' on host 'legolas.cs.columbia.edu' (Linux_x86_64 version 3.10.0-514.el7.x86_64) on Mon Apr 30 16:01:54 EDT 2018
INFO: [HLS 200-10] On os "CentOS Linux release 7.3.1611 (Core) "
INFO: [HLS 200-10] In directory '/home/giorgio/workspace/jpeg-rs-clean/syn/decode_start/OPT/csim/build'
INFO: [APCC 202-3] Tmp directory is /tmp/apcc_db_giorgio/155521525118514378228
INFO: [APCC 202-1] APCC is done.
   Compiling(apcc) ../../../../../tb/jfif_read.c in debug mode
INFO: [HLS 200-10] Running '/home/tools/Xilinx/Vivado/2017.4/bin/unwrapped/lnx64.o/apcc'
INFO: [HLS 200-10] For user 'giorgio' on host 'legolas.cs.columbia.edu' (Linux_x86_64 version 3.10.0-514.el7.x86_64) on Mon Apr 30 16:01:58 EDT 2018
INFO: [HLS 200-10] On os "CentOS Linux release 7.3.1611 (Core) "
INFO: [HLS 200-10] In directory '/home/giorgio/workspace/jpeg-rs-clean/syn/decode_start/OPT/csim/build'
INFO: [APCC 202-3] Tmp directory is /tmp/apcc_db_giorgio/156381525118518051085
INFO: [APCC 202-1] APCC is done.
   Compiling(apcc) ../../../../../tb/jpeg2bmp.c in debug mode
INFO: [HLS 200-10] Running '/home/tools/Xilinx/Vivado/2017.4/bin/unwrapped/lnx64.o/apcc'
INFO: [HLS 200-10] For user 'giorgio' on host 'legolas.cs.columbia.edu' (Linux_x86_64 version 3.10.0-514.el7.x86_64) on Mon Apr 30 16:02:01 EDT 2018
INFO: [HLS 200-10] On os "CentOS Linux release 7.3.1611 (Core) "
INFO: [HLS 200-10] In directory '/home/giorgio/workspace/jpeg-rs-clean/syn/decode_start/OPT/csim/build'
INFO: [APCC 202-3] Tmp directory is /tmp/apcc_db_giorgio/157221525118521540226
INFO: [APCC 202-1] APCC is done.
   Compiling(apcc) ../../../../../tb/main.c in debug mode
INFO: [HLS 200-10] Running '/home/tools/Xilinx/Vivado/2017.4/bin/unwrapped/lnx64.o/apcc'
INFO: [HLS 200-10] For user 'giorgio' on host 'legolas.cs.columbia.edu' (Linux_x86_64 version 3.10.0-514.el7.x86_64) on Mon Apr 30 16:02:04 EDT 2018
INFO: [HLS 200-10] On os "CentOS Linux release 7.3.1611 (Core) "
INFO: [HLS 200-10] In directory '/home/giorgio/workspace/jpeg-rs-clean/syn/decode_start/OPT/csim/build'
INFO: [APCC 202-3] Tmp directory is /tmp/apcc_db_giorgio/158051525118525015774
INFO: [APCC 202-1] APCC is done.
   Compiling(apcc) ../../../../../tb/marker.c in debug mode
INFO: [HLS 200-10] Running '/home/tools/Xilinx/Vivado/2017.4/bin/unwrapped/lnx64.o/apcc'
INFO: [HLS 200-10] For user 'giorgio' on host 'legolas.cs.columbia.edu' (Linux_x86_64 version 3.10.0-514.el7.x86_64) on Mon Apr 30 16:02:08 EDT 2018
INFO: [HLS 200-10] On os "CentOS Linux release 7.3.1611 (Core) "
INFO: [HLS 200-10] In directory '/home/giorgio/workspace/jpeg-rs-clean/syn/decode_start/OPT/csim/build'
INFO: [APCC 202-3] Tmp directory is /tmp/apcc_db_giorgio/158881525118528632537
INFO: [APCC 202-1] APCC is done.
   Compiling(apcc) ../../../../../src/chenidct.c in debug mode
INFO: [HLS 200-10] Running '/home/tools/Xilinx/Vivado/2017.4/bin/unwrapped/lnx64.o/apcc'
INFO: [HLS 200-10] For user 'giorgio' on host 'legolas.cs.columbia.edu' (Linux_x86_64 version 3.10.0-514.el7.x86_64) on Mon Apr 30 16:02:12 EDT 2018
INFO: [HLS 200-10] On os "CentOS Linux release 7.3.1611 (Core) "
INFO: [HLS 200-10] In directory '/home/giorgio/workspace/jpeg-rs-clean/syn/decode_start/OPT/csim/build'
INFO: [APCC 202-3] Tmp directory is /tmp/apcc_db_giorgio/159721525118532512100
INFO: [APCC 202-1] APCC is done.
   Compiling(apcc) ../../../../../src/decode.c in debug mode
INFO: [HLS 200-10] Running '/home/tools/Xilinx/Vivado/2017.4/bin/unwrapped/lnx64.o/apcc'
INFO: [HLS 200-10] For user 'giorgio' on host 'legolas.cs.columbia.edu' (Linux_x86_64 version 3.10.0-514.el7.x86_64) on Mon Apr 30 16:02:16 EDT 2018
INFO: [HLS 200-10] On os "CentOS Linux release 7.3.1611 (Core) "
INFO: [HLS 200-10] In directory '/home/giorgio/workspace/jpeg-rs-clean/syn/decode_start/OPT/csim/build'
../../../../../src/decode.c:380:9: warning: implicitly declaring library function 'memcpy' with type 'void *(void *, const void *, unsigned long)'
        memcpy(inp1_buf, y_buf + offset, CHUNK_SIZE  * sizeof(float));
        ^
../../../../../src/decode.c:380:9: note: please include the header <string.h> or explicitly provide a declaration for 'memcpy'
1 warning generated.
../../../../../src/decode.c:380:9: warning: implicitly declaring library function 'memcpy' with type 'void *(void *, const void *, unsigned long)'
        memcpy(inp1_buf, y_buf + offset, CHUNK_SIZE  * sizeof(float));
        ^
../../../../../src/decode.c:380:9: note: please include the header <string.h> or explicitly provide a declaration for 'memcpy'
1 warning generated.
INFO: [APCC 202-3] Tmp directory is /tmp/apcc_db_giorgio/160551525118536360991
INFO: [APCC 202-1] APCC is done.
   Generating csim.exe

marker = 0xd8

marker = 0xe0

marker = 0xdb
 length = 65
 prec = 0
 num  = 0

marker = 0xdb
 length = 65
 prec = 0
 num  = 1

marker = 0xc0
length         = 17
data_precision = 8
image_height   = 59
image_width    = 90
num_components = 3
 index         = 0
 id            = 1
 h_samp_factor = 2
 v_samp_factor = 2
 quant_tbl_no  = 0

 index         = 1
 id            = 2
 h_samp_factor = 1
 v_samp_factor = 1
 quant_tbl_no  = 1

 index         = 2
 id            = 3
 h_samp_factor = 1
 v_samp_factor = 1
 quant_tbl_no  = 1


Sampling Factor is 4:1:1

marker = 0xc4
 length = 29
 index = 0x0
 count = 12

marker = 0xc4
 length = 179
 index = 0x10
 count = 162

marker = 0xc4
 length = 29
 index = 0x1
 count = 12

marker = 0xc4
 length = 179
 index = 0x11
 count = 162

marker = 0xda
 length = 12
 num_comp = 3
 comp_id       = 1
 dc_tbl_no     = 0
 ac_tbl_no     = 0
 comp_id       = 2
 dc_tbl_no     = 1
 ac_tbl_no     = 1
 comp_id       = 3
 dc_tbl_no     = 1
 ac_tbl_no     = 1
Decode 4:1:1 NumMCU = 96
RGB_BUF 0  188
RGB_BUF 1  209
RGB_BUF 2  190
RGB_BUF 3  153
RGB_BUF 4  143
RGB_BUF 5  103
RGB_BUF 6  149
RGB_BUF 7  192
RGB_BUF 8  166
RGB_BUF 9  193
RGB_BUF 10  101
RGB_BUF 11  90
RGB_BUF 12  170
RGB_BUF 13  129
RGB_BUF 14  146
RGB_BUF 15  213
RGB_BUF 16  145
RGB_BUF 17  132
RGB_BUF 18  46
RGB_BUF 19  181
RGB_BUF 20  205
RGB_BUF 21  209
RGB_BUF 22  187
RGB_BUF 23  170
RGB_BUF 24  111
RGB_BUF 25  15
RGB_BUF 26  62
RGB_BUF 27  226
RGB_BUF 28  207
RGB_BUF 29  187
RGB_BUF 30  205
RGB_BUF 31  188
RGB_BUF 32  139
RGB_BUF 33  140
RGB_BUF 34  129
RGB_BUF 35  156
RGB_BUF 36  113
RGB_BUF 37  177
RGB_BUF 38  215
RGB_BUF 39  174
RGB_BUF 40  179
RGB_BUF 41  196
RGB_BUF 42  217
RGB_BUF 43  132
RGB_BUF 44  55
RGB_BUF 45  121
RGB_BUF 46  213
RGB_BUF 47  180
RGB_BUF 48  136
RGB_BUF 49  134
RGB_BUF 50  175
RGB_BUF 51  214
RGB_BUF 52  134
RGB_BUF 53  161
RGB_BUF 54  190
RGB_BUF 55  141
RGB_BUF 56  41
RGB_BUF 57  114
RGB_BUF 58  196
RGB_BUF 59  195
RGB_BUF 60  208
RGB_BUF 61  197
RGB_BUF 62  186
RGB_BUF 63  176
RGB_BUF 0  193
RGB_BUF 1  167
RGB_BUF 2  188
RGB_BUF 3  210
RGB_BUF 4  177
RGB_BUF 5  142
RGB_BUF 6  37
RGB_BUF 7  10
RGB_BUF 8  201
RGB_BUF 9  155
RGB_BUF 10  139
RGB_BUF 11  209
RGB_BUF 12  191
RGB_BUF 13  201
RGB_BUF 14  171
RGB_BUF 15  103
RGB_BUF 16  154
RGB_BUF 17  215
RGB_BUF 18  200
RGB_BUF 19  209
RGB_BUF 20  184
RGB_BUF 21  164
RGB_BUF 22  196
RGB_BUF 23  174
RGB_BUF 24  24
RGB_BUF 25  191
RGB_BUF 26  209
RGB_BUF 27  198
RGB_BUF 28  186
RGB_BUF 29  184
RGB_BUF 30  147
RGB_BUF 31  117
RGB_BUF 32  81
RGB_BUF 33  37
RGB_BUF 34  97
RGB_BUF 35  223
RGB_BUF 36  200
RGB_BUF 37  217
RGB_BUF 38  149
RGB_BUF 39  153
RGB_BUF 40  197
RGB_BUF 41  206
RGB_BUF 42  164
RGB_BUF 43  214
RGB_BUF 44  217
RGB_BUF 45  175
RGB_BUF 46  40
RGB_BUF 47  141
RGB_BUF 48  73
RGB_BUF 49  141
RGB_BUF 50  206
RGB_BUF 51  148
RGB_BUF 52  181
RGB_BUF 53  192
RGB_BUF 54  113
RGB_BUF 55  69
RGB_BUF 56  12
RGB_BUF 57  190
RGB_BUF 58  180
RGB_BUF 59  177
RGB_BUF 60  148
RGB_BUF 61  178
RGB_BUF 62  221
RGB_BUF 63  145
RGB_BUF 0  10
RGB_BUF 1  18
RGB_BUF 2  14
RGB_BUF 3  26
RGB_BUF 4  7
RGB_BUF 5  108
RGB_BUF 6  181
RGB_BUF 7  190
RGB_BUF 8  24
RGB_BUF 9  14
RGB_BUF 10  24
RGB_BUF 11  24
RGB_BUF 12  4
RGB_BUF 13  108
RGB_BUF 14  185
RGB_BUF 15  180
RGB_BUF 16  35
RGB_BUF 17  27
RGB_BUF 18  39
RGB_BUF 19  31
RGB_BUF 20  16
RGB_BUF 21  58
RGB_BUF 22  116
RGB_BUF 23  137
RGB_BUF 24  23
RGB_BUF 25  20
RGB_BUF 26  34
RGB_BUF 27  28
RGB_BUF 28  26
RGB_BUF 29  10
RGB_BUF 30  42
RGB_BUF 31  112
RGB_BUF 32  13
RGB_BUF 33  17
RGB_BUF 34  43
RGB_BUF 35  16
RGB_BUF 36  18
RGB_BUF 37  20
RGB_BUF 38  24
RGB_BUF 39  98
RGB_BUF 40  49
RGB_BUF 41  21
RGB_BUF 42  39
RGB_BUF 43  17
RGB_BUF 44  23
RGB_BUF 45  28
RGB_BUF 46  14
RGB_BUF 47  123
RGB_BUF 48  79
RGB_BUF 49  31
RGB_BUF 50  25
RGB_BUF 51  40
RGB_BUF 52  30
RGB_BUF 53  26
RGB_BUF 54  12
RGB_BUF 55  98
RGB_BUF 56  167
RGB_BUF 57  57
RGB_BUF 58  47
RGB_BUF 59  168
RGB_BUF 60  124
RGB_BUF 61  33
RGB_BUF 62  5
RGB_BUF 63  54
RGB_BUF 0  66
RGB_BUF 1  93
RGB_BUF 2  90
RGB_BUF 3  65
RGB_BUF 4  51
RGB_BUF 5  32
RGB_BUF 6  36
RGB_BUF 7  35
RGB_BUF 8  103
RGB_BUF 9  85
RGB_BUF 10  69
RGB_BUF 11  49
RGB_BUF 12  46
RGB_BUF 13  55
RGB_BUF 14  44
RGB_BUF 15  42
RGB_BUF 16  97
RGB_BUF 17  84
RGB_BUF 18  32
RGB_BUF 19  36
RGB_BUF 20  62
RGB_BUF 21  58
RGB_BUF 22  40
RGB_BUF 23  41
RGB_BUF 24  96
RGB_BUF 25  46
RGB_BUF 26  19
RGB_BUF 27  32
RGB_BUF 28  53
RGB_BUF 29  58
RGB_BUF 30  40
RGB_BUF 31  40
RGB_BUF 32  68
RGB_BUF 33  29
RGB_BUF 34  39
RGB_BUF 35  56
RGB_BUF 36  59
RGB_BUF 37  49
RGB_BUF 38  40
RGB_BUF 39  41
RGB_BUF 40  59
RGB_BUF 41  50
RGB_BUF 42  48
RGB_BUF 43  55
RGB_BUF 44  58
RGB_BUF 45  42
RGB_BUF 46  48
RGB_BUF 47  54
RGB_BUF 48  64
RGB_BUF 49  46
RGB_BUF 50  68
RGB_BUF 51  65
RGB_BUF 52  67
RGB_BUF 53  80
RGB_BUF 54  56
RGB_BUF 55  36
RGB_BUF 56  50
RGB_BUF 57  78
RGB_BUF 58  83
RGB_BUF 59  74
RGB_BUF 60  80
RGB_BUF 61  90
RGB_BUF 62  58
RGB_BUF 63  44
RGB_BUF 0  41
RGB_BUF 1  54
RGB_BUF 2  32
RGB_BUF 3  31
RGB_BUF 4  31
RGB_BUF 5  34
RGB_BUF 6  24
RGB_BUF 7  25
RGB_BUF 8  48
RGB_BUF 9  54
RGB_BUF 10  34
RGB_BUF 11  40
RGB_BUF 12  38
RGB_BUF 13  36
RGB_BUF 14  31
RGB_BUF 15  28
RGB_BUF 16  24
RGB_BUF 17  36
RGB_BUF 18  40
RGB_BUF 19  16
RGB_BUF 20  34
RGB_BUF 21  24
RGB_BUF 22  22
RGB_BUF 23  33
RGB_BUF 24  101
RGB_BUF 25  14
RGB_BUF 26  18
RGB_BUF 27  7
RGB_BUF 28  15
RGB_BUF 29  27
RGB_BUF 30  7
RGB_BUF 31  27
RGB_BUF 32  186
RGB_BUF 33  96
RGB_BUF 34  0
RGB_BUF 35  37
RGB_BUF 36  15
RGB_BUF 37  21
RGB_BUF 38  20
RGB_BUF 39  27
RGB_BUF 40  187
RGB_BUF 41  137
RGB_BUF 42  25
RGB_BUF 43  54
RGB_BUF 44  58
RGB_BUF 45  55
RGB_BUF 46  18
RGB_BUF 47  19
RGB_BUF 48  178
RGB_BUF 49  156
RGB_BUF 50  114
RGB_BUF 51  126
RGB_BUF 52  107
RGB_BUF 53  61
RGB_BUF 54  46
RGB_BUF 55  50
RGB_BUF 56  203
RGB_BUF 57  196
RGB_BUF 58  175
RGB_BUF 59  142
RGB_BUF 60  107
RGB_BUF 61  61
RGB_BUF 62  44
RGB_BUF 63  61
RGB_BUF 0  23
RGB_BUF 1  17
RGB_BUF 2  16
RGB_BUF 3  18
RGB_BUF 4  30
RGB_BUF 5  25
RGB_BUF 6  33
RGB_BUF 7  45
RGB_BUF 8  15
RGB_BUF 9  11
RGB_BUF 10  17
RGB_BUF 11  25
RGB_BUF 12  31
RGB_BUF 13  26
RGB_BUF 14  44
RGB_BUF 15  73
RGB_BUF 16  18
RGB_BUF 17  15
RGB_BUF 18  21
RGB_BUF 19  28
RGB_BUF 20  33
RGB_BUF 21  29
RGB_BUF 22  48
RGB_BUF 23  75
RGB_BUF 24  8
RGB_BUF 25  10
RGB_BUF 26  18
RGB_BUF 27  20
RGB_BUF 28  26
RGB_BUF 29  27
RGB_BUF 30  43
RGB_BUF 31  58
RGB_BUF 32  13
RGB_BUF 33  12
RGB_BUF 34  19
RGB_BUF 35  16
RGB_BUF 36  16
RGB_BUF 37  14
RGB_BUF 38  28
RGB_BUF 39  38
RGB_BUF 40  34
RGB_BUF 41  18
RGB_BUF 42  13
RGB_BUF 43  13
RGB_BUF 44  12
RGB_BUF 45  5
RGB_BUF 46  12
RGB_BUF 47  18
RGB_BUF 48  45
RGB_BUF 49  25
RGB_BUF 50  20
RGB_BUF 51  22
RGB_BUF 52  26
RGB_BUF 53  19
RGB_BUF 54  19
RGB_BUF 55  15
RGB_BUF 56  63
RGB_BUF 57  55
RGB_BUF 58  57
RGB_BUF 59  52
RGB_BUF 60  49
RGB_BUF 61  39
RGB_BUF 62  36
RGB_BUF 63  24
RGB_BUF 0  13
RGB_BUF 1  77
RGB_BUF 2  23
RGB_BUF 3  18
RGB_BUF 4  15
RGB_BUF 5  16
RGB_BUF 6  16
RGB_BUF 7  34
RGB_BUF 8  43
RGB_BUF 9  30
RGB_BUF 10  32
RGB_BUF 11  20
RGB_BUF 12  50
RGB_BUF 13  70
RGB_BUF 14  49
RGB_BUF 15  19
RGB_BUF 16  26
RGB_BUF 17  29
RGB_BUF 18  25
RGB_BUF 19  14
RGB_BUF 20  37
RGB_BUF 21  75
RGB_BUF 22  35
RGB_BUF 23  59
RGB_BUF 24  5
RGB_BUF 25  22
RGB_BUF 26  29
RGB_BUF 27  29
RGB_BUF 28  7
RGB_BUF 29  99
RGB_BUF 30  30
RGB_BUF 31  139
RGB_BUF 32  53
RGB_BUF 33  20
RGB_BUF 34  12
RGB_BUF 35  18
RGB_BUF 36  33
RGB_BUF 37  96
RGB_BUF 38  56
RGB_BUF 39  156
RGB_BUF 40  31
RGB_BUF 41  43
RGB_BUF 42  10
RGB_BUF 43  71
RGB_BUF 44  177
RGB_BUF 45  146
RGB_BUF 46  45
RGB_BUF 47  153
RGB_BUF 48  37
RGB_BUF 49  33
RGB_BUF 50  13
RGB_BUF 51  26
RGB_BUF 52  201
RGB_BUF 53  191
RGB_BUF 54  52
RGB_BUF 55  170
RGB_BUF 56  34
RGB_BUF 57  51
RGB_BUF 58  57
RGB_BUF 59  48
RGB_BUF 60  36
RGB_BUF 61  137
RGB_BUF 62  24
RGB_BUF 63  122
RGB_BUF 0  179
RGB_BUF 1  225
RGB_BUF 2  187
RGB_BUF 3  206
RGB_BUF 4  209
RGB_BUF 5  141
RGB_BUF 6  149
RGB_BUF 7  78
RGB_BUF 8  100
RGB_BUF 9  192
RGB_BUF 10  104
RGB_BUF 11  100
RGB_BUF 12  105
RGB_BUF 13  118
RGB_BUF 14  131
RGB_BUF 15  129
RGB_BUF 16  48
RGB_BUF 17  86
RGB_BUF 18  109
RGB_BUF 19  81
RGB_BUF 20  66
RGB_BUF 21  187
RGB_BUF 22  143
RGB_BUF 23  182
RGB_BUF 24  36
RGB_BUF 25  51
RGB_BUF 26  54
RGB_BUF 27  87
RGB_BUF 28  111
RGB_BUF 29  147
RGB_BUF 30  240
RGB_BUF 31  186
RGB_BUF 32  27
RGB_BUF 33  5
RGB_BUF 34  63
RGB_BUF 35  166
RGB_BUF 36  123
RGB_BUF 37  21
RGB_BUF 38  163
RGB_BUF 39  207
RGB_BUF 40  30
RGB_BUF 41  72
RGB_BUF 42  145
RGB_BUF 43  159
RGB_BUF 44  90
RGB_BUF 45  88
RGB_BUF 46  168
RGB_BUF 47  142
RGB_BUF 48  10
RGB_BUF 49  148
RGB_BUF 50  169
RGB_BUF 51  162
RGB_BUF 52  153
RGB_BUF 53  134
RGB_BUF 54  204
RGB_BUF 55  203
RGB_BUF 56  18
RGB_BUF 57  149
RGB_BUF 58  211
RGB_BUF 59  159
RGB_BUF 60  39
RGB_BUF 61  123
RGB_BUF 62  172
RGB_BUF 63  96
RGB_BUF 0  115
RGB_BUF 1  31
RGB_BUF 2  36
RGB_BUF 3  91
RGB_BUF 4  25
RGB_BUF 5  93
RGB_BUF 6  215
RGB_BUF 7  108
RGB_BUF 8  28
RGB_BUF 9  75
RGB_BUF 10  98
RGB_BUF 11  197
RGB_BUF 12  166
RGB_BUF 13  177
RGB_BUF 14  212
RGB_BUF 15  201
RGB_BUF 16  34
RGB_BUF 17  84
RGB_BUF 18  27
RGB_BUF 19  93
RGB_BUF 20  253
RGB_BUF 21  169
RGB_BUF 22  242
RGB_BUF 23  93
RGB_BUF 24  37
RGB_BUF 25  45
RGB_BUF 26  26
RGB_BUF 27  0
RGB_BUF 28  46
RGB_BUF 29  194
RGB_BUF 30  186
RGB_BUF 31  60
RGB_BUF 32  20
RGB_BUF 33  51
RGB_BUF 34  23
RGB_BUF 35  27
RGB_BUF 36  17
RGB_BUF 37  48
RGB_BUF 38  240
RGB_BUF 39  52
RGB_BUF 40  33
RGB_BUF 41  49
RGB_BUF 42  21
RGB_BUF 43  9
RGB_BUF 44  0
RGB_BUF 45  125
RGB_BUF 46  190
RGB_BUF 47  61
RGB_BUF 48  44
RGB_BUF 49  54
RGB_BUF 50  19
RGB_BUF 51  12
RGB_BUF 52  0
RGB_BUF 53  36
RGB_BUF 54  167
RGB_BUF 55  82
RGB_BUF 56  53
RGB_BUF 57  52
RGB_BUF 58  30
RGB_BUF 59  0
RGB_BUF 60  43
RGB_BUF 61  189
RGB_BUF 62  117
RGB_BUF 63  94
RGB_BUF 0  194
RGB_BUF 1  149
RGB_BUF 2  185
RGB_BUF 3  179
RGB_BUF 4  131
RGB_BUF 5  72
RGB_BUF 6  131
RGB_BUF 7  75
RGB_BUF 8  189
RGB_BUF 9  193
RGB_BUF 10  209
RGB_BUF 11  185
RGB_BUF 12  188
RGB_BUF 13  126
RGB_BUF 14  126
RGB_BUF 15  92
RGB_BUF 16  205
RGB_BUF 17  204
RGB_BUF 18  226
RGB_BUF 19  184
RGB_BUF 20  223
RGB_BUF 21  234
RGB_BUF 22  190
RGB_BUF 23  112
RGB_BUF 24  94
RGB_BUF 25  183
RGB_BUF 26  67
RGB_BUF 27  87
RGB_BUF 28  194
RGB_BUF 29  194
RGB_BUF 30  196
RGB_BUF 31  190
RGB_BUF 32  204
RGB_BUF 33  211
RGB_BUF 34  213
RGB_BUF 35  101
RGB_BUF 36  187
RGB_BUF 37  198
RGB_BUF 38  150
RGB_BUF 39  58
RGB_BUF 40  214
RGB_BUF 41  180
RGB_BUF 42  229
RGB_BUF 43  218
RGB_BUF 44  186
RGB_BUF 45  185
RGB_BUF 46  223
RGB_BUF 47  72
RGB_BUF 48  47
RGB_BUF 49  0
RGB_BUF 50  195
RGB_BUF 51  194
RGB_BUF 52  188
RGB_BUF 53  172
RGB_BUF 54  176
RGB_BUF 55  174
RGB_BUF 56  58
RGB_BUF 57  60
RGB_BUF 58  44
RGB_BUF 59  67
RGB_BUF 60  100
RGB_BUF 61  168
RGB_BUF 62  163
RGB_BUF 63  179
RGB_BUF 0  182
RGB_BUF 1  121
RGB_BUF 2  87
RGB_BUF 3  81
RGB_BUF 4  6
RGB_BUF 5  5
RGB_BUF 6  20
RGB_BUF 7  38
RGB_BUF 8  180
RGB_BUF 9  166
RGB_BUF 10  136
RGB_BUF 11  86
RGB_BUF 12  16
RGB_BUF 13  1
RGB_BUF 14  0
RGB_BUF 15  6
RGB_BUF 16  174
RGB_BUF 17  138
RGB_BUF 18  58
RGB_BUF 19  7
RGB_BUF 20  0
RGB_BUF 21  26
RGB_BUF 22  102
RGB_BUF 23  110
RGB_BUF 24  206
RGB_BUF 25  153
RGB_BUF 26  61
RGB_BUF 27  1
RGB_BUF 28  6
RGB_BUF 29  64
RGB_BUF 30  161
RGB_BUF 31  198
RGB_BUF 32  146
RGB_BUF 33  154
RGB_BUF 34  99
RGB_BUF 35  53
RGB_BUF 36  48
RGB_BUF 37  28
RGB_BUF 38  87
RGB_BUF 39  179
RGB_BUF 40  111
RGB_BUF 41  113
RGB_BUF 42  90
RGB_BUF 43  73
RGB_BUF 44  82
RGB_BUF 45  74
RGB_BUF 46  3
RGB_BUF 47  66
RGB_BUF 48  146
RGB_BUF 49  147
RGB_BUF 50  128
RGB_BUF 51  77
RGB_BUF 52  97
RGB_BUF 53  113
RGB_BUF 54  83
RGB_BUF 55  54
RGB_BUF 56  141
RGB_BUF 57  165
RGB_BUF 58  121
RGB_BUF 59  126
RGB_BUF 60  87
RGB_BUF 61  146
RGB_BUF 62  124
RGB_BUF 63  95
RGB_BUF 0  86
RGB_BUF 1  32
RGB_BUF 2  65
RGB_BUF 3  51
RGB_BUF 4  59
RGB_BUF 5  57
RGB_BUF 6  59
RGB_BUF 7  52
RGB_BUF 8  173
RGB_BUF 9  35
RGB_BUF 10  16
RGB_BUF 11  42
RGB_BUF 12  51
RGB_BUF 13  40
RGB_BUF 14  38
RGB_BUF 15  58
RGB_BUF 16  217
RGB_BUF 17  176
RGB_BUF 18  82
RGB_BUF 19  77
RGB_BUF 20  68
RGB_BUF 21  51
RGB_BUF 22  22
RGB_BUF 23  38
RGB_BUF 24  185
RGB_BUF 25  181
RGB_BUF 26  136
RGB_BUF 27  90
RGB_BUF 28  86
RGB_BUF 29  57
RGB_BUF 30  29
RGB_BUF 31  27
RGB_BUF 32  193
RGB_BUF 33  180
RGB_BUF 34  148
RGB_BUF 35  125
RGB_BUF 36  85
RGB_BUF 37  28
RGB_BUF 38  20
RGB_BUF 39  18
RGB_BUF 40  125
RGB_BUF 41  171
RGB_BUF 42  122
RGB_BUF 43  132
RGB_BUF 44  66
RGB_BUF 45  21
RGB_BUF 46  25
RGB_BUF 47  27
RGB_BUF 48  33
RGB_BUF 49  45
RGB_BUF 50  63
RGB_BUF 51  60
RGB_BUF 52  33
RGB_BUF 53  21
RGB_BUF 54  19
RGB_BUF 55  16
RGB_BUF 56  41
RGB_BUF 57  17
RGB_BUF 58  40
RGB_BUF 59  30
RGB_BUF 60  29
RGB_BUF 61  23
RGB_BUF 62  19
RGB_BUF 63  18
RGB_BUF 0  85
RGB_BUF 1  32
RGB_BUF 2  62
RGB_BUF 3  0
RGB_BUF 4  20
RGB_BUF 5  17
RGB_BUF 6  35
RGB_BUF 7  44
RGB_BUF 8  81
RGB_BUF 9  66
RGB_BUF 10  12
RGB_BUF 11  40
RGB_BUF 12  0
RGB_BUF 13  13
RGB_BUF 14  90
RGB_BUF 15  24
RGB_BUF 16  57
RGB_BUF 17  113
RGB_BUF 18  7
RGB_BUF 19  33
RGB_BUF 20  10
RGB_BUF 21  31
RGB_BUF 22  69
RGB_BUF 23  23
RGB_BUF 24  64
RGB_BUF 25  114
RGB_BUF 26  97
RGB_BUF 27  0
RGB_BUF 28  24
RGB_BUF 29  88
RGB_BUF 30  149
RGB_BUF 31  28
RGB_BUF 32  94
RGB_BUF 33  73
RGB_BUF 34  75
RGB_BUF 35  134
RGB_BUF 36  13
RGB_BUF 37  34
RGB_BUF 38  80
RGB_BUF 39  74
RGB_BUF 40  87
RGB_BUF 41  83
RGB_BUF 42  0
RGB_BUF 43  92
RGB_BUF 44  127
RGB_BUF 45  20
RGB_BUF 46  44
RGB_BUF 47  15
RGB_BUF 48  88
RGB_BUF 49  18
RGB_BUF 50  27
RGB_BUF 51  0
RGB_BUF 52  111
RGB_BUF 53  124
RGB_BUF 54  23
RGB_BUF 55  34
RGB_BUF 56  135
RGB_BUF 57  13
RGB_BUF 58  25
RGB_BUF 59  41
RGB_BUF 60  24
RGB_BUF 61  142
RGB_BUF 62  45
RGB_BUF 63  28
RGB_BUF 0  70
RGB_BUF 1  9
RGB_BUF 2  36
RGB_BUF 3  37
RGB_BUF 4  58
RGB_BUF 5  78
RGB_BUF 6  23
RGB_BUF 7  47
RGB_BUF 8  68
RGB_BUF 9  10
RGB_BUF 10  44
RGB_BUF 11  28
RGB_BUF 12  28
RGB_BUF 13  95
RGB_BUF 14  0
RGB_BUF 15  160
RGB_BUF 16  61
RGB_BUF 17  27
RGB_BUF 18  41
RGB_BUF 19  33
RGB_BUF 20  13
RGB_BUF 21  37
RGB_BUF 22  40
RGB_BUF 23  132
RGB_BUF 24  110
RGB_BUF 25  63
RGB_BUF 26  16
RGB_BUF 27  27
RGB_BUF 28  33
RGB_BUF 29  56
RGB_BUF 30  23
RGB_BUF 31  17
RGB_BUF 32  213
RGB_BUF 33  122
RGB_BUF 34  17
RGB_BUF 35  25
RGB_BUF 36  25
RGB_BUF 37  11
RGB_BUF 38  110
RGB_BUF 39  115
RGB_BUF 40  182
RGB_BUF 41  65
RGB_BUF 42  17
RGB_BUF 43  26
RGB_BUF 44  49
RGB_BUF 45  65
RGB_BUF 46  102
RGB_BUF 47  186
RGB_BUF 48  161
RGB_BUF 49  64
RGB_BUF 50  22
RGB_BUF 51  15
RGB_BUF 52  59
RGB_BUF 53  66
RGB_BUF 54  65
RGB_BUF 55  78
RGB_BUF 56  140
RGB_BUF 57  80
RGB_BUF 58  44
RGB_BUF 59  8
RGB_BUF 60  35
RGB_BUF 61  21
RGB_BUF 62  100
RGB_BUF 63  20
RGB_BUF 0  197
RGB_BUF 1  134
RGB_BUF 2  111
RGB_BUF 3  192
RGB_BUF 4  223
RGB_BUF 5  186
RGB_BUF 6  160
RGB_BUF 7  127
RGB_BUF 8  191
RGB_BUF 9  122
RGB_BUF 10  195
RGB_BUF 11  229
RGB_BUF 12  209
RGB_BUF 13  207
RGB_BUF 14  155
RGB_BUF 15  97
RGB_BUF 16  152
RGB_BUF 17  168
RGB_BUF 18  172
RGB_BUF 19  193
RGB_BUF 20  147
RGB_BUF 21  201
RGB_BUF 22  178
RGB_BUF 23  101
RGB_BUF 24  189
RGB_BUF 25  57
RGB_BUF 26  251
RGB_BUF 27  227
RGB_BUF 28  122
RGB_BUF 29  2
RGB_BUF 30  0
RGB_BUF 31  7
RGB_BUF 32  133
RGB_BUF 33  57
RGB_BUF 34  74
RGB_BUF 35  244
RGB_BUF 36  130
RGB_BUF 37  0
RGB_BUF 38  35
RGB_BUF 39  16
RGB_BUF 40  24
RGB_BUF 41  101
RGB_BUF 42  10
RGB_BUF 43  28
RGB_BUF 44  130
RGB_BUF 45  2
RGB_BUF 46  21
RGB_BUF 47  46
RGB_BUF 48  33
RGB_BUF 49  119
RGB_BUF 50  83
RGB_BUF 51  43
RGB_BUF 52  0
RGB_BUF 53  18
RGB_BUF 54  32
RGB_BUF 55  54
RGB_BUF 56  103
RGB_BUF 57  142
RGB_BUF 58  100
RGB_BUF 59  0
RGB_BUF 60  12
RGB_BUF 61  86
RGB_BUF 62  40
RGB_BUF 63  104
RGB_BUF 0  144
RGB_BUF 1  191
RGB_BUF 2  0
RGB_BUF 3  148
RGB_BUF 4  120
RGB_BUF 5  35
RGB_BUF 6  66
RGB_BUF 7  29
RGB_BUF 8  94
RGB_BUF 9  107
RGB_BUF 10  115
RGB_BUF 11  66
RGB_BUF 12  102
RGB_BUF 13  138
RGB_BUF 14  13
RGB_BUF 15  16
RGB_BUF 16  60
RGB_BUF 17  78
RGB_BUF 18  33
RGB_BUF 19  159
RGB_BUF 20  143
RGB_BUF 21  212
RGB_BUF 22  0
RGB_BUF 23  50
RGB_BUF 24  111
RGB_BUF 25  62
RGB_BUF 26  219
RGB_BUF 27  50
RGB_BUF 28  127
RGB_BUF 29  43
RGB_BUF 30  83
RGB_BUF 31  56
RGB_BUF 32  235
RGB_BUF 33  139
RGB_BUF 34  147
RGB_BUF 35  46
RGB_BUF 36  10
RGB_BUF 37  122
RGB_BUF 38  117
RGB_BUF 39  111
RGB_BUF 40  180
RGB_BUF 41  212
RGB_BUF 42  101
RGB_BUF 43  6
RGB_BUF 44  55
RGB_BUF 45  92
RGB_BUF 46  62
RGB_BUF 47  125
RGB_BUF 48  11
RGB_BUF 49  146
RGB_BUF 50  22
RGB_BUF 51  66
RGB_BUF 52  99
RGB_BUF 53  68
RGB_BUF 54  92
RGB_BUF 55  78
RGB_BUF 56  142
RGB_BUF 57  19
RGB_BUF 58  60
RGB_BUF 59  84
RGB_BUF 60  100
RGB_BUF 61  67
RGB_BUF 62  63
RGB_BUF 63  93
RGB_BUF 0  166
RGB_BUF 1  191
RGB_BUF 2  147
RGB_BUF 3  96
RGB_BUF 4  24
RGB_BUF 5  20
RGB_BUF 6  47
RGB_BUF 7  31
RGB_BUF 8  155
RGB_BUF 9  165
RGB_BUF 10  167
RGB_BUF 11  172
RGB_BUF 12  88
RGB_BUF 13  3
RGB_BUF 14  35
RGB_BUF 15  31
RGB_BUF 16  200
RGB_BUF 17  145
RGB_BUF 18  56
RGB_BUF 19  82
RGB_BUF 20  79
RGB_BUF 21  20
RGB_BUF 22  50
RGB_BUF 23  83
RGB_BUF 24  127
RGB_BUF 25  175
RGB_BUF 26  187
RGB_BUF 27  84
RGB_BUF 28  96
RGB_BUF 29  95
RGB_BUF 30  15
RGB_BUF 31  33
RGB_BUF 32  145
RGB_BUF 33  158
RGB_BUF 34  210
RGB_BUF 35  103
RGB_BUF 36  18
RGB_BUF 37  37
RGB_BUF 38  48
RGB_BUF 39  35
RGB_BUF 40  86
RGB_BUF 41  119
RGB_BUF 42  213
RGB_BUF 43  0
RGB_BUF 44  163
RGB_BUF 45  93
RGB_BUF 46  17
RGB_BUF 47  25
RGB_BUF 48  5
RGB_BUF 49  87
RGB_BUF 50  144
RGB_BUF 51  52
RGB_BUF 52  194
RGB_BUF 53  170
RGB_BUF 54  85
RGB_BUF 55  25
RGB_BUF 56  40
RGB_BUF 57  44
RGB_BUF 58  35
RGB_BUF 59  86
RGB_BUF 60  120
RGB_BUF 61  139
RGB_BUF 62  119
RGB_BUF 63  57
RGB_BUF 0  17
RGB_BUF 1  12
RGB_BUF 2  29
RGB_BUF 3  51
RGB_BUF 4  65
RGB_BUF 5  74
RGB_BUF 6  44
RGB_BUF 7  15
RGB_BUF 8  9
RGB_BUF 9  17
RGB_BUF 10  28
RGB_BUF 11  53
RGB_BUF 12  75
RGB_BUF 13  78
RGB_BUF 14  70
RGB_BUF 15  55
RGB_BUF 16  57
RGB_BUF 17  15
RGB_BUF 18  25
RGB_BUF 19  41
RGB_BUF 20  59
RGB_BUF 21  72
RGB_BUF 22  80
RGB_BUF 23  112
RGB_BUF 24  144
RGB_BUF 25  45
RGB_BUF 26  43
RGB_BUF 27  27
RGB_BUF 28  24
RGB_BUF 29  75
RGB_BUF 30  110
RGB_BUF 31  122
RGB_BUF 32  121
RGB_BUF 33  68
RGB_BUF 34  46
RGB_BUF 35  14
RGB_BUF 36  22
RGB_BUF 37  56
RGB_BUF 38  103
RGB_BUF 39  122
RGB_BUF 40  125
RGB_BUF 41  50
RGB_BUF 42  24
RGB_BUF 43  2
RGB_BUF 44  16
RGB_BUF 45  43
RGB_BUF 46  82
RGB_BUF 47  78
RGB_BUF 48  126
RGB_BUF 49  82
RGB_BUF 50  54
RGB_BUF 51  12
RGB_BUF 52  28
RGB_BUF 53  36
RGB_BUF 54  56
RGB_BUF 55  61
RGB_BUF 56  51
RGB_BUF 57  67
RGB_BUF 58  58
RGB_BUF 59  60
RGB_BUF 60  91
RGB_BUF 61  38
RGB_BUF 62  48
RGB_BUF 63  71
RGB_BUF 0  87
RGB_BUF 1  72
RGB_BUF 2  120
RGB_BUF 3  89
RGB_BUF 4  74
RGB_BUF 5  222
RGB_BUF 6  221
RGB_BUF 7  175
RGB_BUF 8  54
RGB_BUF 9  124
RGB_BUF 10  103
RGB_BUF 11  96
RGB_BUF 12  95
RGB_BUF 13  185
RGB_BUF 14  18
RGB_BUF 15  147
RGB_BUF 16  109
RGB_BUF 17  105
RGB_BUF 18  81
RGB_BUF 19  84
RGB_BUF 20  22
RGB_BUF 21  72
RGB_BUF 22  65
RGB_BUF 23  148
RGB_BUF 24  47
RGB_BUF 25  28
RGB_BUF 26  35
RGB_BUF 27  91
RGB_BUF 28  70
RGB_BUF 29  35
RGB_BUF 30  16
RGB_BUF 31  22
RGB_BUF 32  59
RGB_BUF 33  23
RGB_BUF 34  8
RGB_BUF 35  87
RGB_BUF 36  110
RGB_BUF 37  0
RGB_BUF 38  23
RGB_BUF 39  2
RGB_BUF 40  68
RGB_BUF 41  0
RGB_BUF 42  1
RGB_BUF 43  0
RGB_BUF 44  91
RGB_BUF 45  65
RGB_BUF 46  7
RGB_BUF 47  10
RGB_BUF 48  19
RGB_BUF 49  24
RGB_BUF 50  6
RGB_BUF 51  0
RGB_BUF 52  2
RGB_BUF 53  47
RGB_BUF 54  4
RGB_BUF 55  19
RGB_BUF 56  26
RGB_BUF 57  11
RGB_BUF 58  15
RGB_BUF 59  10
RGB_BUF 60  12
RGB_BUF 61  12
RGB_BUF 62  10
RGB_BUF 63  25
RGB_BUF 0  12
RGB_BUF 1  11
RGB_BUF 2  15
RGB_BUF 3  0
RGB_BUF 4  13
RGB_BUF 5  1
RGB_BUF 6  82
RGB_BUF 7  25
RGB_BUF 8  22
RGB_BUF 9  7
RGB_BUF 10  21
RGB_BUF 11  26
RGB_BUF 12  27
RGB_BUF 13  21
RGB_BUF 14  4
RGB_BUF 15  30
RGB_BUF 16  14
RGB_BUF 17  32
RGB_BUF 18  46
RGB_BUF 19  47
RGB_BUF 20  44
RGB_BUF 21  25
RGB_BUF 22  35
RGB_BUF 23  29
RGB_BUF 24  37
RGB_BUF 25  21
RGB_BUF 26  6
RGB_BUF 27  29
RGB_BUF 28  5
RGB_BUF 29  30
RGB_BUF 30  15
RGB_BUF 31  17
RGB_BUF 32  3
RGB_BUF 33  11
RGB_BUF 34  17
RGB_BUF 35  21
RGB_BUF 36  21
RGB_BUF 37  11
RGB_BUF 38  21
RGB_BUF 39  4
RGB_BUF 40  0
RGB_BUF 41  10
RGB_BUF 42  47
RGB_BUF 43  12
RGB_BUF 44  22
RGB_BUF 45  25
RGB_BUF 46  16
RGB_BUF 47  16
RGB_BUF 48  83
RGB_BUF 49  0
RGB_BUF 50  18
RGB_BUF 51  18
RGB_BUF 52  8
RGB_BUF 53  20
RGB_BUF 54  27
RGB_BUF 55  12
RGB_BUF 56  21
RGB_BUF 57  17
RGB_BUF 58  12
RGB_BUF 59  15
RGB_BUF 60  40
RGB_BUF 61  14
RGB_BUF 62  18
RGB_BUF 63  13
RGB_BUF 0  133
RGB_BUF 1  0
RGB_BUF 2  141
RGB_BUF 3  172
RGB_BUF 4  192
RGB_BUF 5  200
RGB_BUF 6  71
RGB_BUF 7  146
RGB_BUF 8  143
RGB_BUF 9  180
RGB_BUF 10  186
RGB_BUF 11  193
RGB_BUF 12  231
RGB_BUF 13  164
RGB_BUF 14  68
RGB_BUF 15  8
RGB_BUF 16  44
RGB_BUF 17  139
RGB_BUF 18  165
RGB_BUF 19  190
RGB_BUF 20  170
RGB_BUF 21  202
RGB_BUF 22  89
RGB_BUF 23  199
RGB_BUF 24  94
RGB_BUF 25  102
RGB_BUF 26  178
RGB_BUF 27  161
RGB_BUF 28  156
RGB_BUF 29  146
RGB_BUF 30  235
RGB_BUF 31  173
RGB_BUF 32  0
RGB_BUF 33  13
RGB_BUF 34  254
RGB_BUF 35  233
RGB_BUF 36  184
RGB_BUF 37  208
RGB_BUF 38  150
RGB_BUF 39  240
RGB_BUF 40  18
RGB_BUF 41  55
RGB_BUF 42  235
RGB_BUF 43  219
RGB_BUF 44  255
RGB_BUF 45  195
RGB_BUF 46  107
RGB_BUF 47  255
RGB_BUF 48  25
RGB_BUF 49  16
RGB_BUF 50  76
RGB_BUF 51  172
RGB_BUF 52  85
RGB_BUF 53  23
RGB_BUF 54  25
RGB_BUF 55  98
RGB_BUF 56  46
RGB_BUF 57  27
RGB_BUF 58  15
RGB_BUF 59  79
RGB_BUF 60  32
RGB_BUF 61  222
RGB_BUF 62  62
RGB_BUF 63  8
RGB_BUF 0  2
RGB_BUF 1  85
RGB_BUF 2  113
RGB_BUF 3  89
RGB_BUF 4  26
RGB_BUF 5  160
RGB_BUF 6  224
RGB_BUF 7  168
RGB_BUF 8  126
RGB_BUF 9  36
RGB_BUF 10  52
RGB_BUF 11  0
RGB_BUF 12  160
RGB_BUF 13  136
RGB_BUF 14  187
RGB_BUF 15  203
RGB_BUF 16  234
RGB_BUF 17  58
RGB_BUF 18  0
RGB_BUF 19  37
RGB_BUF 20  72
RGB_BUF 21  114
RGB_BUF 22  239
RGB_BUF 23  161
RGB_BUF 24  212
RGB_BUF 25  115
RGB_BUF 26  0
RGB_BUF 27  48
RGB_BUF 28  63
RGB_BUF 29  20
RGB_BUF 30  238
RGB_BUF 31  0
RGB_BUF 32  184
RGB_BUF 33  0
RGB_BUF 34  34
RGB_BUF 35  59
RGB_BUF 36  52
RGB_BUF 37  15
RGB_BUF 38  0
RGB_BUF 39  25
RGB_BUF 40  76
RGB_BUF 41  35
RGB_BUF 42  33
RGB_BUF 43  79
RGB_BUF 44  25
RGB_BUF 45  48
RGB_BUF 46  14
RGB_BUF 47  44
RGB_BUF 48  91
RGB_BUF 49  187
RGB_BUF 50  128
RGB_BUF 51  85
RGB_BUF 52  107
RGB_BUF 53  216
RGB_BUF 54  92
RGB_BUF 55  0
RGB_BUF 56  85
RGB_BUF 57  65
RGB_BUF 58  205
RGB_BUF 59  120
RGB_BUF 60  55
RGB_BUF 61  137
RGB_BUF 62  209
RGB_BUF 63  11
RGB_BUF 0  190
RGB_BUF 1  90
RGB_BUF 2  71
RGB_BUF 3  129
RGB_BUF 4  89
RGB_BUF 5  63
RGB_BUF 6  63
RGB_BUF 7  106
RGB_BUF 8  152
RGB_BUF 9  98
RGB_BUF 10  42
RGB_BUF 11  44
RGB_BUF 12  79
RGB_BUF 13  98
RGB_BUF 14  132
RGB_BUF 15  57
RGB_BUF 16  150
RGB_BUF 17  89
RGB_BUF 18  98
RGB_BUF 19  104
RGB_BUF 20  102
RGB_BUF 21  123
RGB_BUF 22  74
RGB_BUF 23  7
RGB_BUF 24  62
RGB_BUF 25  85
RGB_BUF 26  97
RGB_BUF 27  125
RGB_BUF 28  154
RGB_BUF 29  64
RGB_BUF 30  0
RGB_BUF 31  52
RGB_BUF 32  27
RGB_BUF 33  68
RGB_BUF 34  94
RGB_BUF 35  158
RGB_BUF 36  130
RGB_BUF 37  10
RGB_BUF 38  118
RGB_BUF 39  59
RGB_BUF 40  27
RGB_BUF 41  51
RGB_BUF 42  133
RGB_BUF 43  123
RGB_BUF 44  0
RGB_BUF 45  93
RGB_BUF 46  104
RGB_BUF 47  19
RGB_BUF 48  23
RGB_BUF 49  86
RGB_BUF 50  85
RGB_BUF 51  3
RGB_BUF 52  88
RGB_BUF 53  58
RGB_BUF 54  32
RGB_BUF 55  51
RGB_BUF 56  41
RGB_BUF 57  52
RGB_BUF 58  18
RGB_BUF 59  43
RGB_BUF 60  91
RGB_BUF 61  67
RGB_BUF 62  14
RGB_BUF 63  15
RGB_BUF 0  11
RGB_BUF 1  7
RGB_BUF 2  25
RGB_BUF 3  95
RGB_BUF 4  96
RGB_BUF 5  41
RGB_BUF 6  49
RGB_BUF 7  61
RGB_BUF 8  63
RGB_BUF 9  33
RGB_BUF 10  12
RGB_BUF 11  73
RGB_BUF 12  56
RGB_BUF 13  42
RGB_BUF 14  41
RGB_BUF 15  49
RGB_BUF 16  117
RGB_BUF 17  105
RGB_BUF 18  67
RGB_BUF 19  37
RGB_BUF 20  28
RGB_BUF 21  43
RGB_BUF 22  50
RGB_BUF 23  28
RGB_BUF 24  214
RGB_BUF 25  49
RGB_BUF 26  46
RGB_BUF 27  32
RGB_BUF 28  55
RGB_BUF 29  52
RGB_BUF 30  46
RGB_BUF 31  49
RGB_BUF 32  96
RGB_BUF 33  7
RGB_BUF 34  44
RGB_BUF 35  51
RGB_BUF 36  51
RGB_BUF 37  45
RGB_BUF 38  51
RGB_BUF 39  53
RGB_BUF 40  6
RGB_BUF 41  140
RGB_BUF 42  43
RGB_BUF 43  35
RGB_BUF 44  32
RGB_BUF 45  42
RGB_BUF 46  33
RGB_BUF 47  54
RGB_BUF 48  97
RGB_BUF 49  21
RGB_BUF 50  22
RGB_BUF 51  27
RGB_BUF 52  29
RGB_BUF 53  49
RGB_BUF 54  42
RGB_BUF 55  29
RGB_BUF 56  32
RGB_BUF 57  24
RGB_BUF 58  29
RGB_BUF 59  20
RGB_BUF 60  32
RGB_BUF 61  31
RGB_BUF 62  39
RGB_BUF 63  45
0
INFO: [SIM 1] CSim done with 0 errors.
INFO: [SIM 3] *************** CSIM finish ***************
