   Build using "/home/tools/Xilinx/Vivado/2017.4/lnx64/tools/gcc/bin/g++"
   Compiling apatb_decode_start_f2r_vectorPh_s2e_forBody96Preheader.cpp
   Compiling (apcc) jpeg2bmp.c_pre.c.tb.c
INFO: [HLS 200-10] Running '/home/tools/Xilinx/Vivado/2017.4/bin/unwrapped/lnx64.o/apcc'
INFO: [HLS 200-10] For user 'giorgio' on host 'legolas.cs.columbia.edu' (Linux_x86_64 version 3.10.0-514.el7.x86_64) on Tue May 15 20:05:06 EDT 2018
INFO: [HLS 200-10] On os "CentOS Linux release 7.3.1611 (Core) "
INFO: [HLS 200-10] In directory '/home/giorgio/workspace/jpeg-rs-clean/syn/decode_start/OPT/sim/wrapc'
clang: warning: argument unused during compilation: '-fno-builtin-isinf'
clang: warning: argument unused during compilation: '-fno-builtin-isnan'
INFO: [APCC 202-3] Tmp directory is /tmp/apcc_db_giorgio/158631526429106545817
INFO: [APCC 202-1] APCC is done.
   Compiling (apcc) huffman.c_pre.c.tb.c
INFO: [HLS 200-10] Running '/home/tools/Xilinx/Vivado/2017.4/bin/unwrapped/lnx64.o/apcc'
INFO: [HLS 200-10] For user 'giorgio' on host 'legolas.cs.columbia.edu' (Linux_x86_64 version 3.10.0-514.el7.x86_64) on Tue May 15 20:05:09 EDT 2018
INFO: [HLS 200-10] On os "CentOS Linux release 7.3.1611 (Core) "
INFO: [HLS 200-10] In directory '/home/giorgio/workspace/jpeg-rs-clean/syn/decode_start/OPT/sim/wrapc'
clang: warning: argument unused during compilation: '-fno-builtin-isinf'
clang: warning: argument unused during compilation: '-fno-builtin-isnan'
INFO: [APCC 202-3] Tmp directory is /tmp/apcc_db_giorgio/159451526429109562924
INFO: [APCC 202-1] APCC is done.
   Compiling (apcc) decode.c_pre.c.tb.c
INFO: [HLS 200-10] Running '/home/tools/Xilinx/Vivado/2017.4/bin/unwrapped/lnx64.o/apcc'
INFO: [HLS 200-10] For user 'giorgio' on host 'legolas.cs.columbia.edu' (Linux_x86_64 version 3.10.0-514.el7.x86_64) on Tue May 15 20:05:12 EDT 2018
INFO: [HLS 200-10] On os "CentOS Linux release 7.3.1611 (Core) "
INFO: [HLS 200-10] In directory '/home/giorgio/workspace/jpeg-rs-clean/syn/decode_start/OPT/sim/wrapc'
clang: warning: argument unused during compilation: '-fno-builtin-isinf'
clang: warning: argument unused during compilation: '-fno-builtin-isnan'
INFO: [APCC 202-3] Tmp directory is /tmp/apcc_db_giorgio/160261526429112479540
INFO: [APCC 202-1] APCC is done.
   Compiling (apcc) init.c_pre.c.tb.c
INFO: [HLS 200-10] Running '/home/tools/Xilinx/Vivado/2017.4/bin/unwrapped/lnx64.o/apcc'
INFO: [HLS 200-10] For user 'giorgio' on host 'legolas.cs.columbia.edu' (Linux_x86_64 version 3.10.0-514.el7.x86_64) on Tue May 15 20:05:15 EDT 2018
INFO: [HLS 200-10] On os "CentOS Linux release 7.3.1611 (Core) "
INFO: [HLS 200-10] In directory '/home/giorgio/workspace/jpeg-rs-clean/syn/decode_start/OPT/sim/wrapc'
clang: warning: argument unused during compilation: '-fno-builtin-isinf'
clang: warning: argument unused during compilation: '-fno-builtin-isnan'
INFO: [APCC 202-3] Tmp directory is /tmp/apcc_db_giorgio/161071526429115826468
INFO: [APCC 202-1] APCC is done.
   Compiling (apcc) chenidct.c_pre.c.tb.c
INFO: [HLS 200-10] Running '/home/tools/Xilinx/Vivado/2017.4/bin/unwrapped/lnx64.o/apcc'
INFO: [HLS 200-10] For user 'giorgio' on host 'legolas.cs.columbia.edu' (Linux_x86_64 version 3.10.0-514.el7.x86_64) on Tue May 15 20:05:18 EDT 2018
INFO: [HLS 200-10] On os "CentOS Linux release 7.3.1611 (Core) "
INFO: [HLS 200-10] In directory '/home/giorgio/workspace/jpeg-rs-clean/syn/decode_start/OPT/sim/wrapc'
clang: warning: argument unused during compilation: '-fno-builtin-isinf'
clang: warning: argument unused during compilation: '-fno-builtin-isnan'
/home/giorgio/workspace/jpeg-rs-clean/src/chenidct.c:82:9: warning: implicitly declaring library function 'memcpy' with type 'void *(void *, const void *, unsigned long)'
        memcpy(inp1_buf, y + offset, 32 * sizeof(int));
        ^
/home/giorgio/workspace/jpeg-rs-clean/src/chenidct.c:82:9: note: please include the header <string.h> or explicitly provide a declaration for 'memcpy'
1 warning generated.
INFO: [APCC 202-3] Tmp directory is /tmp/apcc_db_giorgio/161911526429118782752
INFO: [APCC 202-1] APCC is done.
   Compiling (apcc) main.c_pre.c.tb.c
INFO: [HLS 200-10] Running '/home/tools/Xilinx/Vivado/2017.4/bin/unwrapped/lnx64.o/apcc'
INFO: [HLS 200-10] For user 'giorgio' on host 'legolas.cs.columbia.edu' (Linux_x86_64 version 3.10.0-514.el7.x86_64) on Tue May 15 20:05:21 EDT 2018
INFO: [HLS 200-10] On os "CentOS Linux release 7.3.1611 (Core) "
INFO: [HLS 200-10] In directory '/home/giorgio/workspace/jpeg-rs-clean/syn/decode_start/OPT/sim/wrapc'
clang: warning: argument unused during compilation: '-fno-builtin-isinf'
clang: warning: argument unused during compilation: '-fno-builtin-isnan'
INFO: [APCC 202-3] Tmp directory is /tmp/apcc_db_giorgio/162741526429121954594
INFO: [APCC 202-1] APCC is done.
   Compiling (apcc) jfif_read.c_pre.c.tb.c
INFO: [HLS 200-10] Running '/home/tools/Xilinx/Vivado/2017.4/bin/unwrapped/lnx64.o/apcc'
INFO: [HLS 200-10] For user 'giorgio' on host 'legolas.cs.columbia.edu' (Linux_x86_64 version 3.10.0-514.el7.x86_64) on Tue May 15 20:05:24 EDT 2018
INFO: [HLS 200-10] On os "CentOS Linux release 7.3.1611 (Core) "
INFO: [HLS 200-10] In directory '/home/giorgio/workspace/jpeg-rs-clean/syn/decode_start/OPT/sim/wrapc'
clang: warning: argument unused during compilation: '-fno-builtin-isinf'
clang: warning: argument unused during compilation: '-fno-builtin-isnan'
INFO: [APCC 202-3] Tmp directory is /tmp/apcc_db_giorgio/163561526429124712679
INFO: [APCC 202-1] APCC is done.
   Compiling (apcc) marker.c_pre.c.tb.c
INFO: [HLS 200-10] Running '/home/tools/Xilinx/Vivado/2017.4/bin/unwrapped/lnx64.o/apcc'
INFO: [HLS 200-10] For user 'giorgio' on host 'legolas.cs.columbia.edu' (Linux_x86_64 version 3.10.0-514.el7.x86_64) on Tue May 15 20:05:27 EDT 2018
INFO: [HLS 200-10] On os "CentOS Linux release 7.3.1611 (Core) "
INFO: [HLS 200-10] In directory '/home/giorgio/workspace/jpeg-rs-clean/syn/decode_start/OPT/sim/wrapc'
clang: warning: argument unused during compilation: '-fno-builtin-isinf'
clang: warning: argument unused during compilation: '-fno-builtin-isnan'
INFO: [APCC 202-3] Tmp directory is /tmp/apcc_db_giorgio/164371526429127532031
INFO: [APCC 202-1] APCC is done.
   Generating cosim.tv.exe
