                             latency        interval
transaction       0:            1252            1253
transaction       1:            1255            1256
transaction       2:            1255            1256
transaction       3:            1255            1256
transaction       4:            1255            1256
transaction       5:            1255            1256
transaction       6:            1255            1256
transaction       7:            1255            1256
transaction       8:            1255            1256
transaction       9:            1255            1256
transaction      10:            1255            1256
transaction      11:            1255            1256
transaction      12:            1255            1256
transaction      13:            1255            1256
transaction      14:            1255            1256
transaction      15:            1255            1256
transaction      16:            1255            1256
transaction      17:            1255            1256
transaction      18:            1255            1256
transaction      19:            1255            1256
transaction      20:            1255            1256
transaction      21:            1255            1256
transaction      22:            1255            1256
transaction      23:            1255            1256
transaction      24:            1255            1256
transaction      25:            1255            1256
transaction      26:            1255            1256
transaction      27:            1255            1256
transaction      28:            1255            1256
transaction      29:            1255            1256
transaction      30:            1255            1256
transaction      31:            1255            1256
transaction      32:            1255            1256
transaction      33:            1255            1256
transaction      34:            1255            1256
transaction      35:            1255            1256
transaction      36:            1255            1256
transaction      37:            1255            1256
transaction      38:            1255            1256
transaction      39:            1255            1256
transaction      40:            1255            1256
transaction      41:            1255            1256
transaction      42:            1255            1256
transaction      43:            1255            1256
transaction      44:            1255            1256
transaction      45:            1255            1256
transaction      46:            1255            1256
transaction      47:            1255            1256
transaction      48:            1255            1256
transaction      49:            1255            1256
transaction      50:            1255            1256
transaction      51:            1255            1256
transaction      52:            1255            1256
transaction      53:            1255            1256
transaction      54:            1255            1256
transaction      55:            1255            1256
transaction      56:            1255            1256
transaction      57:            1255            1256
transaction      58:            1255            1256
transaction      59:            1255            1256
transaction      60:            1255            1256
transaction      61:            1255            1256
transaction      62:            1255            1256
transaction      63:            1255            1256
transaction      64:            1255            1256
transaction      65:            1255            1256
transaction      66:            1255            1256
transaction      67:            1255            1256
transaction      68:            1255            1256
transaction      69:            1255            1256
transaction      70:            1255            1256
transaction      71:            1255            1256
transaction      72:            1255            1256
transaction      73:            1255            1256
transaction      74:            1255            1256
transaction      75:            1255            1256
transaction      76:            1255            1256
transaction      77:            1255            1256
transaction      78:            1255            1256
transaction      79:            1255            1256
transaction      80:            1255            1256
transaction      81:            1255            1256
transaction      82:            1255            1256
transaction      83:            1255            1256
transaction      84:            1255            1256
transaction      85:            1255            1256
transaction      86:            1255            1256
transaction      87:            1255            1256
transaction      88:            1255            1256
transaction      89:            1255            1256
transaction      90:            1255            1256
transaction      91:            1255            1256
transaction      92:            1255            1256
transaction      93:            1255            1256
transaction      94:            1255            1256
transaction      95:            1255            1256
transaction      96:            1255            1256
transaction      97:            1255            1256
transaction      98:            1255            1256
transaction      99:            1255            1256
transaction     100:            1255            1256
transaction     101:            1255            1256
transaction     102:            1255            1256
transaction     103:            1255            1256
transaction     104:            1255            1256
transaction     105:            1255            1256
transaction     106:            1255            1256
transaction     107:            1255            1256
transaction     108:            1255            1256
transaction     109:            1255            1256
transaction     110:            1255            1256
transaction     111:            1255            1256
transaction     112:            1255            1256
transaction     113:            1255            1256
transaction     114:            1255            1256
transaction     115:            1255            1256
transaction     116:            1255            1256
transaction     117:            1255            1256
transaction     118:            1255            1256
transaction     119:            1255            1256
transaction     120:            1255            1256
transaction     121:            1255            1256
transaction     122:            1255            1256
transaction     123:            1255            1256
transaction     124:            1255            1256
transaction     125:            1255            1256
transaction     126:            1255            1256
transaction     127:            1255            1256
transaction     128:            1255            1256
transaction     129:            1255            1256
transaction     130:            1255            1256
transaction     131:            1255            1256
transaction     132:            1255            1256
transaction     133:            1255            1256
transaction     134:            1255            1256
transaction     135:            1255            1256
transaction     136:            1255            1256
transaction     137:            1255            1256
transaction     138:            1255            1256
transaction     139:            1255            1256
transaction     140:            1255            1256
transaction     141:            1255            1256
transaction     142:            1255            1256
transaction     143:            1255               x
