Copyright 1986-2017 Xilinx, Inc. All Rights Reserved.
-----------------------------------------------------------------------------------------------------------------------------
| Tool Version : Vivado v.2017.4 (lin64) Build 2086221 Fri Dec 15 20:54:30 MST 2017
| Date         : Wed May  9 11:40:59 2018
| Host         : legolas running 64-bit CentOS Linux release 7.3.1611 (Core)
| Command      : report_utilization -file design_1_wrapper_utilization_placed.rpt -pb design_1_wrapper_utilization_placed.pb
| Design       : design_1_wrapper
| Device       : xczu9egffvb1156-2
| Design State : Fully Placed
-----------------------------------------------------------------------------------------------------------------------------

Utilization Design Information

Table of Contents
-----------------
1. CLB Logic
1.1 Summary of Registers by Type
2. CLB Logic Distribution
3. BLOCKRAM
4. ARITHMETIC
5. I/O
6. CLOCK
7. ADVANCED
8. CONFIGURATION
9. Primitives
10. Black Boxes
11. Instantiated Netlists

1. CLB Logic
------------

+----------------------------+-------+-------+-----------+-------+
|          Site Type         |  Used | Fixed | Available | Util% |
+----------------------------+-------+-------+-----------+-------+
| CLB LUTs                   | 17695 |     0 |    274080 |  6.46 |
|   LUT as Logic             | 17347 |     0 |    274080 |  6.33 |
|   LUT as Memory            |   348 |     0 |    144000 |  0.24 |
|     LUT as Distributed RAM |    56 |     0 |           |       |
|     LUT as Shift Register  |   292 |     0 |           |       |
| CLB Registers              | 26700 |     0 |    548160 |  4.87 |
|   Register as Flip Flop    | 26700 |     0 |    548160 |  4.87 |
|   Register as Latch        |     0 |     0 |    548160 |  0.00 |
| CARRY8                     |  1021 |     0 |     34260 |  2.98 |
| F7 Muxes                   |   407 |     0 |    137040 |  0.30 |
| F8 Muxes                   |     0 |     0 |     68520 |  0.00 |
| F9 Muxes                   |     0 |     0 |     34260 |  0.00 |
+----------------------------+-------+-------+-----------+-------+


1.1 Summary of Registers by Type
--------------------------------

+-------+--------------+-------------+--------------+
| Total | Clock Enable | Synchronous | Asynchronous |
+-------+--------------+-------------+--------------+
| 0     |            _ |           - |            - |
| 0     |            _ |           - |          Set |
| 0     |            _ |           - |        Reset |
| 0     |            _ |         Set |            - |
| 0     |            _ |       Reset |            - |
| 0     |          Yes |           - |            - |
| 33    |          Yes |           - |          Set |
| 69    |          Yes |           - |        Reset |
| 84    |          Yes |         Set |            - |
| 26514 |          Yes |       Reset |            - |
+-------+--------------+-------------+--------------+


2. CLB Logic Distribution
-------------------------

+-------------------------------------------+-------+-------+-----------+-------+
|                 Site Type                 |  Used | Fixed | Available | Util% |
+-------------------------------------------+-------+-------+-----------+-------+
| CLB                                       |  3928 |     0 |     34260 | 11.47 |
|   CLBL                                    |  1708 |     0 |           |       |
|   CLBM                                    |  2220 |     0 |           |       |
| LUT as Logic                              | 17347 |     0 |    274080 |  6.33 |
|   using O5 output only                    |   182 |       |           |       |
|   using O6 output only                    | 14188 |       |           |       |
|   using O5 and O6                         |  2977 |       |           |       |
| LUT as Memory                             |   348 |     0 |    144000 |  0.24 |
|   LUT as Distributed RAM                  |    56 |     0 |           |       |
|     using O5 output only                  |     0 |       |           |       |
|     using O6 output only                  |     0 |       |           |       |
|     using O5 and O6                       |    56 |       |           |       |
|   LUT as Shift Register                   |   292 |     0 |           |       |
|     using O5 output only                  |     0 |       |           |       |
|     using O6 output only                  |   172 |       |           |       |
|     using O5 and O6                       |   120 |       |           |       |
| LUT Flip Flop Pairs                       |  9181 |     0 |    274080 |  3.35 |
|   fully used LUT-FF pairs                 |  1026 |       |           |       |
|   LUT-FF pairs with one unused LUT output |  7533 |       |           |       |
|   LUT-FF pairs with one unused Flip Flop  |  6583 |       |           |       |
| Unique Control Sets                       |   763 |       |           |       |
+-------------------------------------------+-------+-------+-----------+-------+
* Note: Review the Control Sets Report for more information regarding control sets.


3. BLOCKRAM
-----------

+-------------------+------+-------+-----------+-------+
|     Site Type     | Used | Fixed | Available | Util% |
+-------------------+------+-------+-----------+-------+
| Block RAM Tile    |    2 |     0 |       912 |  0.22 |
|   RAMB36/FIFO*    |    0 |     0 |       912 |  0.00 |
|   RAMB18          |    4 |     0 |      1824 |  0.22 |
|     RAMB18E2 only |    4 |       |           |       |
+-------------------+------+-------+-----------+-------+
* Note: Each Block RAM Tile only has one FIFO logic available and therefore can accommodate only one FIFO36E2 or one FIFO18E2. However, if a FIFO18E2 occupies a Block RAM Tile, that tile can still accommodate a RAMB18E2


4. ARITHMETIC
-------------

+----------------+------+-------+-----------+-------+
|    Site Type   | Used | Fixed | Available | Util% |
+----------------+------+-------+-----------+-------+
| DSPs           |  192 |     0 |      2520 |  7.62 |
|   DSP48E2 only |  192 |       |           |       |
+----------------+------+-------+-----------+-------+


5. I/O
------

+------------------+------+-------+-----------+-------+
|     Site Type    | Used | Fixed | Available | Util% |
+------------------+------+-------+-----------+-------+
| Bonded IOB       |    0 |     0 |       328 |  0.00 |
| HPIOB_M          |    0 |     0 |        96 |  0.00 |
| HPIOB_S          |    0 |     0 |        96 |  0.00 |
| HDIOB_M          |    0 |     0 |        60 |  0.00 |
| HDIOB_S          |    0 |     0 |        60 |  0.00 |
| HPIOB_SNGL       |    0 |     0 |        16 |  0.00 |
| HPIOBDIFFINBUF   |    0 |     0 |        96 |  0.00 |
| HPIOBDIFFOUTBUF  |    0 |     0 |        96 |  0.00 |
| HDIOBDIFFINBUF   |    0 |     0 |        60 |  0.00 |
| BITSLICE_CONTROL |    0 |     0 |        32 |  0.00 |
| BITSLICE_RX_TX   |    0 |     0 |       208 |  0.00 |
| BITSLICE_TX      |    0 |     0 |        32 |  0.00 |
| RIU_OR           |    0 |     0 |        16 |  0.00 |
+------------------+------+-------+-----------+-------+


6. CLOCK
--------

+----------------------+------+-------+-----------+-------+
|       Site Type      | Used | Fixed | Available | Util% |
+----------------------+------+-------+-----------+-------+
| GLOBAL CLOCK BUFFERs |    5 |     0 |       404 |  1.24 |
|   BUFGCE             |    4 |     0 |       116 |  3.45 |
|   BUFGCE_DIV         |    0 |     0 |        16 |  0.00 |
|   BUFG_GT            |    0 |     0 |       168 |  0.00 |
|   BUFG_PS            |    1 |     0 |        72 |  1.39 |
|   BUFGCTRL*          |    0 |     0 |        32 |  0.00 |
| PLL                  |    0 |     0 |         8 |  0.00 |
| MMCM                 |    0 |     0 |         4 |  0.00 |
+----------------------+------+-------+-----------+-------+
* Note: Each used BUFGCTRL counts as two global buffer resources. This table does not include global clocking resources, only buffer cell usage. See the Clock Utilization Report (report_clock_utilization) for detailed accounting of global clocking resource availability.


7. ADVANCED
-----------

+-----------------+------+-------+-----------+--------+
|    Site Type    | Used | Fixed | Available |  Util% |
+-----------------+------+-------+-----------+--------+
| GTHE4_CHANNEL   |    0 |     0 |        24 |   0.00 |
| GTHE4_COMMON    |    0 |     0 |         6 |   0.00 |
| OBUFDS_GTE4     |    0 |     0 |        12 |   0.00 |
| OBUFDS_GTE4_ADV |    0 |     0 |        12 |   0.00 |
| PS8             |    1 |     0 |         1 | 100.00 |
| SYSMONE4        |    0 |     0 |         1 |   0.00 |
+-----------------+------+-------+-----------+--------+


8. CONFIGURATION
----------------

+-------------+------+-------+-----------+-------+
|  Site Type  | Used | Fixed | Available | Util% |
+-------------+------+-------+-----------+-------+
| BSCANE2     |    0 |     0 |         4 |  0.00 |
| DNA_PORTE2  |    0 |     0 |         1 |  0.00 |
| EFUSE_USR   |    0 |     0 |         1 |  0.00 |
| FRAME_ECCE4 |    0 |     0 |         1 |  0.00 |
| ICAPE3      |    0 |     0 |         2 |  0.00 |
| MASTER_JTAG |    0 |     0 |         1 |  0.00 |
| STARTUPE3   |    0 |     0 |         1 |  0.00 |
+-------------+------+-------+-----------+-------+


9. Primitives
-------------

+----------+-------+---------------------+
| Ref Name |  Used | Functional Category |
+----------+-------+---------------------+
| FDRE     | 26514 |            Register |
| LUT3     |  4856 |                 CLB |
| LUT2     |  4816 |                 CLB |
| LUT6     |  4648 |                 CLB |
| LUT5     |  2570 |                 CLB |
| LUT4     |  2318 |                 CLB |
| LUT1     |  1116 |                 CLB |
| CARRY8   |  1021 |                 CLB |
| MUXF7    |   407 |                 CLB |
| SRL16E   |   284 |                 CLB |
| DSP48E2  |   192 |          Arithmetic |
| SRLC32E  |   128 |                 CLB |
| RAMD32   |    98 |                 CLB |
| FDSE     |    84 |            Register |
| FDCE     |    69 |            Register |
| FDPE     |    33 |            Register |
| RAMS32   |    14 |                 CLB |
| RAMB18E2 |     4 |           Block Ram |
| BUFGCE   |     4 |               Clock |
| PS8      |     1 |            Advanced |
| BUFG_PS  |     1 |               Clock |
+----------+-------+---------------------+


10. Black Boxes
---------------

+----------+------+
| Ref Name | Used |
+----------+------+


11. Instantiated Netlists
-------------------------

+---------------------------------------------------------------+------+
|                            Ref Name                           | Used |
+---------------------------------------------------------------+------+
| design_1_zynq_ultra_ps_e_0_0                                  |    1 |
| design_1_xlconcat_0_0                                         |    1 |
| design_1_xbar_1                                               |    1 |
| design_1_xbar_0                                               |    1 |
| design_1_s02_mmu_0                                            |    1 |
| design_1_s01_mmu_0                                            |    1 |
| design_1_s00_mmu_0                                            |    1 |
| design_1_proc_sys_reset_0_0                                   |    1 |
| design_1_decode_start_f2r_vectorPh_s2e_forBody96Preheader_0_0 |    1 |
| design_1_auto_us_2                                            |    1 |
| design_1_auto_us_1                                            |    1 |
| design_1_auto_us_0                                            |    1 |
| design_1_auto_pc_0                                            |    1 |
| design_1_auto_ds_0                                            |    1 |
| design_1_ChenIDct_0_0                                         |    1 |
+---------------------------------------------------------------+------+


