INFO: [XSIM 43-3496] Using init file passed via -initfile option "/home/tools/Xilinx/Vivado/2017.4/data/xsim/ip/xsim_ip.ini".
Vivado Simulator 2017.4
Copyright 1986-1999, 2001-2016 Xilinx, Inc. All Rights Reserved.
Running: /home/tools/Xilinx/Vivado/2017.4/bin/unwrapped/lnx64.o/xelab xil_defaultlib.apatb_decode_start_f2r_vectorPh_s2e_forBody96Preheader_top glbl -prj decode_start_f2r_vectorPh_s2e_forBody96Preheader.prj -L smartconnect_v1_0 -L axi_protocol_checker_v1_1_12 -L axi_protocol_checker_v1_1_13 -L axis_protocol_checker_v1_1_11 -L axis_protocol_checker_v1_1_12 -L xil_defaultlib -L unisims_ver --initfile /home/tools/Xilinx/Vivado/2017.4/data/xsim/ip/xsim_ip.ini --lib ieee_proposed=./ieee_proposed -s decode_start_f2r_vectorPh_s2e_forBody96Preheader 
Multi-threading is on. Using 6 slave threads.
INFO: [VRFC 10-2263] Analyzing SystemVerilog file "/home/giorgio/workspace/jpeg-rs-clean/syn/decode_start/OPT/sim/verilog/glbl.v" into library work
INFO: [VRFC 10-311] analyzing module glbl
INFO: [VRFC 10-2263] Analyzing SystemVerilog file "/home/giorgio/workspace/jpeg-rs-clean/syn/decode_start/OPT/sim/verilog/decode_start_f2r_vectorPh_s2e_forBody96Preheader.autotb.v" into library xil_defaultlib
INFO: [VRFC 10-311] analyzing module apatb_decode_start_f2r_vectorPh_s2e_forBody96Preheader_top
INFO: [VRFC 10-2263] Analyzing SystemVerilog file "/home/giorgio/workspace/jpeg-rs-clean/syn/decode_start/OPT/sim/verilog/AESL_axi_master_BUS_SRC.v" into library xil_defaultlib
INFO: [VRFC 10-311] analyzing module AESL_axi_master_BUS_SRC
INFO: [VRFC 10-2263] Analyzing SystemVerilog file "/home/giorgio/workspace/jpeg-rs-clean/syn/decode_start/OPT/sim/verilog/AESL_axi_master_BUS_DST.v" into library xil_defaultlib
INFO: [VRFC 10-311] analyzing module AESL_axi_master_BUS_DST
INFO: [VRFC 10-2263] Analyzing SystemVerilog file "/home/giorgio/workspace/jpeg-rs-clean/syn/decode_start/OPT/sim/verilog/AESL_axi_slave_BUS_CTRL.v" into library xil_defaultlib
INFO: [VRFC 10-311] analyzing module AESL_axi_slave_BUS_CTRL
INFO: [VRFC 10-2263] Analyzing SystemVerilog file "/home/giorgio/workspace/jpeg-rs-clean/syn/decode_start/OPT/sim/verilog/decode_start_f2r_vectorPh_s2e_forBody96Preheader.v" into library xil_defaultlib
INFO: [VRFC 10-311] analyzing module decode_start_f2r_vectorPh_s2e_forBody96Preheader
INFO: [VRFC 10-2263] Analyzing SystemVerilog file "/home/giorgio/workspace/jpeg-rs-clean/syn/decode_start/OPT/sim/verilog/decode_start_f2r_bkb.v" into library xil_defaultlib
INFO: [VRFC 10-311] analyzing module decode_start_f2r_bkb_MulnS_0
INFO: [VRFC 10-311] analyzing module decode_start_f2r_bkb
INFO: [VRFC 10-2263] Analyzing SystemVerilog file "/home/giorgio/workspace/jpeg-rs-clean/syn/decode_start/OPT/sim/verilog/decode_start_f2r_cud.v" into library xil_defaultlib
INFO: [VRFC 10-311] analyzing module decode_start_f2r_cud_MulnS_1
INFO: [VRFC 10-311] analyzing module decode_start_f2r_cud
INFO: [VRFC 10-2263] Analyzing SystemVerilog file "/home/giorgio/workspace/jpeg-rs-clean/syn/decode_start/OPT/sim/verilog/decode_start_f2r_dEe.v" into library xil_defaultlib
INFO: [VRFC 10-311] analyzing module decode_start_f2r_dEe_MulnS_2
INFO: [VRFC 10-311] analyzing module decode_start_f2r_dEe
INFO: [VRFC 10-2263] Analyzing SystemVerilog file "/home/giorgio/workspace/jpeg-rs-clean/syn/decode_start/OPT/sim/verilog/decode_start_f2r_eOg.v" into library xil_defaultlib
INFO: [VRFC 10-311] analyzing module decode_start_f2r_eOg
INFO: [VRFC 10-2263] Analyzing SystemVerilog file "/home/giorgio/workspace/jpeg-rs-clean/syn/decode_start/OPT/sim/verilog/decode_start_f2r_vectorPh_s2e_forBody96Preheader_BUS_CTRL_s_axi.v" into library xil_defaultlib
INFO: [VRFC 10-311] analyzing module decode_start_f2r_vectorPh_s2e_forBody96Preheader_BUS_CTRL_s_axi
INFO: [VRFC 10-2263] Analyzing SystemVerilog file "/home/giorgio/workspace/jpeg-rs-clean/syn/decode_start/OPT/sim/verilog/decode_start_f2r_vectorPh_s2e_forBody96Preheader_BUS_SRC_m_axi.v" into library xil_defaultlib
INFO: [VRFC 10-311] analyzing module decode_start_f2r_vectorPh_s2e_forBody96Preheader_BUS_SRC_m_axi
INFO: [VRFC 10-311] analyzing module decode_start_f2r_vectorPh_s2e_forBody96Preheader_BUS_SRC_m_axi_reg_slice
INFO: [VRFC 10-311] analyzing module decode_start_f2r_vectorPh_s2e_forBody96Preheader_BUS_SRC_m_axi_fifo
INFO: [VRFC 10-311] analyzing module decode_start_f2r_vectorPh_s2e_forBody96Preheader_BUS_SRC_m_axi_buffer
INFO: [VRFC 10-311] analyzing module decode_start_f2r_vectorPh_s2e_forBody96Preheader_BUS_SRC_m_axi_decoder
INFO: [VRFC 10-311] analyzing module decode_start_f2r_vectorPh_s2e_forBody96Preheader_BUS_SRC_m_axi_throttl
INFO: [VRFC 10-311] analyzing module decode_start_f2r_vectorPh_s2e_forBody96Preheader_BUS_SRC_m_axi_read
INFO: [VRFC 10-311] analyzing module decode_start_f2r_vectorPh_s2e_forBody96Preheader_BUS_SRC_m_axi_write
INFO: [VRFC 10-2458] undeclared symbol data_valid, assumed default net type wire [/home/giorgio/workspace/jpeg-rs-clean/syn/decode_start/OPT/sim/verilog/decode_start_f2r_vectorPh_s2e_forBody96Preheader_BUS_SRC_m_axi.v:2075]
INFO: [VRFC 10-2263] Analyzing SystemVerilog file "/home/giorgio/workspace/jpeg-rs-clean/syn/decode_start/OPT/sim/verilog/decode_start_f2r_vectorPh_s2e_forBody96Preheader_BUS_DST_m_axi.v" into library xil_defaultlib
INFO: [VRFC 10-311] analyzing module decode_start_f2r_vectorPh_s2e_forBody96Preheader_BUS_DST_m_axi
INFO: [VRFC 10-311] analyzing module decode_start_f2r_vectorPh_s2e_forBody96Preheader_BUS_DST_m_axi_reg_slice
INFO: [VRFC 10-311] analyzing module decode_start_f2r_vectorPh_s2e_forBody96Preheader_BUS_DST_m_axi_fifo
INFO: [VRFC 10-311] analyzing module decode_start_f2r_vectorPh_s2e_forBody96Preheader_BUS_DST_m_axi_buffer
INFO: [VRFC 10-311] analyzing module decode_start_f2r_vectorPh_s2e_forBody96Preheader_BUS_DST_m_axi_decoder
INFO: [VRFC 10-311] analyzing module decode_start_f2r_vectorPh_s2e_forBody96Preheader_BUS_DST_m_axi_throttl
INFO: [VRFC 10-311] analyzing module decode_start_f2r_vectorPh_s2e_forBody96Preheader_BUS_DST_m_axi_read
INFO: [VRFC 10-311] analyzing module decode_start_f2r_vectorPh_s2e_forBody96Preheader_BUS_DST_m_axi_write
INFO: [VRFC 10-2458] undeclared symbol data_valid, assumed default net type wire [/home/giorgio/workspace/jpeg-rs-clean/syn/decode_start/OPT/sim/verilog/decode_start_f2r_vectorPh_s2e_forBody96Preheader_BUS_DST_m_axi.v:2075]
Starting static elaboration
Completed static elaboration
Starting simulation data flow analysis
Completed simulation data flow analysis
Time Resolution for simulation is 1ps
Compiling module xil_defaultlib.decode_start_f2r_vectorPh_s2e_fo...
Compiling module xil_defaultlib.decode_start_f2r_vectorPh_s2e_fo...
Compiling module xil_defaultlib.decode_start_f2r_vectorPh_s2e_fo...
Compiling module xil_defaultlib.decode_start_f2r_vectorPh_s2e_fo...
Compiling module xil_defaultlib.decode_start_f2r_vectorPh_s2e_fo...
Compiling module xil_defaultlib.decode_start_f2r_vectorPh_s2e_fo...
Compiling module xil_defaultlib.decode_start_f2r_vectorPh_s2e_fo...
Compiling module xil_defaultlib.decode_start_f2r_vectorPh_s2e_fo...
Compiling module xil_defaultlib.decode_start_f2r_vectorPh_s2e_fo...
Compiling module xil_defaultlib.decode_start_f2r_vectorPh_s2e_fo...
Compiling module xil_defaultlib.decode_start_f2r_vectorPh_s2e_fo...
Compiling module xil_defaultlib.decode_start_f2r_vectorPh_s2e_fo...
Compiling module xil_defaultlib.decode_start_f2r_vectorPh_s2e_fo...
Compiling module xil_defaultlib.decode_start_f2r_vectorPh_s2e_fo...
Compiling module xil_defaultlib.decode_start_f2r_vectorPh_s2e_fo...
Compiling module xil_defaultlib.decode_start_f2r_vectorPh_s2e_fo...
Compiling module xil_defaultlib.decode_start_f2r_vectorPh_s2e_fo...
Compiling module xil_defaultlib.decode_start_f2r_vectorPh_s2e_fo...
Compiling module xil_defaultlib.decode_start_f2r_vectorPh_s2e_fo...
Compiling module xil_defaultlib.decode_start_f2r_vectorPh_s2e_fo...
Compiling module xil_defaultlib.decode_start_f2r_vectorPh_s2e_fo...
Compiling module xil_defaultlib.decode_start_f2r_vectorPh_s2e_fo...
Compiling module xil_defaultlib.decode_start_f2r_vectorPh_s2e_fo...
Compiling module xil_defaultlib.decode_start_f2r_vectorPh_s2e_fo...
Compiling module xil_defaultlib.decode_start_f2r_vectorPh_s2e_fo...
Compiling module xil_defaultlib.decode_start_f2r_bkb_MulnS_0
Compiling module xil_defaultlib.decode_start_f2r_bkb(ID=1,NUM_ST...
Compiling module xil_defaultlib.decode_start_f2r_cud_MulnS_1
Compiling module xil_defaultlib.decode_start_f2r_cud(ID=1,NUM_ST...
Compiling module xil_defaultlib.decode_start_f2r_dEe_MulnS_2
Compiling module xil_defaultlib.decode_start_f2r_dEe(ID=1,NUM_ST...
Compiling module xil_defaultlib.decode_start_f2r_eOg(ID=1,din32_...
Compiling module xil_defaultlib.decode_start_f2r_vectorPh_s2e_fo...
Compiling module xil_defaultlib.AESL_axi_master_BUS_SRC
Compiling module xil_defaultlib.AESL_axi_master_BUS_DST
Compiling module xil_defaultlib.AESL_axi_slave_BUS_CTRL
Compiling module xil_defaultlib.apatb_decode_start_f2r_vectorPh_...
Compiling module work.glbl
Built simulation snapshot decode_start_f2r_vectorPh_s2e_forBody96Preheader
