19:30:42 INFO  : Registering command handlers for SDK TCF services
19:30:45 INFO  : Launching XSCT server: xsct -n -interactive /home/giorgio/workspace/jpeg-rs-clean/sys/sdk_acp/temp_xsdb_launch_script.tcl
19:30:46 INFO  : XSCT server has started successfully.
19:30:46 INFO  : Successfully done setting XSCT server connection channel  
19:30:47 INFO  : Successfully done setting SDK workspace  
19:30:47 INFO  : Processing command line option -hwspec /home/giorgio/workspace/jpeg-rs-clean/sys/sdk_acp/design_1_wrapper.hdf.
19:40:18 INFO  : Connected to target on host 'espdev.cs.columbia.edu' and port '3123'.
19:40:18 INFO  : 'targets -set -filter {jtag_cable_name =~ "Digilent JTAG-SMT2NC 210308A46A4B" && level==0} -index 0' command is executed.
19:40:33 INFO  : FPGA configured successfully with bitstream "/home/giorgio/workspace/jpeg-rs-clean/sys/sdk_acp/design_1_wrapper_hw_platform_0/design_1_wrapper.bit"
19:42:01 INFO  : Connected to target on host 'espdev.cs.columbia.edu' and port '3123'.
19:42:02 INFO  : Jtag cable 'Digilent JTAG-SMT2NC 210308A46A4B' is selected.
19:42:02 INFO  : 'jtag frequency' command is executed.
19:42:02 INFO  : Sourcing of '/home/tools/Xilinx/SDK/2017.4/scripts/sdk/util/zynqmp_utils.tcl' is done.
19:42:02 INFO  : Context for 'APU' is selected.
19:42:02 INFO  : Hardware design information is loaded from '/home/giorgio/workspace/jpeg-rs-clean/sys/sdk_acp/design_1_wrapper_hw_platform_0/system.hdf'.
19:42:02 INFO  : 'configparams force-mem-access 1' command is executed.
19:42:02 INFO  : Context for 'APU' is selected.
19:42:02 INFO  : Sourcing of '/home/giorgio/workspace/jpeg-rs-clean/sys/sdk_acp/design_1_wrapper_hw_platform_0/psu_init.tcl' is done.
19:42:03 INFO  : 'psu_init' command is executed.
19:42:04 INFO  : 'after 1000' command is executed.
19:42:04 INFO  : 'psu_ps_pl_isolation_removal' command is executed.
19:42:05 INFO  : 'after 1000' command is executed.
19:42:06 INFO  : 'psu_ps_pl_reset_config' command is executed.
19:42:06 INFO  : 'catch {psu_protection}' command is executed.
19:42:06 INFO  : Context for processor 'psu_cortexa53_0' is selected.
19:42:06 INFO  : Processor reset is completed for 'psu_cortexa53_0'.
19:42:06 INFO  : The application '/home/giorgio/workspace/jpeg-rs-clean/sys/sdk_acp/jpeg-rs/Debug/jpeg-rs.elf' is downloaded to processor 'psu_cortexa53_0'.
19:42:06 INFO  : 'configparams force-mem-access 0' command is executed.
19:42:06 INFO  : ----------------XSDB Script----------------
connect -url tcp:espdev.cs.columbia.edu:3123
source /home/tools/Xilinx/SDK/2017.4/scripts/sdk/util/zynqmp_utils.tcl
targets -set -nocase -filter {name =~"APU*" && jtag_cable_name =~ "Digilent JTAG-SMT2NC 210308A46A4B"} -index 1
loadhw -hw /home/giorgio/workspace/jpeg-rs-clean/sys/sdk_acp/design_1_wrapper_hw_platform_0/system.hdf -mem-ranges [list {0x80000000 0xbfffffff} {0x400000000 0x5ffffffff} {0x1000000000 0x7fffffffff}]
configparams force-mem-access 1
targets -set -nocase -filter {name =~"APU*" && jtag_cable_name =~ "Digilent JTAG-SMT2NC 210308A46A4B"} -index 1
source /home/giorgio/workspace/jpeg-rs-clean/sys/sdk_acp/design_1_wrapper_hw_platform_0/psu_init.tcl
psu_init
after 1000
psu_ps_pl_isolation_removal
after 1000
psu_ps_pl_reset_config
catch {psu_protection}
targets -set -nocase -filter {name =~"*A53*0" && jtag_cable_name =~ "Digilent JTAG-SMT2NC 210308A46A4B"} -index 1
rst -processor
dow /home/giorgio/workspace/jpeg-rs-clean/sys/sdk_acp/jpeg-rs/Debug/jpeg-rs.elf
configparams force-mem-access 0
----------------End of Script----------------

19:42:06 INFO  : Context for processor 'psu_cortexa53_0' is selected.
19:42:06 INFO  : 'con' command is executed.
19:42:06 INFO  : ----------------XSDB Script (After Launch)----------------
targets -set -nocase -filter {name =~"*A53*0" && jtag_cable_name =~ "Digilent JTAG-SMT2NC 210308A46A4B"} -index 1
con
----------------End of Script----------------

19:42:06 INFO  : Launch script is exported to file '/home/giorgio/workspace/jpeg-rs-clean/sys/sdk_acp/.sdk/launch_scripts/xilinx_c-c++_application_(system_debugger)/system_debugger_using_debug_jpeg-rs.elf_on_espdev.cs.columbia.edu2.tcl'
19:42:23 INFO  : Disconnected from the channel tcfchan#1.
19:42:24 INFO  : Connected to target on host 'espdev.cs.columbia.edu' and port '3123'.
19:42:29 INFO  : Jtag cable 'Digilent JTAG-SMT2NC 210308A46A4B' is selected.
19:42:29 INFO  : 'jtag frequency' command is executed.
19:42:29 INFO  : Sourcing of '/home/tools/Xilinx/SDK/2017.4/scripts/sdk/util/zynqmp_utils.tcl' is done.
19:42:29 INFO  : Context for 'APU' is selected.
19:42:29 INFO  : Hardware design information is loaded from '/home/giorgio/workspace/jpeg-rs-clean/sys/sdk_acp/design_1_wrapper_hw_platform_0/system.hdf'.
19:42:29 INFO  : 'configparams force-mem-access 1' command is executed.
19:42:29 INFO  : Context for 'APU' is selected.
19:42:29 INFO  : Sourcing of '/home/giorgio/workspace/jpeg-rs-clean/sys/sdk_acp/design_1_wrapper_hw_platform_0/psu_init.tcl' is done.
19:42:31 INFO  : 'psu_init' command is executed.
19:42:32 INFO  : 'after 1000' command is executed.
19:42:32 INFO  : 'psu_ps_pl_isolation_removal' command is executed.
19:42:33 INFO  : 'after 1000' command is executed.
19:42:33 INFO  : 'psu_ps_pl_reset_config' command is executed.
19:42:33 INFO  : 'catch {psu_protection}' command is executed.
19:42:33 INFO  : Context for processor 'psu_cortexa53_0' is selected.
19:42:33 INFO  : Processor reset is completed for 'psu_cortexa53_0'.
19:42:34 INFO  : The application '/home/giorgio/workspace/jpeg-rs-clean/sys/sdk_acp/jpeg-rs/Debug/jpeg-rs.elf' is downloaded to processor 'psu_cortexa53_0'.
19:42:34 INFO  : 'configparams force-mem-access 0' command is executed.
19:42:34 INFO  : ----------------XSDB Script----------------
connect -url tcp:espdev.cs.columbia.edu:3123
source /home/tools/Xilinx/SDK/2017.4/scripts/sdk/util/zynqmp_utils.tcl
targets -set -nocase -filter {name =~"APU*" && jtag_cable_name =~ "Digilent JTAG-SMT2NC 210308A46A4B"} -index 1
loadhw -hw /home/giorgio/workspace/jpeg-rs-clean/sys/sdk_acp/design_1_wrapper_hw_platform_0/system.hdf -mem-ranges [list {0x80000000 0xbfffffff} {0x400000000 0x5ffffffff} {0x1000000000 0x7fffffffff}]
configparams force-mem-access 1
targets -set -nocase -filter {name =~"APU*" && jtag_cable_name =~ "Digilent JTAG-SMT2NC 210308A46A4B"} -index 1
source /home/giorgio/workspace/jpeg-rs-clean/sys/sdk_acp/design_1_wrapper_hw_platform_0/psu_init.tcl
psu_init
after 1000
psu_ps_pl_isolation_removal
after 1000
psu_ps_pl_reset_config
catch {psu_protection}
targets -set -nocase -filter {name =~"*A53*0" && jtag_cable_name =~ "Digilent JTAG-SMT2NC 210308A46A4B"} -index 1
rst -processor
dow /home/giorgio/workspace/jpeg-rs-clean/sys/sdk_acp/jpeg-rs/Debug/jpeg-rs.elf
configparams force-mem-access 0
----------------End of Script----------------

19:42:34 INFO  : Context for processor 'psu_cortexa53_0' is selected.
19:42:34 INFO  : 'con' command is executed.
19:42:34 INFO  : ----------------XSDB Script (After Launch)----------------
targets -set -nocase -filter {name =~"*A53*0" && jtag_cable_name =~ "Digilent JTAG-SMT2NC 210308A46A4B"} -index 1
con
----------------End of Script----------------

19:42:34 INFO  : Launch script is exported to file '/home/giorgio/workspace/jpeg-rs-clean/sys/sdk_acp/.sdk/launch_scripts/xilinx_c-c++_application_(system_debugger)/system_debugger_using_debug_jpeg-rs.elf_on_espdev.cs.columbia.edu2.tcl'
19:43:07 INFO  : Disconnected from the channel tcfchan#2.
19:43:08 INFO  : Connected to target on host 'espdev.cs.columbia.edu' and port '3123'.
19:43:13 INFO  : Jtag cable 'Digilent JTAG-SMT2NC 210308A46A4B' is selected.
19:43:13 INFO  : 'jtag frequency' command is executed.
19:43:13 INFO  : Sourcing of '/home/tools/Xilinx/SDK/2017.4/scripts/sdk/util/zynqmp_utils.tcl' is done.
19:43:13 INFO  : Context for 'APU' is selected.
19:43:13 INFO  : Hardware design information is loaded from '/home/giorgio/workspace/jpeg-rs-clean/sys/sdk_acp/design_1_wrapper_hw_platform_0/system.hdf'.
19:43:13 INFO  : 'configparams force-mem-access 1' command is executed.
19:43:13 INFO  : Context for 'APU' is selected.
19:43:13 INFO  : Sourcing of '/home/giorgio/workspace/jpeg-rs-clean/sys/sdk_acp/design_1_wrapper_hw_platform_0/psu_init.tcl' is done.
19:43:15 INFO  : 'psu_init' command is executed.
19:43:16 INFO  : 'after 1000' command is executed.
19:43:16 INFO  : 'psu_ps_pl_isolation_removal' command is executed.
19:43:17 INFO  : 'after 1000' command is executed.
19:43:17 INFO  : 'psu_ps_pl_reset_config' command is executed.
19:43:17 INFO  : 'catch {psu_protection}' command is executed.
19:43:17 INFO  : Context for processor 'psu_cortexa53_0' is selected.
19:43:17 INFO  : Processor reset is completed for 'psu_cortexa53_0'.
19:43:18 INFO  : The application '/home/giorgio/workspace/jpeg-rs-clean/sys/sdk_acp/jpeg-rs/Debug/jpeg-rs.elf' is downloaded to processor 'psu_cortexa53_0'.
19:43:18 INFO  : 'configparams force-mem-access 0' command is executed.
19:43:18 INFO  : ----------------XSDB Script----------------
connect -url tcp:espdev.cs.columbia.edu:3123
source /home/tools/Xilinx/SDK/2017.4/scripts/sdk/util/zynqmp_utils.tcl
targets -set -nocase -filter {name =~"APU*" && jtag_cable_name =~ "Digilent JTAG-SMT2NC 210308A46A4B"} -index 1
loadhw -hw /home/giorgio/workspace/jpeg-rs-clean/sys/sdk_acp/design_1_wrapper_hw_platform_0/system.hdf -mem-ranges [list {0x80000000 0xbfffffff} {0x400000000 0x5ffffffff} {0x1000000000 0x7fffffffff}]
configparams force-mem-access 1
targets -set -nocase -filter {name =~"APU*" && jtag_cable_name =~ "Digilent JTAG-SMT2NC 210308A46A4B"} -index 1
source /home/giorgio/workspace/jpeg-rs-clean/sys/sdk_acp/design_1_wrapper_hw_platform_0/psu_init.tcl
psu_init
after 1000
psu_ps_pl_isolation_removal
after 1000
psu_ps_pl_reset_config
catch {psu_protection}
targets -set -nocase -filter {name =~"*A53*0" && jtag_cable_name =~ "Digilent JTAG-SMT2NC 210308A46A4B"} -index 1
rst -processor
dow /home/giorgio/workspace/jpeg-rs-clean/sys/sdk_acp/jpeg-rs/Debug/jpeg-rs.elf
configparams force-mem-access 0
----------------End of Script----------------

19:43:18 INFO  : Context for processor 'psu_cortexa53_0' is selected.
19:43:18 INFO  : 'con' command is executed.
19:43:18 INFO  : ----------------XSDB Script (After Launch)----------------
targets -set -nocase -filter {name =~"*A53*0" && jtag_cable_name =~ "Digilent JTAG-SMT2NC 210308A46A4B"} -index 1
con
----------------End of Script----------------

19:43:18 INFO  : Launch script is exported to file '/home/giorgio/workspace/jpeg-rs-clean/sys/sdk_acp/.sdk/launch_scripts/xilinx_c-c++_application_(system_debugger)/system_debugger_using_debug_jpeg-rs.elf_on_espdev.cs.columbia.edu2.tcl'
19:50:29 INFO  : Disconnected from the channel tcfchan#3.
